$GNRMC,003143.80,A,6019.17333,N,02449.84901,E,0.026,,070126,,,R,V*08
$GNRMC,003144.00,A,6019.17333,N,02449.84901,E,0.030,,070126,,,R,V*00
$GNVTG,,T,,M,0.030,N,0.056,K,D*38
$GNVTG,,T,,M,0.014,N,0.026,K,D*39
$GNRMC,003144.70,A,6019.17333,N,02449.84901,E,0.014,,070126,,,R,V*01
$GNVTG,,T,,M,0.020,N,0.037,K,D*3E
$GNRMC,003145.00,A,6019.17332,N,02449.84901,E,0.019,,070126,,,R,V*0B
$GNVTG,,T,,M,0.019,N,0.035,K,D*36
$GNRMC,003145.40,A,6019.17332,N,02449.84901,E,0.008,,070126,,,R,V*0F
$GNVTG,,T,,M,0.008,N,0.014,K,D*35
$GNRMC,003145.60,A,6019.17332,N,02449.84901,E,0.013,,070126,,,R,V*07
$GNVTG,,T,,M,0.013,N,0.024,K,D*3C
$GNRMC,003145.80,A,6019.17332,N,02449.84901,E,0.010,,070126,,,R,V*0A
$GNRMC,003146.00,A,6019.17332,N,02449.84901,E,0.005,,070126,,,R,V*05
$GNRMC,003146.30,A,6019.17332,N,02449.84901,E,0.008,,070126,,,R,V*0B
$GNVTG,,T,,M,0.001,N,0.002,K,D*3B
$GNRMC,003146.60,A,6019.17332,N,02449.84901,E,0.017,,070126,,,R,V*00
$GNRMC,003146.80,A,6019.17332,N,02449.84901,E,0.016,,070126,,,R,V*0F
$GNVTG,,T,,M,0.016,N,0.030,K,D*3C
$GNRMC,003147.10,A,6019.17332,N,02449.84901,E,0.035,,070126,,,R,V*06
$GNVTG,,T,,M,0.035,N,0.064,K,D*3C
$GNRMC,003147.40,A,6019.17332,N,02449.84901,E,0.002,,070126,,,R,V*07
$GNVTG,,T,,M,0.002,N,0.004,K,D*3E
$GNRMC,003147.60,A,6019.17332,N,02449.84901,E,0.025,,070126,,,R,V*00
$GNRMC,003147.70,A,6019.17332,N,02449.84901,E,0.015,,070126,,,R,V*02
$GNVTG,,T,,M,0.015,N,0.028,K,D*36
$GNVTG,,T,,M,0.023,N,0.043,K,D*3E
$GNRMC,003148.00,A,6019.17332,N,02449.84901,E,0.017,,070126,,,R,V*08
$GPGSV,4,1,13,02,10,163,24,03,84,159,50,04,48,209,45,06,27,310,41,1*63
$GNRMC,003148.50,A,6019.17332,N,02449.84901,E,0.019,,070126,,,R,V*03
$GNVTG,,T,,M,0.015,N,0.027,K,D*39
$GNRMC,003148.80,A,6019.17332,N,02449.84901,E,0.017,,070126,,,R,V*00
$GNVTG,,T,,M,0.026,N,0.047,K,D*3F
$GNRMC,003149.10,A,6019.17332,N,02449.84901,E,0.009,,070126,,,R,V*07
$GNVTG,,T,,M,0.009,N,0.016,K,D*36
$GNRMC,003149.30,A,6019.17332,N,02449.84902,E,0.014,,070126,,,R,V*0A
$GNRMC,003149.50,A,6019.17332,N,02449.84901,E,0.018,,070126,,,R,V*03
$GNRMC,003149.70,A,6019.17332,N,02449.84902,E,0.016,,070126,,,R,V*0C
$GNVTG,,T,,M,0.010,N,0.018,K,D*30
$GNRMC,003150.00,A,6019.17332,N,02449.84902,E,0.027,,070126,,,R,V*01
$GNVTG,,T,,M,0.013,N,0.025,K,D*3D
$GNVTG,,T,,M,0.007,N,0.014,K,D*3A
$GNRMC,003150.50,A,6019.17332,N,02449.84902,E,0.014,,070126,,,R,V*04
$GNRMC,003150.70,A,6019.17332,N,02449.84902,E,0.013,,070126,,,R,V*01
$GNRMC,003150.80,A,6019.17332,N,02449.84902,E,0.005,,070126,,,R,V*09
$GNRMC,003151.00,A,6019.17332,N,02449.84902,E,0.032,,070126,,,R,V*04
$GNVTG,,T,,M,0.032,N,0.059,K,D*35
$GNRMC,003151.20,A,6019.17332,N,02449.84902,E,0.026,,070126,,,R,V*03
$GNVTG,,T,,M,0.026,N,0.048,K,D*30
$GNRMC,003151.40,A,6019.17332,N,02449.84902,E,0.020,,070126,,,R,V*03
$GNRMC,003151.60,A,6019.17332,N,02449.84902,E,0.012,,070126,,,R,V*00
$GNRMC,003152.00,A,6019.17332,N,02449.84902,E,0.016,,070126,,,R,V*01
$GNRMC,003152.40,A,6019.17332,N,02449.84902,E,0.018,,070126,,,R,V*0B
$GNVTG,,T,,M,0.018,N,0.033,K,D*31
$GNRMC,003152.80,A,6019.17332,N,02449.84902,E,0.015,,070126,,,R,V*0A
$GNRMC,003152.90,A,6019.17332,N,02449.84902,E,0.015,,070126,,,R,V*0B
$GNRMC,003153.10,A,6019.17332,N,02449.84902,E,0.006,,070126,,,R,V*00
$GNVTG,,T,,M,0.006,N,0.011,K,D*3E
$GNRMC,003153.40,A,6019.17332,N,02449.84902,E,0.009,,070126,,,R,V*0A
$GNVTG,,T,,M,0.009,N,0.017,K,D*37
$GNTXT,01,01,00,txbuf alloc*61
$GNRMC,003153.60,A,6019.17332,N,02449.84902,E,0.015,,070126,,,R,V*05
$GNRMC,003153.80,A,6019.17332,N,02449.84902,E,0.007,,070126,,,R,V*08
$GNRMC,003154.00,A,6019.17332,N,02449.84902,E,0.034,,070126,,,R,V*07
$GNRMC,003154.20,A,6019.17332,N,02449.84901,E,0.053,,070126,,,R,V*07
$GNRMC,003154.40,A,6019.17332,N,02449.84901,E,0.009,,070126,,,R,V*0E
$GNVTG,,T,,M,0.009,N,0.018,K,D*38
$GNRMC,003154.60,A,6019.17332,N,02449.84901,E,0.005,,070126,,,R,V*00
$GNRMC,003154.80,A,6019.17332,N,02449.84901,E,0.028,,070126,,,R,V*01
$GNVTG,,T,,M,0.028,N,0.052,K,D*35
$GNRMC,003155.00,A,6019.17332,N,02449.84901,E,0.013,,070126,,,R,V*00
$GNVTG,,T,,M,0.013,N,0.024,K,D*3C
$GNRMC,003155.40,A,6019.17332,N,02449.84901,E,0.018,,070126,,,R,V*0F
$GNRMC,003155.50,A,6019.17332,N,02449.84901,E,0.010,,070126,,,R,V*06
$GNRMC,003155.70,A,6019.17332,N,02449.84901,E,0.006,,070126,,,R,V*03
$GNVTG,,T,,M,0.030,N,0.056,K,D*38
$GNRMC,003155.90,A,6019.17332,N,02449.84901,E,0.034,,070126,,,R,V*0C
$GNVTG,,T,,M,0.034,N,0.064,K,D*3D
$GNRMC,003156.10,A,6019.17332,N,02449.84901,E,0.029,,070126,,,R,V*0B
$GPGSV,4,1,13,02,10,163,24,03,84,159,50,04,48,209,45,06,27,310,42,1*60
$GNRMC,003156.50,A,6019.17332,N,02449.84901,E,0.034,,070126,,,R,V*03
$GNVTG,,T,,M,0.034,N,0.063,K,D*3A
$GNRMC,003156.90,A,6019.17332,N,02449.84901,E,0.023,,070126,,,R,V*09
$GNVTG,,T,,M,0.023,N,0.043,K,D*3E
$GNVTG,,T,,M,0.020,N,0.037,K,D*3E
$GNRMC,003157.20,A,6019.17332,N,02449.84901,E,0.017,,070126,,,R,V*04
$GNRMC,003157.50,A,6019.17332,N,02449.84901,E,0.018,,070126,,,R,V*0C
$GNRMC,003157.70,A,6019.17332,N,02449.84901,E,0.012,,070126,,,R,V*04
$GNVTG,,T,,M,0.012,N,0.022,K,D*3B
$GNRMC,003158.10,A,6019.17332,N,02449.84901,E,0.011,,070126,,,R,V*0E
$GNVTG,,T,,M,0.011,N,0.020,K,D*3A
$GNRMC,003158.30,A,6019.17332,N,02449.84901,E,0.015,,070126,,,R,V*08
$GNVTG,,T,,M,0.015,N,0.029,K,D*37
$GNRMC,003158.60,A,6019.17332,N,02449.84901,E,0.039,,070126,,,R,V*03
$GNVTG,,T,,M,0.014,N,0.025,K,D*3A
$GNRMC,003158.90,A,6019.17332,N,02449.84901,E,0.019,,070126,,,R,V*0E
$GNVTG,,T,,M,0.019,N,0.034,K,D*37
$GNRMC,003159.20,A,6019.17332,N,02449.84901,E,0.016,,070126,,,R,V*0B
$GNRMC,003159.40,A,6019.17332,N,02449.84901,E,0.012,,070126,,,R,V*09
$GNVTG,,T,,M,0.012,N,0.022,K,D*3B
$GNVTG,,T,,M,0.023,N,0.042,K,D*3F
$GNRMC,003159.60,A,6019.17332,N,02449.84901,E,0.002,,070126,,,R,V*0A
$GNRMC,003159.80,A,6019.17332,N,02449.84901,E,0.012,,070126,,,R,V*05
$GNVTG,,T,,M,0.012,N,0.022,K,D*3B
$GNRMC,003159.90,A,6019.17332,N,02449.84901,E,0.010,,070126,,,R,V*06
$GNVTG,,T,,M,0.016,N,0.029,K,D*34
$GNRMC,003200.60,A,6019.17332,N,02449.84901,E,0.011,,070126,,,R,V*07
$GNVTG,,T,,M,0.011,N,0.020,K,D*3A
$GNRMC,003200.90,A,6019.17332,N,02449.84901,E,0.023,,070126,,,R,V*09
$GNRMC,003201.10,A,6019.17332,N,02449.84901,E,0.011,,070126,,,R,V*01
$GNVTG,,T,,M,0.011,N,0.021,K,D*3B
$GNRMC,003201.30,A,6019.17332,N,02449.84901,E,0.011,,070126,,,R,V*03
$GNRMC,003201.50,A,6019.17332,N,02449.84901,E,0.013,,070126,,,R,V*07
$GNVTG,,T,,M,0.013,N,0.024,K,D*3C
$GNRMC,003201.70,A,6019.17332,N,02449.84901,E,0.030,,070126,,,R,V*04
$GNVTG,,T,,M,0.030,N,0.056,K,D*38
$GNVTG,,T,,M,0.025,N,0.046,K,D*3D
$GNRMC,003202.10,A,6019.17332,N,02449.84901,E,0.014,,070126,,,R,V*07
$GNRMC,003202.40,A,6019.17332,N,02449.84900,E,0.037,,070126,,,R,V*02
$GNRMC,003202.60,A,6019.17332,N,02449.84901,E,0.023,,070126,,,R,V*04
$GNRMC,003202.80,A,6019.17332,N,02449.84901,E,0.031,,070126,,,R,V*09
$GNRMC,003203.10,A,6019.17332,N,02449.84901,E,0.013,,070126,,,R,V*01
$GNRMC,003203.20,A,6019.17332,N,02449.84901,E,0.031,,070126,,,R,V*02
$GNRMC,003203.30,A,6019.17332,N,02449.84901,E,0.009,,070126,,,R,V*08
$GNVTG,,T,,M,0.018,N,0.034,K,D*36
$GNVTG,,T,,M,0.007,N,0.014,K,D*3A
$GNRMC,003203.80,A,6019.17332,N,02449.84901,E,0.015,,070126,,,R,V*0E
$GNVTG,,T,,M,0.015,N,0.027,K,D*39
$GNRMC,003204.20,A,6019.17332,N,02449.84901,E,0.028,,070126,,,R,V*0D
$GNRMC,003204.50,A,6019.17332,N,02449.84900,E,0.009,,070126,,,R,V*08
$GNVTG,,T,,M,0.009,N,0.016,K,D*36
$GNRMC,003204.90,A,6019.17332,N,02449.84900,E,0.011,,070126,,,R,V*0D
$GNVTG,,T,,M,0.011,N,0.019,K,D*30
$GNRMC,003205.10,A,6019.17332,N,02449.84900,E,0.011,,070126,,,R,V*04
$GNVTG,,T,,M,0.011,N,0.020,K,D*3A
$GNRMC,003205.30,A,6019.17332,N,02449.84901,E,0.025,,070126,,,R,V*00
$GNVTG,,T,,M,0.021,N,0.038,K,D*30
$GNRMC,003205.60,A,6019.17332,N,02449.84900,E,0.020,,070126,,,R,V*01
$GNRMC,003205.80,A,6019.17332,N,02449.84900,E,0.008,,070126,,,R,V*05
$GNRMC,003206.00,A,6019.17332,N,02449.84900,E,0.008,,070126,,,R,V*0E
$GNVTG,,T,,M,0.008,N,0.014,K,D*35
$GNRMC,003206.30,A,6019.17332,N,02449.84900,E,0.027,,070126,,,R,V*00
$GNVTG,,T,,M,0.027,N,0.050,K,D*38
$GNVTG,,T,,M,0.042,N,0.078,K,D*31
$GNTXT,01,01,00,txbuf alloc*61
$GNRMC,003206.80,A,6019.17332,N,02449.84900,E,0.012,,070126,,,R,V*0D
$GNVTG,,T,,M,0.012,N,0.021,K,D*38
$GNRMC,003206.90,A,6019.17332,N,02449.84901,E,0.039,,070126,,,R,V*04
$GNRMC,003207.30,A,6019.17332,N,02449.84901,E,0.011,,070126,,,R,V*05
$GNVTG,,T,,M,0.011,N,0.021,K,D*3B
$GNRMC,003207.70,A,6019.17332,N,02449.84900,E,0.021,,070126,,,R,V*03
$GNVTG,,T,,M,0.021,N,0.040,K,D*3F
$GNRMC,003208.10,A,6019.17332,N,02449.84901,E,0.018,,070126,,,R,V*01
$GNVTG,,T,,M,0.018,N,0.034,K,D*36
$GNRMC,003208.60,A,6019.17332,N,02449.84900,E,0.027,,070126,,,R,V*0B
$GNVTG,,T,,M,0.015,N,0.029,K,D*37
$GNRMC,003209.10,A,6019.17332,N,02449.84900,E,0.020,,070126,,,R,V*0A
$GBGSV,3,1,10,02,09,116,,05,19,141,,06,41,081,,09,39,101,,0*79
$GNRMC,003209.70,A,6019.17332,N,02449.84901,E,0.014,,070126,,,R,V*0A
$GNVTG,,T,,M,0.009,N,0.016,K,D*36
$GNVTG,,T,,M,0.016,N,0.030,K,D*3C
$GNRMC,003210.40,A,6019.17332,N,02449.84901,E,0.005,,070126,,,R,V*01
$GNRMC,003210.60,A,6019.17333,N,02449.84901,E,0.019,,070126,,,R,V*0F
$GNRMC,003210.80,A,6019.17332,N,02449.84901,E,0.023,,070126,,,R,V*09
$GNVTG,,T,,M,0.009,N,0.016,K,D*36
$GNRMC,003211.20,A,6019.17332,N,02449.84901,E,0.022,,070126,,,R,V*03
$GNRMC,003211.40,A,6019.17332,N,02449.84901,E,0.025,,070126,,,R,V*02
$GNRMC,003211.60,A,6019.17332,N,02449.84901,E,0.031,,070126,,,R,V*05
$GNVTG,,T,,M,0.018,N,0.033,K,D*31
$GNVTG,,T,,M,0.036,N,0.066,K,D*3D
$GNRMC,003212.10,A,6019.17332,N,02449.84901,E,0.023,,070126,,,R,V*02
$GNRMC,003212.40,A,6019.17332,N,02449.84901,E,0.036,,070126,,,R,V*03
$GNRMC,003212.70,A,6019.17332,N,02449.84901,E,0.002,,070126,,,R,V*07
$GNVTG,,T,,M,0.025,N,0.046,K,D*3D
$GNRMC,003213.20,A,6019.17332,N,02449.84901,E,0.047,,070126,,,R,V*02
$GNRMC,003213.40,A,6019.17332,N,02449.84901,E,0.009,,070126,,,R,V*0E
$GNRMC,003213.60,A,6019.17332,N,02449.84901,E,0.018,,070126,,,R,V*0C
$GNRMC,003213.80,A,6019.17332,N,02449.84901,E,0.007,,070126,,,R,V*0C
$GNRMC,003214.00,A,6019.17332,N,02449.84901,E,0.007,,070126,,,R,V*03
$GNRMC,003214.20,A,6019.17332,N,02449.84901,E,0.017,,070126,,,R,V*00
$GNVTG,,T,,M,0.013,N,0.023,K,D*3B
$GNRMC,003214.70,A,6019.17332,N,02449.84901,E,0.005,,070126,,,R,V*06
$GNRMC,003214.80,A,6019.17332,N,02449.84901,E,0.004,,070126,,,R,V*08
$GNVTG,,T,,M,0.011,N,0.021,K,D*3B
$GNRMC,003215.20,A,6019.17332,N,02449.84901,E,0.047,,070126,,,R,V*04
$GNVTG,,T,,M,0.027,N,0.049,K,D*30
$GNVTG,,T,,M,0.038,N,0.071,K,D*35
$GNVTG,,T,,M,0.028,N,0.052,K,D*35
$GNVTG,,T,,M,0.018,N,0.034,K,D*36
$GNRMC,003216.50,A,6019.17332,N,02449.84901,E,0.026,,070126,,,R,V*07
$GNVTG,,T,,M,0.026,N,0.048,K,D*30
$GNRMC,003216.70,A,6019.17332,N,02449.84901,E,0.008,,070126,,,R,V*09
$GNVTG,,T,,M,0.008,N,0.015,K,D*34
$GNRMC,003216.90,A,6019.17332,N,02449.84901,E,0.011,,070126,,,R,V*0F
$GNRMC,003217.10,A,6019.17332,N,02449.84901,E,0.015,,070126,,,R,V*02
$GNVTG,,T,,M,0.015,N,0.027,K,D*39
$GNRMC,003217.30,A,6019.17332,N,02449.84901,E,0.031,,070126,,,R,V*06
$GNRMC,003217.40,A,6019.17332,N,02449.84901,E,0.019,,070126,,,R,V*0B
$GNVTG,,T,,M,0.019,N,0.035,K,D*36
$GNVTG,,T,,M,0.011,N,0.020,K,D*3A
$GNRMC,003217.80,A,6019.17332,N,02449.84901,E,0.026,,070126,,,R,V*0B
$GNRMC,003218.10,A,6019.17332,N,02449.84901,E,0.011,,070126,,,R,V*09
$GNVTG,,T,,M,0.015,N,0.027,K,D*39
$GNVTG,,T,,M,0.016,N,0.030,K,D*3C
$GNRMC,003218.70,A,6019.17332,N,02449.84901,E,0.014,,070126,,,R,V*0A
$GNVTG,,T,,M,0.012,N,0.022,K,D*3B
$GNRMC,003219.30,A,6019.17332,N,02449.84901,E,0.027,,070126,,,R,V*0F
$GNRMC,003219.70,A,6019.17332,N,02449.84901,E,0.009,,070126,,,R,V*07
$GNRMC,003219.80,A,6019.17332,N,02449.84901,E,0.019,,070126,,,R,V*09
$GNVTG,,T,,M,0.025,N,0.045,K,D*3E
$GNRMC,003220.20,A,6019.17333,N,02449.84901,E,0.042,,070126,,,R,V*06
$GNVTG,,T,,M,0.007,N,0.013,K,D*3D
$GNRMC,003220.60,A,6019.17333,N,02449.84901,E,0.010,,070126,,,R,V*05
$GNVTG,,T,,M,0.010,N,0.019,K,D*31
$GNRMC,003220.90,A,6019.17333,N,02449.84901,E,0.008,,070126,,,R,V*03
$GNRMC,003221.50,A,6019.17333,N,02449.84901,E,0.032,,070126,,,R,V*07
$GNVTG,,T,,M,0.007,N,0.013,K,D*3D
$GNRMC,003222.00,A,6019.17333,N,02449.84901,E,0.021,,070126,,,R,V*03
$GNRMC,003222.40,A,6019.17333,N,02449.84901,E,0.023,,070126,,,R,V*05
$GNRMC,003222.70,A,6019.17333,N,02449.84901,E,0.034,,070126,,,R,V*00
$GNRMC,003222.90,A,6019.17333,N,02449.84901,E,0.028,,070126,,,R,V*03
$GNRMC,003223.10,A,6019.17333,N,02449.84901,E,0.005,,070126,,,R,V*05
$GNVTG,,T,,M,0.005,N,0.010,K,D*3C
$GNRMC,003223.30,A,6019.17333,N,02449.84901,E,0.038,,070126,,,R,V*09
$GNVTG,,T,,M,0.038,N,0.070,K,D*34
$GNRMC,003223.60,A,6019.17333,N,02449.84901,E,0.028,,070126,,,R,V*0D
$GNVTG,,T,,M,0.014,N,0.025,K,D*3A
$GNRMC,003224.30,A,6019.17333,N,02449.84901,E,0.015,,070126,,,R,V*01
$GNVTG,,T,,M,0.015,N,0.027,K,D*39
$GNRMC,003224.60,A,6019.17333,N,02449.84901,E,0.007,,070126,,,R,V*07
$GNVTG,,T,,M,0.019,N,0.035,K,D*36
$GNRMC,003224.80,A,6019.17333,N,02449.84901,E,0.010,,070126,,,R,V*0F
$GNVTG,,T,,M,0.010,N,0.018,K,D*30
$GNRMC,003225.00,A,6019.17333,N,02449.84901,E,0.007,,070126,,,R,V*00
$GNVTG,,T,,M,0.007,N,0.013,K,D*3D
$GNRMC,003225.20,A,6019.17332,N,02449.84901,E,0.025,,070126,,,R,V*03
$GNVTG,,T,,M,0.025,N,0.047,K,D*3C
$GNRMC,003225.80,A,6019.17332,N,02449.84901,E,0.009,,070126,,,R,V*07
$GNVTG,,T,,M,0.010,N,0.019,K,D*31
$GNRMC,003226.00,A,6019.17332,N,02449.84901,E,0.042,,070126,,,R,V*03
$GNVTG,,T,,M,0.009,N,0.017,K,D*37
$GNRMC,003226.50,A,6019.17332,N,02449.84901,E,0.014,,070126,,,R,V*05
$GNRMC,003226.70,A,6019.17332,N,02449.84901,E,0.048,,070126,,,R,V*0E
$GNVTG,,T,,M,0.017,N,0.032,K,D*3F
$GNRMC,003227.10,A,6019.17333,N,02449.84901,E,0.025,,070126,,,R,V*03
$GNRMC,003227.20,A,6019.17333,N,02449.84901,E,0.017,,070126,,,R,V*01
$GNRMC,003227.40,A,6019.17332,N,02449.84901,E,0.018,,070126,,,R,V*09
$GNRMC,003227.50,A,6019.17332,N,02449.84901,E,0.003,,070126,,,R,V*02
$GNRMC,003227.60,A,6019.17333,N,02449.84901,E,0.027,,070126,,,R,V*06
$GNRMC,003227.80,A,6019.17333,N,02449.84901,E,0.005,,070126,,,R,V*08
$GNVTG,,T,,M,0.005,N,0.009,K,D*34
$GNRMC,003227.90,A,6019.17332,N,02449.84901,E,0.021,,070126,,,R,V*0E
$GNRMC,003228.00,A,6019.17333,N,02449.84901,E,0.006,,070126,,,R,V*0C
$GNRMC,003228.10,A,6019.17333,N,02449.84901,E,0.023,,070126,,,R,V*0A
$GNRMC,003228.30,A,6019.17333,N,02449.84901,E,0.030,,070126,,,R,V*0A
$GNVTG,,T,,M,0.021,N,0.039,K,D*31
$GNRMC,003228.80,A,6019.17333,N,02449.84901,E,0.018,,070126,,,R,V*0B
$GNVTG,,T,,M,0.018,N,0.033,K,D*31
$GNRMC,003229.00,A,6019.17333,N,02449.84901,E,0.006,,070126,,,R,V*0D
$GNRMC,003229.10,A,6019.17333,N,02449.84901,E,0.011,,070126,,,R,V*0A
$GNRMC,003229.30,A,6019.17332,N,02449.84901,E,0.013,,070126,,,R,V*0B
$GNRMC,003229.50,A,6019.17333,N,02449.84901,E,0.011,,070126,,,R,V*0E
$GNRMC,003229.70,A,6019.17333,N,02449.84901,E,0.026,,070126,,,R,V*08
$GNRMC,003230.00,A,6019.17333,N,02449.84901,E,0.009,,070126,,,R,V*0A
$GNRMC,003230.20,A,6019.17333,N,02449.84901,E,0.016,,070126,,,R,V*06
$GNVTG,,T,,M,0.016,N,0.030,K,D*3C
$GNRMC,003230.50,A,6019.17333,N,02449.84901,E,0.031,,070126,,,R,V*04
$GNVTG,,T,,M,0.031,N,0.058,K,D*37
$GNRMC,003230.80,A,6019.17333,N,02449.84901,E,0.015,,070126,,,R,V*0F
$GNVTG,,T,,M,0.015,N,0.027,K,D*39
$GPGSV,4,1,13,02,10,163,19,03,84,159,50,04,48,209,45,06,27,310,43,1*6F
$GNVTG,,T,,M,0.013,N,0.024,K,D*3C
$GNRMC,003231.40,A,6019.17333,N,02449.84901,E,0.014,,070126,,,R,V*03
$GNRMC,003231.50,A,6019.17333,N,02449.84900,E,0.031,,070126,,,R,V*04
$GNRMC,003231.80,A,6019.17333,N,02449.84901,E,0.016,,070126,,,R,V*0D
$GNVTG,,T,,M,0.029,N,0.054,K,D*32
$GNVTG,,T,,M,0.003,N,0.005,K,D*3E
$GNTXT,01,01,00,txbuf alloc*61
$GNRMC,003232.60,A,6019.17333,N,02449.84901,E,0.008,,070126,,,R,V*0F
$GNVTG,,T,,M,0.020,N,0.038,K,D*31
$GNRMC,003233.10,A,6019.17333,N,02449.84901,E,0.009,,070126,,,R,V*08
$GNVTG,,T,,M,0.010,N,0.018,K,D*30
$GNVTG,,T,,M,0.021,N,0.038,K,D*30
$GNRMC,003233.60,A,6019.17333,N,02449.84901,E,0.017,,070126,,,R,V*00
$GNRMC,003233.70,A,6019.17333,N,02449.84901,E,0.004,,070126,,,R,V*03
$GNRMC,003233.90,A,6019.17333,N,02449.84901,E,0.009,,070126,,,R,V*00
$GNVTG,,T,,M,0.019,N,0.035,K,D*36
$GNVTG,,T,,M,0.036,N,0.066,K,D*3D
$GNTXT,01,01,00,txbuf alloc*61
$GNVTG,,T,,M,0.006,N,0.011,K,D*3E
$GNRMC,003234.90,A,6019.17333,N,02449.84901,E,0.014,,070126,,,R,V*0B
$GNVTG,,T,,M,0.030,N,0.056,K,D*38
$GNRMC,003235.20,A,6019.17333,N,02449.84901,E,0.018,,070126,,,R,V*0D
$GNVTG,,T,,M,0.015,N,0.027,K,D*39
$GNRMC,003235.60,A,6019.17333,N,02449.84900,E,0.013,,070126,,,R,V*03
$GNVTG,,T,,M,0.011,N,0.021,K,D*3B
$GNRMC,003236.20,A,6019.17333,N,02449.84900,E,0.022,,070126,,,R,V*06
$GNRMC,003236.40,A,6019.17333,N,02449.84900,E,0.027,,070126,,,R,V*05
$GNVTG,,T,,M,0.027,N,0.050,K,D*38
$GNRMC,003236.50,A,6019.17333,N,02449.84900,E,0.010,,070126,,,R,V*00
$GNVTG,,T,,M,0.023,N,0.043,K,D*3E
$GNRMC,003237.30,A,6019.17333,N,02449.84901,E,0.003,,070126,,,R,V*04
$GNRMC,003237.50,A,6019.17333,N,02449.84901,E,0.018,,070126,,,R,V*08
$GNRMC,003237.90,A,6019.17333,N,02449.84901,E,0.013,,070126,,,R,V*0F
$GNVTG,,T,,M,0.017,N,0.032,K,D*3F
$GNRMC,003238.20,A,6019.17333,N,02449.84901,E,0.008,,070126,,,R,V*01
$GNVTG,,T,,M,0.008,N,0.014,K,D*35
$GNVTG,,T,,M,0.032,N,0.060,K,D*3F
$GNRMC,003238.50,A,6019.17333,N,02449.84901,E,0.009,,070126,,,R,V*07
$GNRMC,003238.70,A,6019.17333,N,02449.84901,E,0.043,,070126,,,R,V*0B
$GNVTG,,T,,M,0.043,N,0.079,K,D*31
$GNRMC,003238.90,A,6019.17333,N,02449.84901,E,0.036,,070126,,,R,V*07
$GNVTG,,T,,M,0.036,N,0.067,K,D*3C
$GNRMC,003239.10,A,6019.17333,N,02449.84901,E,0.014,,070126,,,R,V*0E
$GNRMC,003239.50,A,6019.17333,N,02449.84901,E,0.021,,070126,,,R,V*0C
$GNVTG,,T,,M,0.021,N,0.038,K,D*30
$GNRMC,003239.90,A,6019.17333,N,02449.84901,E,0.003,,070126,,,R,V*00
$GNRMC,003240.10,A,6019.17333,N,02449.84901,E,0.012,,070126,,,R,V*06
$GNVTG,,T,,M,0.012,N,0.022,K,D*3B
$GNVTG,,T,,M,0.018,N,0.033,K,D*31
$GNRMC,003240.60,A,6019.17333,N,02449.84901,E,0.026,,070126,,,R,V*06
$GNVTG,,T,,M,0.026,N,0.049,K,D*31
$GNRMC,003240.80,A,6019.17333,N,02449.84901,E,0.012,,070126,,,R,V*0F
$GNVTG,,T,,M,0.012,N,0.022,K,D*3B
$GNRMC,003241.20,A,6019.17333,N,02449.84901,E,0.025,,070126,,,R,V*00
$GNRMC,003241.60,A,6019.17332,N,02449.84901,E,0.023,,070126,,,R,V*03
$GNVTG,,T,,M,0.023,N,0.042,K,D*3F
$GNRMC,003241.80,A,6019.17332,N,02449.84901,E,0.024,,070126,,,R,V*0A
$GNVTG,,T,,M,0.027,N,0.049,K,D*30
$GNRMC,003242.10,A,6019.17332,N,02449.84901,E,0.017,,070126,,,R,V*00
$GNRMC,003242.20,A,6019.17332,N,02449.84901,E,0.006,,070126,,,R,V*03
$GNVTG,,T,,M,0.019,N,0.036,K,D*35
$GNVTG,,T,,M,0.007,N,0.012,K,D*3C
$GNRMC,003242.80,A,6019.17332,N,02449.84900,E,0.006,,070126,,,R,V*08
$GNVTG,,T,,M,0.008,N,0.015,K,D*34
$GNRMC,003243.10,A,6019.17332,N,02449.84901,E,0.027,,070126,,,R,V*02
$GNVTG,,T,,M,0.022,N,0.040,K,D*3C
$GNRMC,003243.40,A,6019.17332,N,02449.84901,E,0.017,,070126,,,R,V*04
$GNVTG,,T,,M,0.017,N,0.031,K,D*3C
$GNRMC,003243.80,A,6019.17332,N,02449.84900,E,0.024,,070126,,,R,V*09
$GNVTG,,T,,M,0.005,N,0.009,K,D*34
$GNRMC,003244.20,A,6019.17332,N,02449.84900,E,0.026,,070126,,,R,V*06
$GNRMC,003244.50,A,6019.17332,N,02449.84900,E,0.021,,070126,,,R,V*06
$GNRMC,003244.70,A,6019.17332,N,02449.84901,E,0.025,,070126,,,R,V*01
$GNRMC,003244.80,A,6019.17332,N,02449.84900,E,0.020,,070126,,,R,V*0A
$GNRMC,003244.90,A,6019.17333,N,02449.84900,E,0.027,,070126,,,R,V*0D
$GNRMC,003245.10,A,6019.17332,N,02449.84901,E,0.010,,070126,,,R,V*00
$GNRMC,003245.50,A,6019.17333,N,02449.84900,E,0.006,,070126,,,R,V*03
$GNVTG,,T,,M,0.015,N,0.028,K,D*36
$GNRMC,003245.80,A,6019.17333,N,02449.84901,E,0.014,,070126,,,R,V*0C
$GNRMC,003246.10,A,6019.17333,N,02449.84900,E,0.015,,070126,,,R,V*06
$GNRMC,003246.40,A,6019.17333,N,02449.84901,E,0.027,,070126,,,R,V*03
$GNVTG,,T,,M,0.016,N,0.030,K,D*3C
$GNRMC,003246.70,A,6019.17333,N,02449.84900,E,0.016,,070126,,,R,V*03
$GNVTG,,T,,M,0.016,N,0.030,K,D*3C
$GNRMC,003246.80,A,6019.17332,N,02449.84900,E,0.018,,070126,,,R,V*03
$GNRMC,003247.00,A,6019.17332,N,02449.84901,E,0.025,,070126,,,R,V*05
$GNVTG,,T,,M,0.025,N,0.046,K,D*3D
$GNRMC,003247.20,A,6019.17333,N,02449.84901,E,0.006,,070126,,,R,V*07
$GNRMC,003247.40,A,6019.17333,N,02449.84900,E,0.023,,070126,,,R,V*07
$GNRMC,003247.80,A,6019.17333,N,02449.84901,E,0.017,,070126,,,R,V*0D
$GNRMC,003247.90,A,6019.17332,N,02449.84901,E,0.016,,070126,,,R,V*0C
$GNVTG,,T,,M,0.013,N,0.025,K,D*3D
$GNVTG,,T,,M,0.009,N,0.017,K,D*37
$GNVTG,,T,,M,0.027,N,0.050,K,D*38
$GNVTG,,T,,M,0.020,N,0.037,K,D*3E
$GNRMC,003248.80,A,6019.17333,N,02449.84901,E,0.023,,070126,,,R,V*05
$GNVTG,,T,,M,0.016,N,0.029,K,D*34
$GNRMC,003249.30,A,6019.17333,N,02449.84901,E,0.004,,070126,,,R,V*0A
$GNRMC,003249.80,A,6019.17333,N,02449.84901,E,0.016,,070126,,,R,V*02
$GNRMC,003250.10,A,6019.17333,N,02449.84901,E,0.010,,070126,,,R,V*05
$GNRMC,003250.30,A,6019.17333,N,02449.84901,E,0.026,,070126,,,R,V*02
$GNRMC,003250.60,A,6019.17333,N,02449.84901,E,0.008,,070126,,,R,V*0B
$GNRMC,003250.80,A,6019.17333,N,02449.84901,E,0.020,,070126,,,R,V*0F
$GNVTG,,T,,M,0.013,N,0.024,K,D*3C
$GNRMC,003251.10,A,6019.17333,N,02449.84901,E,0.010,,070126,,,R,V*04
$GNRMC,003251.20,A,6019.17333,N,02449.84901,E,0.022,,070126,,,R,V*06
$GNVTG,,T,,M,0.022,N,0.040,K,D*3C
$GNVTG,,T,,M,0.013,N,0.024,K,D*3C
$GNRMC,003251.80,A,6019.17333,N,02449.84900,E,0.008,,070126,,,R,V*05
$GNRMC,003251.90,A,6019.17333,N,02449.84901,E,0.008,,070126,,,R,V*05
$GNVTG,,T,,M,0.005,N,0.010,K,D*3C
$GNRMC,003252.20,A,6019.17333,N,02449.84901,E,0.030,,070126,,,R,V*06
$GNVTG,,T,,M,0.030,N,0.056,K,D*38
$GNRMC,003252.40,A,6019.17333,N,02449.84901,E,0.013,,070126,,,R,V*01
$GNRMC,003252.60,A,6019.17333,N,02449.84901,E,0.006,,070126,,,R,V*07
$GNVTG,,T,,M,0.006,N,0.012,K,D*3D
$GNRMC,003252.80,A,6019.17333,N,02449.84901,E,0.032,,070126,,,R,V*0E
$GNRMC,003253.00,A,6019.17333,N,02449.84901,E,0.010,,070126,,,R,V*07
$GNVTG,,T,,M,0.010,N,0.019,K,D*31
$GNRMC,003253.20,A,6019.17333,N,02449.84901,E,0.022,,070126,,,R,V*04
$GNRMC,003253.50,A,6019.17333,N,02449.84901,E,0.027,,070126,,,R,V*06
$GNVTG,,T,,M,0.027,N,0.050,K,D*38
$GNRMC,003253.70,A,6019.17333,N,02449.84901,E,0.016,,070126,,,R,V*06
$GNVTG,,T,,M,0.016,N,0.030,K,D*3C
$GNRMC,003254.10,A,6019.17333,N,02449.84901,E,0.010,,070126,,,R,V*01
$GNRMC,003254.50,A,6019.17333,N,02449.84901,E,0.014,,070126,,,R,V*01
$GNRMC,003254.80,A,6019.17333,N,02449.84901,E,0.032,,070126,,,R,V*08
$GNRMC,003254.90,A,6019.17333,N,02449.84900,E,0.031,,070126,,,R,V*0B
$GNVTG,,T,,M,0.031,N,0.058,K,D*37
$GNVTG,,T,,M,0.012,N,0.021,K,D*38
$GNRMC,003255.30,A,6019.17333,N,02449.84901,E,0.003,,070126,,,R,V*00
$GNVTG,,T,,M,0.022,N,0.041,K,D*3D
$GNRMC,003255.80,A,6019.17333,N,02449.84901,E,0.010,,070126,,,R,V*09
$GNVTG,,T,,M,0.010,N,0.019,K,D*31
$GNRMC,003256.00,A,6019.17333,N,02449.84901,E,0.016,,070126,,,R,V*04
$GNVTG,,T,,M,0.016,N,0.030,K,D*3C
$GNRMC,003256.20,A,6019.17333,N,02449.84901,E,0.016,,070126,,,R,V*06
$GNVTG,,T,,M,0.016,N,0.030,K,D*3C
$GNRMC,003256.40,A,6019.17333,N,02449.84901,E,0.005,,070126,,,R,V*02
$GNVTG,,T,,M,0.005,N,0.009,K,D*34
$GNRMC,003256.60,A,6019.17333,N,02449.84901,E,0.013,,070126,,,R,V*07
$GNVTG,,T,,M,0.013,N,0.023,K,D*3B
$GNRMC,003256.80,A,6019.17333,N,02449.84901,E,0.006,,070126,,,R,V*0D
$GNVTG,,T,,M,0.006,N,0.011,K,D*3E
$GNRMC,003257.00,A,6019.17333,N,02449.84901,E,0.023,,070126,,,R,V*03
$GNRMC,003257.40,A,6019.17333,N,02449.84901,E,0.002,,070126,,,R,V*04
$GNRMC,003257.80,A,6019.17333,N,02449.84901,E,0.026,,070126,,,R,V*0E
$GNVTG,,T,,M,0.026,N,0.048,K,D*30
$GNVTG,,T,,M,0.006,N,0.011,K,D*3E
$GNRMC,003258.20,A,6019.17333,N,02449.84901,E,0.007,,070126,,,R,V*08
$GNVTG,,T,,M,0.012,N,0.023,K,D*3A
$GNRMC,003258.50,A,6019.17333,N,02449.84901,E,0.011,,070126,,,R,V*08
$GNRMC,003258.80,A,6019.17333,N,02449.84901,E,0.011,,070126,,,R,V*05
$GNVTG,,T,,M,0.004,N,0.007,K,D*3B
$GNVTG,,T,,M,0.028,N,0.052,K,D*35
$GNVTG,,T,,M,0.019,N,0.034,K,D*37
$GNRMC,003259.70,A,6019.17333,N,02449.84901,E,0.031,,070126,,,R,V*09
$GNRMC,003259.90,A,6019.17333,N,02449.84901,E,0.018,,070126,,,R,V*0C
$GNVTG,,T,,M,0.022,N,0.041,K,D*3D
$GNRMC,003300.40,A,6019.17333,N,02449.84901,E,0.037,,070126,,,R,V*01
$GNRMC,003300.60,A,6019.17333,N,02449.84901,E,0.022,,070126,,,R,V*07
$GNVTG,,T,,M,0.022,N,0.041,K,D*3D
$GNVTG,,T,,M,0.029,N,0.053,K,D*35
$GNRMC,003301.00,A,6019.17333,N,02449.84901,E,0.019,,070126,,,R,V*08
$GNRMC,003301.10,A,6019.17333,N,02449.84901,E,0.017,,070126,,,R,V*07
$GNVTG,,T,,M,0.017,N,0.031,K,D*3C
$GNRMC,003301.30,A,6019.17333,N,02449.84901,E,0.023,,070126,,,R,V*02
$GNRMC,003301.70,A,6019.17333,N,02449.84901,E,0.023,,070126,,,R,V*06
$GNVTG,,T,,M,0.007,N,0.013,K,D*3D
$GNVTG,,T,,M,0.020,N,0.038,K,D*31
$GNRMC,003302.40,A,6019.17333,N,02449.84901,E,0.009,,070126,,,R,V*0E
$GNVTG,,T,,M,0.008,N,0.015,K,D*34
$GNRMC,003302.70,A,6019.17333,N,02449.84901,E,0.009,,070126,,,R,V*0D
