$GNRMC,002858.70,A,6019.17333,N,02449.84901,E,0.019,,070126,,,R,V*09
$GNRMC,002858.90,A,6019.17333,N,02449.84901,E,0.010,,070126,,,R,V*0E
$GNRMC,002859.10,A,6019.17333,N,02449.84901,E,0.012,,070126,,,R,V*05
$GNRMC,002859.30,A,6019.17333,N,02449.84901,E,0.007,,070126,,,R,V*03
$GNRMC,002859.50,A,6019.17333,N,02449.84901,E,0.025,,070126,,,R,V*05
$GNRMC,002859.70,A,6019.17333,N,02449.84901,E,0.011,,070126,,,R,V*00
$GNRMC,002859.90,A,6019.17333,N,02449.84901,E,0.003,,070126,,,R,V*0D
$GNVTG,,T,,M,0.008,N,0.014,K,D*35
$GNRMC,002900.20,A,6019.17333,N,02449.84901,E,0.039,,070126,,,R,V*02
$GNRMC,002900.40,A,6019.17333,N,02449.84901,E,0.010,,070126,,,R,V*0F
$GNVTG,,T,,M,0.010,N,0.019,K,D*31
$GNRMC,002900.80,A,6019.17333,N,02449.84901,E,0.027,,070126,,,R,V*07
$GNVTG,,T,,M,0.027,N,0.050,K,D*38
$GNRMC,002901.00,A,6019.17333,N,02449.84901,E,0.039,,070126,,,R,V*01
$GNVTG,,T,,M,0.039,N,0.072,K,D*37
$GNVTG,,T,,M,0.014,N,0.026,K,D*39
$GNRMC,002901.40,A,6019.17333,N,02449.84901,E,0.016,,070126,,,R,V*08
$GNVTG,,T,,M,0.016,N,0.030,K,D*3C
$GNRMC,002901.70,A,6019.17333,N,02449.84900,E,0.034,,070126,,,R,V*0A
$GNVTG,,T,,M,0.034,N,0.062,K,D*3B
$GNVTG,,T,,M,0.008,N,0.014,K,D*35
$GNRMC,002902.10,A,6019.17333,N,02449.84900,E,0.015,,070126,,,R,V*0C
$GNVTG,,T,,M,0.015,N,0.027,K,D*39
$GNRMC,002902.50,A,6019.17333,N,02449.84901,E,0.013,,070126,,,R,V*0F
$GNVTG,,T,,M,0.013,N,0.024,K,D*3C
$GNVTG,,T,,M,0.012,N,0.023,K,D*3A
$GNRMC,002903.20,A,6019.17333,N,02449.84900,E,0.010,,070126,,,R,V*0B
$GNRMC,002903.40,A,6019.17333,N,02449.84901,E,0.027,,070126,,,R,V*08
$GNRMC,002903.50,A,6019.17333,N,02449.84900,E,0.007,,070126,,,R,V*0A
$GNRMC,002903.70,A,6019.17333,N,02449.84900,E,0.026,,070126,,,R,V*0B
$GNVTG,,T,,M,0.026,N,0.049,K,D*31
$GNVTG,,T,,M,0.013,N,0.024,K,D*3C
$GNRMC,002904.00,A,6019.17333,N,02449.84900,E,0.002,,070126,,,R,V*0D
$GNVTG,,T,,M,0.002,N,0.004,K,D*3E
$GNRMC,002904.40,A,6019.17333,N,02449.84901,E,0.022,,070126,,,R,V*0A
$GNRMC,002904.70,A,6019.17333,N,02449.84900,E,0.015,,070126,,,R,V*0C
$GNRMC,002904.90,A,6019.17333,N,02449.84901,E,0.031,,070126,,,R,V*05
$GNRMC,002905.10,A,6019.17333,N,02449.84901,E,0.015,,070126,,,R,V*0A
$GNVTG,,T,,M,0.015,N,0.027,K,D*39
$GNRMC,002905.40,A,6019.17333,N,02449.84901,E,0.010,,070126,,,R,V*0A
$GNVTG,,T,,M,0.010,N,0.018,K,D*30
$GNTXT,01,01,00,txbuf alloc*61
$GNVTG,,T,,M,0.017,N,0.032,K,D*3F
$GNRMC,002905.90,A,6019.17333,N,02449.84901,E,0.005,,070126,,,R,V*03
$GNVTG,,T,,M,0.005,N,0.008,K,D*35
$GNRMC,002906.20,A,6019.17333,N,02449.84901,E,0.041,,070126,,,R,V*0B
$GNVTG,,T,,M,0.041,N,0.075,K,D*3F
$GNRMC,002906.30,A,6019.17333,N,02449.84901,E,0.019,,070126,,,R,V*07
$GNRMC,002906.40,A,6019.17333,N,02449.84901,E,0.015,,070126,,,R,V*0C
$GNTXT,01,01,00,txbuf alloc*61
$GNRMC,002906.50,A,6019.17333,N,02449.84901,E,0.017,,070126,,,R,V*0F
$GNVTG,,T,,M,0.025,N,0.047,K,D*3C
$GNVTG,,T,,M,0.023,N,0.044,K,D*39
$GNRMC,002907.10,A,6019.17333,N,02449.84901,E,0.023,,070126,,,R,V*0D
$GNRMC,002907.20,A,6019.17333,N,02449.84901,E,0.007,,070126,,,R,V*08
$GNVTG,,T,,M,0.007,N,0.012,K,D*3C
$GNRMC,002907.40,A,6019.17333,N,02449.84901,E,0.027,,070126,,,R,V*0C
$GNVTG,,T,,M,0.027,N,0.050,K,D*38
$GNRMC,002907.60,A,6019.17333,N,02449.84901,E,0.018,,070126,,,R,V*02
$GNVTG,,T,,M,0.014,N,0.026,K,D*39
$GNVTG,,T,,M,0.011,N,0.021,K,D*3B
$GNVTG,,T,,M,0.023,N,0.042,K,D*3F
$GNVTG,,T,,M,0.021,N,0.039,K,D*31
$GNRMC,002908.70,A,6019.17333,N,02449.84901,E,0.003,,070126,,,R,V*06
$GNVTG,,T,,M,0.026,N,0.048,K,D*30
$GNRMC,002909.00,A,6019.17333,N,02449.84901,E,0.024,,070126,,,R,V*05
$GNVTG,,T,,M,0.027,N,0.051,K,D*39
$GNRMC,002909.40,A,6019.17333,N,02449.84901,E,0.024,,070126,,,R,V*01
$GNRMC,002909.60,A,6019.17333,N,02449.84901,E,0.022,,070126,,,R,V*05
$GNRMC,002909.70,A,6019.17333,N,02449.84901,E,0.016,,070126,,,R,V*03
$GNVTG,,T,,M,0.021,N,0.039,K,D*31
$GNRMC,002910.00,A,6019.17333,N,02449.84901,E,0.008,,070126,,,R,V*03
$GNVTG,,T,,M,0.008,N,0.014,K,D*35
$GNVTG,,T,,M,0.005,N,0.009,K,D*34
$GNVTG,,T,,M,0.009,N,0.017,K,D*37
$GNVTG,,T,,M,0.023,N,0.043,K,D*3E
$GNRMC,002910.60,A,6019.17333,N,02449.84901,E,0.012,,070126,,,R,V*0E
$GNRMC,002910.90,A,6019.17333,N,02449.84901,E,0.035,,070126,,,R,V*04
$GNVTG,,T,,M,0.035,N,0.065,K,D*3D
$GNRMC,002911.20,A,6019.17333,N,02449.84901,E,0.021,,070126,,,R,V*0B
$GNVTG,,T,,M,0.021,N,0.039,K,D*31
$GNRMC,002911.60,A,6019.17333,N,02449.84901,E,0.008,,070126,,,R,V*04
$GNVTG,,T,,M,0.008,N,0.015,K,D*34
$GNVTG,,T,,M,0.021,N,0.039,K,D*31
$GNVTG,,T,,M,0.012,N,0.022,K,D*3B
$GNRMC,002912.70,A,6019.17333,N,02449.84900,E,0.030,,070126,,,R,V*0C
$GNVTG,,T,,M,0.030,N,0.055,K,D*3B
$GNRMC,002913.20,A,6019.17333,N,02449.84900,E,0.041,,070126,,,R,V*0E
$GNVTG,,T,,M,0.041,N,0.076,K,D*3C
$GNRMC,002913.40,A,6019.17333,N,02449.84900,E,0.008,,070126,,,R,V*05
$GNVTG,,T,,M,0.008,N,0.015,K,D*34
$GNRMC,002913.60,A,6019.17333,N,02449.84900,E,0.014,,070126,,,R,V*0A
$GNRMC,002914.00,A,6019.17333,N,02449.84900,E,0.013,,070126,,,R,V*0C
$GNGGA,002914.20,6019.17333,N,02449.84900,E,4,12,0.56,95.2,M,17.8,M,2.2,4095*58
$GNRMC,002914.50,A,6019.17333,N,02449.84900,E,0.011,,070126,,,R,V*0B
$GNVTG,,T,,M,0.016,N,0.031,K,D*3D
$GNRMC,002914.90,A,6019.17333,N,02449.84900,E,0.038,,070126,,,R,V*0C
$GNRMC,002915.40,A,6019.17333,N,02449.84900,E,0.007,,070126,,,R,V*0C
$GNRMC,002915.60,A,6019.17333,N,02449.84901,E,0.014,,070126,,,R,V*0D
$GNVTG,,T,,M,0.004,N,0.007,K,D*3B
$GNVTG,,T,,M,0.007,N,0.014,K,D*3A
$GNVTG,,T,,M,0.017,N,0.031,K,D*3C
$GNRMC,002916.30,A,6019.17333,N,02449.84901,E,0.015,,070126,,,R,V*0A
$GNRMC,002916.50,A,6019.17333,N,02449.84901,E,0.022,,070126,,,R,V*08
$GNRMC,002916.80,A,6019.17333,N,02449.84901,E,0.015,,070126,,,R,V*01
$GNRMC,002916.90,A,6019.17333,N,02449.84901,E,0.014,,070126,,,R,V*01
$GNVTG,,T,,M,0.008,N,0.015,K,D*34
$GNVTG,,T,,M,0.041,N,0.076,K,D*3C
$GNRMC,002917.50,A,6019.17333,N,02449.84901,E,0.012,,070126,,,R,V*0A
$GNVTG,,T,,M,0.012,N,0.023,K,D*3A
$GNRMC,002917.70,A,6019.17333,N,02449.84901,E,0.019,,070126,,,R,V*03
$GNVTG,,T,,M,0.006,N,0.011,K,D*3E
$GNRMC,002918.00,A,6019.17333,N,02449.84901,E,0.008,,070126,,,R,V*0B
$GNRMC,002918.20,A,6019.17333,N,02449.84901,E,0.024,,070126,,,R,V*07
$GNVTG,,T,,M,0.024,N,0.044,K,D*3E
$GNGBS,002918.40,0.0,0.0,0.0,,,,,,*59
$GNVTG,,T,,M,0.007,N,0.013,K,D*3D
$GNVTG,,T,,M,0.019,N,0.034,K,D*37
$GNRMC,002918.80,A,6019.17333,N,02449.84901,E,0.024,,070126,,,R,V*0D
$GNRMC,002919.10,A,6019.17333,N,02449.84900,E,0.007,,070126,,,R,V*05
$GNVTG,,T,,M,0.007,N,0.012,K,D*3C
$GNRMC,002919.30,A,6019.17333,N,02449.84900,E,0.026,,070126,,,R,V*04
$GNRMC,002919.50,A,6019.17333,N,02449.84900,E,0.014,,070126,,,R,V*03
$GNVTG,,T,,M,0.014,N,0.025,K,D*3A
$GNRMC,002919.70,A,6019.17333,N,02449.84900,E,0.018,,070126,,,R,V*0D
$GNRMC,002919.90,A,6019.17333,N,02449.84900,E,0.025,,070126,,,R,V*0D
$GNVTG,,T,,M,0.025,N,0.046,K,D*3D
$GNRMC,002920.10,A,6019.17333,N,02449.84900,E,0.007,,070126,,,R,V*0F
$GNRMC,002920.40,A,6019.17333,N,02449.84900,E,0.018,,070126,,,R,V*04
$GNVTG,,T,,M,0.019,N,0.036,K,D*35
$GNRMC,002920.80,A,6019.17333,N,02449.84900,E,0.019,,070126,,,R,V*09
$GNVTG,,T,,M,0.019,N,0.035,K,D*36
$GNRMC,002921.00,A,6019.17333,N,02449.84900,E,0.009,,070126,,,R,V*01
$GNRMC,002921.90,A,6019.17333,N,02449.84900,E,0.014,,070126,,,R,V*04
$GNVTG,,T,,M,0.014,N,0.027,K,D*38
$GNRMC,002922.10,A,6019.17333,N,02449.84900,E,0.004,,070126,,,R,V*0E
$GNRMC,002922.30,A,6019.17333,N,02449.84900,E,0.019,,070126,,,R,V*00
$GNRMC,002922.40,A,6019.17333,N,02449.84900,E,0.014,,070126,,,R,V*0A
$GNRMC,002922.50,A,6019.17333,N,02449.84900,E,0.005,,070126,,,R,V*0B
$GNVTG,,T,,M,0.022,N,0.041,K,D*3D
$GNVTG,,T,,M,0.016,N,0.029,K,D*34
$GNRMC,002923.10,A,6019.17333,N,02449.84900,E,0.028,,070126,,,R,V*01
$GNVTG,,T,,M,0.028,N,0.052,K,D*35
$GNRMC,002923.30,A,6019.17333,N,02449.84900,E,0.029,,070126,,,R,V*02
$GPGSV,4,1,14,01,39,170,33,03,85,169,51,04,47,209,45,06,26,310,35,1*66
$GNVTG,,T,,M,0.032,N,0.060,K,D*3F
$GNRMC,002923.60,A,6019.17333,N,02449.84900,E,0.018,,070126,,,R,V*05
$GBGSV,3,1,10,02,09,116,,05,19,141,,06,40,082,,09,38,101,,0*7A
$GNVTG,,T,,M,0.020,N,0.037,K,D*3E
$GNRMC,002924.10,A,6019.17333,N,02449.84900,E,0.040,,070126,,,R,V*08
$GNVTG,,T,,M,0.006,N,0.012,K,D*3D
$GNRMC,002924.50,A,6019.17333,N,02449.84900,E,0.006,,070126,,,R,V*0E
$GNRMC,002924.70,A,6019.17333,N,02449.84900,E,0.010,,070126,,,R,V*0B
$GNRMC,002924.90,A,6019.17333,N,02449.84900,E,0.008,,070126,,,R,V*0C
$GNRMC,002925.10,A,6019.17333,N,02449.84900,E,0.003,,070126,,,R,V*0E
$GNRMC,002925.20,A,6019.17333,N,02449.84900,E,0.005,,070126,,,R,V*0B
$GNRMC,002925.30,A,6019.17333,N,02449.84900,E,0.030,,070126,,,R,V*0C
$GNVTG,,T,,M,0.011,N,0.021,K,D*3B
$GNRMC,002925.90,A,6019.17333,N,02449.84900,E,0.024,,070126,,,R,V*03
$GNVTG,,T,,M,0.009,N,0.018,K,D*38
$GNVTG,,T,,M,0.017,N,0.031,K,D*3C
$GNRMC,002926.40,A,6019.17333,N,02449.84900,E,0.020,,070126,,,R,V*09
$GNVTG,,T,,M,0.015,N,0.028,K,D*36
$GNRMC,002926.80,A,6019.17333,N,02449.84900,E,0.019,,070126,,,R,V*0F
$GNRMC,002927.00,A,6019.17333,N,02449.84900,E,0.014,,070126,,,R,V*0B
$GNVTG,,T,,M,0.014,N,0.027,K,D*38
$GNRMC,002927.20,A,6019.17333,N,02449.84900,E,0.022,,070126,,,R,V*0C
$GNRMC,002927.30,A,6019.17333,N,02449.84900,E,0.010,,070126,,,R,V*0C
$GNVTG,,T,,M,0.010,N,0.019,K,D*31
$GNRMC,002927.50,A,6019.17333,N,02449.84900,E,0.032,,070126,,,R,V*0A
$GNVTG,,T,,M,0.030,N,0.055,K,D*3B
$GNRMC,002927.80,A,6019.17333,N,02449.84900,E,0.007,,070126,,,R,V*01
$GNVTG,,T,,M,0.007,N,0.012,K,D*3C
$GNRMC,002928.00,A,6019.17333,N,02449.84900,E,0.018,,070126,,,R,V*08
$GNVTG,,T,,M,0.018,N,0.033,K,D*31
$GPGSV,4,1,14,01,39,170,33,03,85,169,51,04,47,209,45,06,26,310,36,1*65
$GNVTG,,T,,M,0.020,N,0.038,K,D*31
$GNRMC,002928.50,A,6019.17333,N,02449.84900,E,0.015,,070126,,,R,V*00
$GNVTG,,T,,M,0.015,N,0.028,K,D*36
$GNRMC,002928.90,A,6019.17333,N,02449.84900,E,0.027,,070126,,,R,V*0D
$GNRMC,002929.20,A,6019.17333,N,02449.84900,E,0.011,,070126,,,R,V*02
$GNVTG,,T,,M,0.011,N,0.021,K,D*3B
$GNVTG,,T,,M,0.005,N,0.009,K,D*34
$GNRMC,002929.60,A,6019.17333,N,02449.84900,E,0.014,,070126,,,R,V*03
$GNRMC,002929.80,A,6019.17333,N,02449.84900,E,0.045,,070126,,,R,V*09
$GNRMC,002930.10,A,6019.17333,N,02449.84900,E,0.025,,070126,,,R,V*0E
$GNRMC,002930.30,A,6019.17333,N,02449.84900,E,0.016,,070126,,,R,V*0C
$GNRMC,002930.50,A,6019.17333,N,02449.84900,E,0.026,,070126,,,R,V*09
$GNRMC,002930.70,A,6019.17333,N,02449.84900,E,0.017,,070126,,,R,V*09
$GNVTG,,T,,M,0.010,N,0.019,K,D*31
$GNRMC,002931.10,A,6019.17333,N,02449.84900,E,0.012,,070126,,,R,V*0B
$GNRMC,002931.20,A,6019.17333,N,02449.84900,E,0.019,,070126,,,R,V*03
$GNTXT,01,01,00,txbuf alloc*61
$GNRMC,002931.70,A,6019.17333,N,02449.84900,E,0.010,,070126,,,R,V*0F
$GNRMC,002931.80,A,6019.17333,N,02449.84900,E,0.012,,070126,,,R,V*02
$GNVTG,,T,,M,0.024,N,0.044,K,D*3E
$GNVTG,,T,,M,0.006,N,0.011,K,D*3E
$GNRMC,002932.40,A,6019.17333,N,02449.84900,E,0.017,,070126,,,R,V*08
$GNRMC,002932.60,A,6019.17333,N,02449.84900,E,0.009,,070126,,,R,V*05
$GNRMC,002932.80,A,6019.17333,N,02449.84900,E,0.026,,070126,,,R,V*06
$GNRMC,002933.00,A,6019.17333,N,02449.84900,E,0.017,,070126,,,R,V*0D
$GNVTG,,T,,M,0.019,N,0.035,K,D*36
$GNVTG,,T,,M,0.014,N,0.026,K,D*39
$GNVTG,,T,,M,0.007,N,0.012,K,D*3C
$GNRMC,002933.80,A,6019.17333,N,02449.84901,E,0.007,,070126,,,R,V*05
$GNRMC,002934.00,A,6019.17333,N,02449.84900,E,0.037,,070126,,,R,V*08
$GNVTG,,T,,M,0.003,N,0.005,K,D*3E
$GNRMC,002934.50,A,6019.17333,N,02449.84900,E,0.022,,070126,,,R,V*09
$GNRMC,002934.70,A,6019.17333,N,02449.84901,E,0.032,,070126,,,R,V*0B
$GNRMC,002934.90,A,6019.17333,N,02449.84900,E,0.010,,070126,,,R,V*04
$GNVTG,,T,,M,0.010,N,0.018,K,D*30
$GNRMC,002935.20,A,6019.17333,N,02449.84900,E,0.017,,070126,,,R,V*09
$GNRMC,002935.40,A,6019.17333,N,02449.84901,E,0.032,,070126,,,R,V*09
$GNVTG,,T,,M,0.031,N,0.058,K,D*37
$GNRMC,002935.70,A,6019.17333,N,02449.84900,E,0.011,,070126,,,R,V*0A
$GNRMC,002935.90,A,6019.17333,N,02449.84900,E,0.011,,070126,,,R,V*04
$GNVTG,,T,,M,0.011,N,0.021,K,D*3B
$GNRMC,002936.10,A,6019.17333,N,02449.84901,E,0.031,,070126,,,R,V*0C
$GNVTG,,T,,M,0.045,N,0.083,K,D*32
$GNRMC,002936.70,A,6019.17333,N,02449.84900,E,0.036,,070126,,,R,V*0C
$GNVTG,,T,,M,0.036,N,0.067,K,D*3C
$GNRMC,002936.90,A,6019.17333,N,02449.84900,E,0.024,,070126,,,R,V*01
$GNVTG,,T,,M,0.024,N,0.044,K,D*3E
$GNRMC,002937.10,A,6019.17333,N,02449.84900,E,0.021,,070126,,,R,V*0D
$GNRMC,002937.30,A,6019.17333,N,02449.84900,E,0.018,,070126,,,R,V*05
$GNVTG,,T,,M,0.018,N,0.034,K,D*36
$GNRMC,002937.40,A,6019.17333,N,02449.84900,E,0.004,,070126,,,R,V*0F
$GNRMC,002937.60,A,6019.17333,N,02449.84900,E,0.006,,070126,,,R,V*0F
$GNVTG,,T,,M,0.006,N,0.011,K,D*3E
$GNRMC,002937.80,A,6019.17333,N,02449.84900,E,0.028,,070126,,,R,V*0D
$GNRMC,002938.00,A,6019.17333,N,02449.84900,E,0.012,,070126,,,R,V*03
$GNRMC,002938.10,A,6019.17333,N,02449.84900,E,0.009,,070126,,,R,V*08
$GNVTG,,T,,M,0.022,N,0.040,K,D*3C
$GNRMC,002938.50,A,6019.17333,N,02449.84900,E,0.023,,070126,,,R,V*04
$GNVTG,,T,,M,0.011,N,0.020,K,D*3A
$GNRMC,002938.80,A,6019.17333,N,02449.84900,E,0.011,,070126,,,R,V*08
$GNRMC,002939.00,A,6019.17333,N,02449.84900,E,0.007,,070126,,,R,V*06
$GNRMC,002939.20,A,6019.17333,N,02449.84900,E,0.013,,070126,,,R,V*01
$GNVTG,,T,,M,0.002,N,0.004,K,D*3E
$GNRMC,002939.60,A,6019.17333,N,02449.84900,E,0.006,,070126,,,R,V*01
$GNRMC,002939.80,A,6019.17333,N,02449.84900,E,0.014,,070126,,,R,V*0C
$GNVTG,,T,,M,0.014,N,0.026,K,D*39
$GNRMC,002940.20,A,6019.17333,N,02449.84900,E,0.022,,070126,,,R,V*0D
$GNVTG,,T,,M,0.019,N,0.036,K,D*35
$GNVTG,,T,,M,0.031,N,0.058,K,D*37
$GNRMC,002940.60,A,6019.17333,N,02449.84900,E,0.009,,070126,,,R,V*00
$GNVTG,,T,,M,0.015,N,0.029,K,D*37
$GNRMC,002941.20,A,6019.17333,N,02449.84899,E,0.023,,070126,,,R,V*0C
$GNVTG,,T,,M,0.033,N,0.061,K,D*3F
$GNRMC,002941.60,A,6019.17333,N,02449.84899,E,0.009,,070126,,,R,V*00
$GNVTG,,T,,M,0.006,N,0.012,K,D*3D
$GNRMC,002942.00,A,6019.17333,N,02449.84900,E,0.031,,070126,,,R,V*0F
$GNVTG,,T,,M,0.010,N,0.018,K,D*30
$GNRMC,002942.40,A,6019.17333,N,02449.84900,E,0.019,,070126,,,R,V*01
$GNRMC,002942.50,A,6019.17333,N,02449.84900,E,0.013,,070126,,,R,V*0A
$GNVTG,,T,,M,0.028,N,0.052,K,D*35
$GNRMC,002942.90,A,6019.17333,N,02449.84900,E,0.020,,070126,,,R,V*06
$GNRMC,002943.10,A,6019.17333,N,02449.84900,E,0.012,,070126,,,R,V*0E
$GNRMC,002943.50,A,6019.17333,N,02449.84900,E,0.019,,070126,,,R,V*01
$GNVTG,,T,,M,0.019,N,0.035,K,D*36
$GNRMC,002943.60,A,6019.17333,N,02449.84900,E,0.017,,070126,,,R,V*0C
$GNVTG,,T,,M,0.017,N,0.031,K,D*3C
$GNRMC,002943.80,A,6019.17333,N,02449.84900,E,0.016,,070126,,,R,V*03
$GNRMC,002943.90,A,6019.17333,N,02449.84900,E,0.033,,070126,,,R,V*05
$GNVTG,,T,,M,0.033,N,0.061,K,D*3F
$GNRMC,002944.10,A,6019.17333,N,02449.84900,E,0.020,,070126,,,R,V*08
$GNVTG,,T,,M,0.020,N,0.037,K,D*3E
$GNRMC,002944.30,A,6019.17333,N,02449.84900,E,0.012,,070126,,,R,V*0B
$GNTXT,01,01,00,txbuf alloc*61
$GNVTG,,T,,M,0.002,N,0.004,K,D*3E
$GNRMC,002944.90,A,6019.17333,N,02449.84900,E,0.037,,070126,,,R,V*06
$GNVTG,,T,,M,0.037,N,0.069,K,D*33
$GNRMC,002945.10,A,6019.17333,N,02449.84900,E,0.010,,070126,,,R,V*0A
$GNVTG,,T,,M,0.010,N,0.018,K,D*30
$GNRMC,002945.30,A,6019.17333,N,02449.84900,E,0.014,,070126,,,R,V*0C
$GNVTG,,T,,M,0.014,N,0.027,K,D*38
$GNVTG,,T,,M,0.035,N,0.065,K,D*3D
$GNTXT,01,01,00,txbuf alloc*61
$GNRMC,002945.50,A,6019.17333,N,02449.84900,E,0.011,,070126,,,R,V*0F
$GNVTG,,T,,M,0.011,N,0.020,K,D*3A
$GNRMC,002945.70,A,6019.17333,N,02449.84900,E,0.021,,070126,,,R,V*0E
$GNRMC,002945.80,A,6019.17333,N,02449.84900,E,0.017,,070126,,,R,V*04
$GNVTG,,T,,M,0.017,N,0.032,K,D*3F
$GNRMC,002946.10,A,6019.17333,N,02449.84899,E,0.014,,070126,,,R,V*0C
$GNRMC,002946.50,A,6019.17333,N,02449.84900,E,0.038,,070126,,,R,V*07
$GNVTG,,T,,M,0.038,N,0.070,K,D*34
$GNRMC,002947.00,A,6019.17333,N,02449.84900,E,0.015,,070126,,,R,V*0C
$GNVTG,,T,,M,0.015,N,0.028,K,D*36
$GNRMC,002947.20,A,6019.17333,N,02449.84900,E,0.031,,070126,,,R,V*08
$GNRMC,002947.40,A,6019.17333,N,02449.84900,E,0.018,,070126,,,R,V*05
$GNVTG,,T,,M,0.018,N,0.033,K,D*31
$GNRMC,002947.60,A,6019.17333,N,02449.84900,E,0.012,,070126,,,R,V*0D
$GNVTG,,T,,M,0.012,N,0.022,K,D*3B
$GNRMC,002947.70,A,6019.17333,N,02449.84900,E,0.013,,070126,,,R,V*0D
$GNRMC,002948.00,A,6019.17333,N,02449.84900,E,0.019,,070126,,,R,V*0F
$GNVTG,,T,,M,0.019,N,0.035,K,D*36
$GNRMC,002948.20,A,6019.17333,N,02449.84900,E,0.023,,070126,,,R,V*04
$GNVTG,,T,,M,0.023,N,0.042,K,D*3F
$GNRMC,002948.40,A,6019.17333,N,02449.84900,E,0.010,,070126,,,R,V*02
$GNVTG,,T,,M,0.010,N,0.018,K,D*30
$GNRMC,002948.60,A,6019.17333,N,02449.84900,E,0.028,,070126,,,R,V*0B
$GNRMC,002948.80,A,6019.17333,N,02449.84900,E,0.007,,070126,,,R,V*08
$GNRMC,002949.00,A,6019.17333,N,02449.84900,E,0.016,,070126,,,R,V*01
$GNVTG,,T,,M,0.016,N,0.029,K,D*34
$GNRMC,002949.20,A,6019.17333,N,02449.84900,E,0.016,,070126,,,R,V*03
$GNRMC,002949.40,A,6019.17333,N,02449.84900,E,0.010,,070126,,,R,V*03
$GNVTG,,T,,M,0.010,N,0.019,K,D*31
$GNRMC,002949.60,A,6019.17333,N,02449.84900,E,0.030,,070126,,,R,V*03
$GNVTG,,T,,M,0.030,N,0.056,K,D*38
$GNRMC,002949.80,A,6019.17333,N,02449.84900,E,0.013,,070126,,,R,V*0C
$GNRMC,002950.00,A,6019.17333,N,02449.84900,E,0.002,,070126,,,R,V*0C
$GNRMC,002950.20,A,6019.17333,N,02449.84900,E,0.029,,070126,,,R,V*07
$GNVTG,,T,,M,0.029,N,0.054,K,D*32
$GNRMC,002950.40,A,6019.17333,N,02449.84900,E,0.021,,070126,,,R,V*09
$GNVTG,,T,,M,0.018,N,0.033,K,D*31
$GNRMC,002950.80,A,6019.17333,N,02449.84900,E,0.014,,070126,,,R,V*03
$GNVTG,,T,,M,0.014,N,0.026,K,D*39
$GNVTG,,T,,M,0.016,N,0.030,K,D*3C
$GPGSV,4,1,14,01,39,170,32,03,85,169,51,04,47,209,45,06,26,310,36,1*64
$GNVTG,,T,,M,0.018,N,0.034,K,D*36
$GNRMC,002951.60,A,6019.17333,N,02449.84900,E,0.015,,070126,,,R,V*0D
$GNRMC,002951.90,A,6019.17333,N,02449.84900,E,0.020,,070126,,,R,V*04
$GNVTG,,T,,M,0.020,N,0.037,K,D*3E
$GNVTG,,T,,M,0.024,N,0.045,K,D*3F
$GNRMC,002952.20,A,6019.17333,N,02449.84900,E,0.016,,070126,,,R,V*09
$GNRMC,002952.40,A,6019.17333,N,02449.84900,E,0.038,,070126,,,R,V*03
$GNRMC,002952.60,A,6019.17333,N,02449.84900,E,0.009,,070126,,,R,V*03
$GNRMC,002953.00,A,6019.17333,N,02449.84900,E,0.029,,070126,,,R,V*06
$GNRMC,002953.30,A,6019.17333,N,02449.84900,E,0.041,,070126,,,R,V*0B
$GNVTG,,T,,M,0.041,N,0.076,K,D*3C
$GNRMC,002953.50,A,6019.17333,N,02449.84900,E,0.009,,070126,,,R,V*01
$GNVTG,,T,,M,0.009,N,0.017,K,D*37
$GNRMC,002953.70,A,6019.17333,N,02449.84900,E,0.013,,070126,,,R,V*08
$GNRMC,002954.00,A,6019.17333,N,02449.84900,E,0.008,,070126,,,R,V*02
$GNVTG,,T,,M,0.017,N,0.031,K,D*3C
$GNRMC,002954.20,A,6019.17333,N,02449.84900,E,0.002,,070126,,,R,V*0A
$GNVTG,,T,,M,0.020,N,0.037,K,D*3E
$GNVTG,,T,,M,0.020,N,0.038,K,D*31
$GNRMC,002954.70,A,6019.17333,N,02449.84900,E,0.007,,070126,,,R,V*0A
$GNRMC,002955.00,A,6019.17333,N,02449.84900,E,0.012,,070126,,,R,V*08
$GNVTG,,T,,M,0.012,N,0.023,K,D*3A
$GNVTG,,T,,M,0.010,N,0.019,K,D*31
$GNTXT,01,01,00,txbuf alloc*61
$GNRMC,002955.60,A,6019.17333,N,02449.84900,E,0.003,,070126,,,R,V*0E
$GNRMC,002955.80,A,6019.17333,N,02449.84900,E,0.021,,070126,,,R,V*00
$GNVTG,,T,,M,0.006,N,0.012,K,D*3D
$GNRMC,002956.10,A,6019.17333,N,02449.84900,E,0.014,,070126,,,R,V*0C
$GNRMC,002956.30,A,6019.17333,N,02449.84900,E,0.010,,070126,,,R,V*0A
$GNVTG,,T,,M,0.010,N,0.019,K,D*31
$GNRMC,002956.60,A,6019.17333,N,02449.84900,E,0.011,,070126,,,R,V*0E
$GNVTG,,T,,M,0.011,N,0.020,K,D*3A
$GNRMC,002957.20,A,6019.17333,N,02449.84900,E,0.014,,070126,,,R,V*0E
$GNRMC,002957.40,A,6019.17333,N,02449.84900,E,0.011,,070126,,,R,V*0D
$GNRMC,002957.60,A,6019.17333,N,02449.84901,E,0.005,,070126,,,R,V*0B
$GNRMC,002957.80,A,6019.17333,N,02449.84901,E,0.014,,070126,,,R,V*05
$GNVTG,,T,,M,0.005,N,0.009,K,D*34
$GNVTG,,T,,M,0.017,N,0.032,K,D*3F
$GNRMC,002958.40,A,6019.17333,N,02449.84900,E,0.010,,070126,,,R,V*03
$GNTXT,01,01,00,txbuf alloc*61
$GNRMC,002958.70,A,6019.17333,N,02449.84900,E,0.019,,070126,,,R,V*09
$GNVTG,,T,,M,0.019,N,0.036,K,D*35
$GNRMC,002959.00,A,6019.17333,N,02449.84900,E,0.002,,070126,,,R,V*05
$GNRMC,002959.20,A,6019.17333,N,02449.84900,E,0.008,,070126,,,R,V*0D
$GNRMC,002959.40,A,6019.17333,N,02449.84900,E,0.016,,070126,,,R,V*04
$GNVTG,,T,,M,0.016,N,0.029,K,D*34
$GNVTG,,T,,M,0.038,N,0.071,K,D*35
$GNRMC,002959.80,A,6019.17333,N,02449.84900,E,0.013,,070126,,,R,V*0D
$GNRMC,003000.30,A,6019.17333,N,02449.84900,E,0.011,,070126,,,R,V*00
$GNRMC,003000.50,A,6019.17333,N,02449.84900,E,0.009,,070126,,,R,V*0F
$GNRMC,003001.20,A,6019.17333,N,02449.84900,E,0.010,,070126,,,R,V*01
$GNVTG,,T,,M,0.010,N,0.019,K,D*31
$GNRMC,003001.40,A,6019.17333,N,02449.84900,E,0.003,,070126,,,R,V*05
$GNVTG,,T,,M,0.003,N,0.006,K,D*3D
$GNVTG,,T,,M,0.014,N,0.026,K,D*39
$GNRMC,003001.60,A,6019.17333,N,02449.84900,E,0.005,,070126,,,R,V*01
$GNVTG,,T,,M,0.005,N,0.008,K,D*35
$GNRMC,003001.80,A,6019.17333,N,02449.84900,E,0.018,,070126,,,R,V*03
$GNVTG,,T,,M,0.018,N,0.033,K,D*31
$GNVTG,,T,,M,0.006,N,0.012,K,D*3D
$GNRMC,003002.20,A,6019.17333,N,02449.84900,E,0.023,,070126,,,R,V*02
$GNVTG,,T,,M,0.010,N,0.018,K,D*30
$GNRMC,003002.60,A,6019.17333,N,02449.84900,E,0.023,,070126,,,R,V*06
$GNRMC,003002.90,A,6019.17333,N,02449.84900,E,0.004,,070126,,,R,V*0C
$GNRMC,003003.10,A,6019.17333,N,02449.84900,E,0.035,,070126,,,R,V*07
$GNRMC,003003.20,A,6019.17333,N,02449.84900,E,0.004,,070126,,,R,V*06
$GNRMC,003003.40,A,6019.17333,N,02449.84900,E,0.028,,070126,,,R,V*0E
$GNRMC,003003.80,A,6019.17333,N,02449.84900,E,0.016,,070126,,,R,V*0F
$GNRMC,003003.90,A,6019.17333,N,02449.84900,E,0.014,,070126,,,R,V*0C
$GNVTG,,T,,M,0.018,N,0.034,K,D*36
$GNRMC,003004.30,A,6019.17333,N,02449.84900,E,0.028,,070126,,,R,V*0E
$GNVTG,,T,,M,0.033,N,0.062,K,D*3C
$GNRMC,003004.70,A,6019.17333,N,02449.84900,E,0.010,,070126,,,R,V*01
$GNRMC,003005.00,A,6019.17333,N,02449.84900,E,0.001,,070126,,,R,V*07
$GNVTG,,T,,M,0.001,N,0.001,K,D*38
$GNVTG,,T,,M,0.006,N,0.012,K,D*3D
$GNVTG,,T,,M,0.034,N,0.062,K,D*3B
$GNRMC,003006.00,A,6019.17333,N,02449.84900,E,0.025,,070126,,,R,V*02
$GNVTG,,T,,M,0.025,N,0.046,K,D*3D
$GNRMC,003006.30,A,6019.17333,N,02449.84900,E,0.022,,070126,,,R,V*06
$GNRMC,003006.50,A,6019.17333,N,02449.84900,E,0.031,,070126,,,R,V*02
$GNVTG,,T,,M,0.018,N,0.032,K,D*30
$GNRMC,003006.80,A,6019.17333,N,02449.84900,E,0.019,,070126,,,R,V*05
$GNRMC,003007.00,A,6019.17333,N,02449.84900,E,0.009,,070126,,,R,V*0D
$GNVTG,,T,,M,0.009,N,0.016,K,D*36
$GNRMC,003007.20,A,6019.17333,N,02449.84900,E,0.030,,070126,,,R,V*05
$GNVTG,,T,,M,0.026,N,0.049,K,D*31
$GNRMC,003007.70,A,6019.17333,N,02449.84900,E,0.020,,070126,,,R,V*01
$GNRMC,003007.90,A,6019.17333,N,02449.84900,E,0.017,,070126,,,R,V*0B
$GNRMC,003008.10,A,6019.17333,N,02449.84900,E,0.018,,070126,,,R,V*03
$GNVTG,,T,,M,0.018,N,0.034,K,D*36
$GNRMC,003008.30,A,6019.17333,N,02449.84899,E,0.018,,070126,,,R,V*00
$GNVTG,,T,,M,0.018,N,0.034,K,D*36
$GNRMC,003008.60,A,6019.17333,N,02449.84899,E,0.016,,070126,,,R,V*0B
$GNVTG,,T,,M,0.016,N,0.029,K,D*34
$GNRMC,003009.00,A,6019.17333,N,02449.84900,E,0.024,,070126,,,R,V*0C
$GNRMC,003009.40,A,6019.17333,N,02449.84900,E,0.029,,070126,,,R,V*05
$GNRMC,003009.60,A,6019.17333,N,02449.84900,E,0.017,,070126,,,R,V*0A
$GBGSV,3,1,10,02,09,116,,05,19,141,,06,40,082,,09,38,101,,0*7A
$GNVTG,,T,,M,0.003,N,0.006,K,D*3D
$GNVTG,,T,,M,0.013,N,0.024,K,D*3C
$GNRMC,003010.40,A,6019.17333,N,02449.84900,E,0.007,,070126,,,R,V*01
$GNRMC,003010.50,A,6019.17333,N,02449.84900,E,0.007,,070126,,,R,V*00
$GNVTG,,T,,M,0.008,N,0.015,K,D*34
$GNVTG,,T,,M,0.020,N,0.036,K,D*3F
$GNRMC,003011.00,A,6019.17333,N,02449.84900,E,0.019,,070126,,,R,V*0B
$GNVTG,,T,,M,0.019,N,0.036,K,D*35
$GNVTG,,T,,M,0.007,N,0.014,K,D*3A
$GNVTG,,T,,M,0.019,N,0.036,K,D*35
$GNTXT,01,01,00,txbuf alloc*61
$GNRMC,003011.60,A,6019.17333,N,02449.84900,E,0.010,,070126,,,R,V*04
$GNVTG,,T,,M,0.010,N,0.019,K,D*31
$GNRMC,003011.90,A,6019.17333,N,02449.84900,E,0.010,,070126,,,R,V*0B
$GNRMC,003012.20,A,6019.17333,N,02449.84900,E,0.006,,070126,,,R,V*04
$GNRMC,003012.40,A,6019.17333,N,02449.84900,E,0.012,,070126,,,R,V*07
$GNRMC,003012.60,A,6019.17333,N,02449.84900,E,0.018,,070126,,,R,V*0F
$GNVTG,,T,,M,0.019,N,0.036,K,D*35
$GNVTG,,T,,M,0.011,N,0.020,K,D*3A
$GNVTG,,T,,M,0.016,N,0.029,K,D*34
$GNRMC,003013.30,A,6019.17333,N,02449.84900,E,0.012,,070126,,,R,V*01
$GNVTG,,T,,M,0.014,N,0.026,K,D*39
$GNRMC,003014.00,A,6019.17333,N,02449.84900,E,0.009,,070126,,,R,V*0F
$GNRMC,003014.10,A,6019.17333,N,02449.84900,E,0.014,,070126,,,R,V*02
$GNVTG,,T,,M,0.020,N,0.037,K,D*3E
$GNVTG,,T,,M,0.022,N,0.040,K,D*3C
$GNVTG,,T,,M,0.012,N,0.022,K,D*3B
$GNRMC,003014.80,A,6019.17333,N,02449.84900,E,0.009,,070126,,,R,V*07
$GNRMC,003015.00,A,6019.17333,N,02449.84900,E,0.008,,070126,,,R,V*0F
$GNRMC,003015.40,A,6019.17333,N,02449.84900,E,0.021,,070126,,,R,V*00
$GNVTG,,T,,M,0.021,N,0.040,K,D*3F
$GNRMC,003015.80,A,6019.17333,N,02449.84900,E,0.010,,070126,,,R,V*0E
$GNRMC,003016.20,A,6019.17333,N,02449.84900,E,0.006,,070126,,,R,V*00
$GNVTG,,T,,M,0.006,N,0.011,K,D*3E
$GNRMC,003016.60,A,6019.17333,N,02449.84900,E,0.015,,070126,,,R,V*06
$GNRMC,003017.10,A,6019.17333,N,02449.84900,E,0.014,,070126,,,R,V*01
$GNVTG,,T,,M,0.014,N,0.025,K,D*3A
$GNRMC,003017.30,A,6019.17333,N,02449.84900,E,0.034,,070126,,,R,V*01
$GNRMC,003017.50,A,6019.17333,N,02449.84900,E,0.034,,070126,,,R,V*07
$GNVTG,,T,,M,0.034,N,0.062,K,D*3B
$GNRMC,003017.70,A,6019.17333,N,02449.84900,E,0.007,,070126,,,R,V*05
$GNVTG,,T,,M,0.007,N,0.013,K,D*3D
$GNVTG,,T,,M,0.034,N,0.063,K,D*3A
$GNVTG,,T,,M,0.012,N,0.022,K,D*3B
$GNRMC,003018.20,A,6019.17333,N,02449.84900,E,0.010,,070126,,,R,V*09
$GNRMC,003018.40,A,6019.17333,N,02449.84900,E,0.028,,070126,,,R,V*04
$GNVTG,,T,,M,0.018,N,0.033,K,D*31
$GNRMC,003018.90,A,6019.17333,N,02449.84900,E,0.006,,070126,,,R,V*05
$GNVTG,,T,,M,0.003,N,0.006,K,D*3D
$GNRMC,003019.30,A,6019.17333,N,02449.84900,E,0.019,,070126,,,R,V*00
$GNRMC,003019.50,A,6019.17333,N,02449.84900,E,0.018,,070126,,,R,V*07
$GNRMC,003019.70,A,6019.17333,N,02449.84900,E,0.016,,070126,,,R,V*0B
$GNRMC,003019.90,A,6019.17333,N,02449.84900,E,0.009,,070126,,,R,V*0B
$GNRMC,003020.00,A,6019.17333,N,02449.84900,E,0.012,,070126,,,R,V*02
$GNRMC,003020.20,A,6019.17333,N,02449.84900,E,0.014,,070126,,,R,V*06
$GNRMC,003020.40,A,6019.17333,N,02449.84900,E,0.006,,070126,,,R,V*03
$GNVTG,,T,,M,0.009,N,0.017,K,D*37
$GNRMC,003020.80,A,6019.17333,N,02449.84900,E,0.032,,070126,,,R,V*08
$GNRMC,003021.00,A,6019.17332,N,02449.84900,E,0.038,,070126,,,R,V*0A
$GNRMC,003021.20,A,6019.17333,N,02449.84900,E,0.004,,070126,,,R,V*06
$GNVTG,,T,,M,0.009,N,0.017,K,D*37
$GNTXT,01,01,00,txbuf alloc*61
$GNVTG,,T,,M,0.005,N,0.009,K,D*34
$GNRMC,003021.80,A,6019.17333,N,02449.84900,E,0.008,,070126,,,R,V*00
$GNRMC,003022.00,A,6019.17333,N,02449.84900,E,0.040,,070126,,,R,V*07
$GNVTG,,T,,M,0.000,N,0.000,K,D*38
$GNVTG,,T,,M,0.029,N,0.053,K,D*35
$GNRMC,003022.70,A,6019.17333,N,02449.84900,E,0.018,,070126,,,R,V*0D
$GNVTG,,T,,M,0.035,N,0.066,K,D*3E
$GNRMC,003023.20,A,6019.17332,N,02449.84900,E,0.011,,070126,,,R,V*01
$GNRMC,003023.70,A,6019.17333,N,02449.84900,E,0.019,,070126,,,R,V*0D
$GNVTG,,T,,M,0.019,N,0.036,K,D*35
$GNRMC,003023.80,A,6019.17333,N,02449.84900,E,0.005,,070126,,,R,V*0F
$GNRMC,003024.20,A,6019.17333,N,02449.84900,E,0.013,,070126,,,R,V*05
$GNRMC,003024.60,A,6019.17333,N,02449.84900,E,0.013,,070126,,,R,V*01
$GNVTG,,T,,M,0.013,N,0.024,K,D*3C
$GNRMC,003025.10,A,6019.17333,N,02449.84900,E,0.020,,070126,,,R,V*07
$GNVTG,,T,,M,0.017,N,0.032,K,D*3F
$GNRMC,003025.40,A,6019.17333,N,02449.84900,E,0.016,,070126,,,R,V*07
$GNRMC,003025.70,A,6019.17333,N,02449.84900,E,0.028,,070126,,,R,V*09
$GNRMC,003025.90,A,6019.17333,N,02449.84900,E,0.026,,070126,,,R,V*09
$GNVTG,,T,,M,0.019,N,0.036,K,D*35
$GNRMC,003026.20,A,6019.17333,N,02449.84900,E,0.046,,070126,,,R,V*07
$GNRMC,003026.50,A,6019.17333,N,02449.84900,E,0.017,,070126,,,R,V*04
$GNVTG,,T,,M,0.017,N,0.031,K,D*3C
$GNRMC,003026.70,A,6019.17333,N,02449.84900,E,0.005,,070126,,,R,V*05
$GNRMC,003026.90,A,6019.17333,N,02449.84900,E,0.019,,070126,,,R,V*06
$GNRMC,003027.10,A,6019.17333,N,02449.84900,E,0.021,,070126,,,R,V*04
$GNRMC,003027.30,A,6019.17333,N,02449.84900,E,0.014,,070126,,,R,V*00
$GNRMC,003027.40,A,6019.17333,N,02449.84900,E,0.007,,070126,,,R,V*05
$GNVTG,,T,,M,0.007,N,0.012,K,D*3C
$GNVTG,,T,,M,0.009,N,0.018,K,D*38
$GNRMC,003027.70,A,6019.17333,N,02449.84900,E,0.017,,070126,,,R,V*07
$GNRMC,003027.80,A,6019.17333,N,02449.84900,E,0.014,,070126,,,R,V*0B
$GNRMC,003028.00,A,6019.17333,N,02449.84900,E,0.031,,070126,,,R,V*0B
$GNVTG,,T,,M,0.010,N,0.018,K,D*30
$GNVTG,,T,,M,0.018,N,0.033,K,D*31
$GNVTG,,T,,M,0.013,N,0.023,K,D*3B
$GNRMC,003028.70,A,6019.17333,N,02449.84900,E,0.023,,070126,,,R,V*0F
$GNRMC,003028.80,A,6019.17333,N,02449.84900,E,0.010,,070126,,,R,V*00
$GNVTG,,T,,M,0.003,N,0.005,K,D*3E
$GNRMC,003029.10,A,6019.17333,N,02449.84900,E,0.004,,070126,,,R,V*0D
$GNVTG,,T,,M,0.010,N,0.019,K,D*31
$GNRMC,003029.40,A,6019.17333,N,02449.84900,E,0.003,,070126,,,R,V*0F
$GNRMC,003029.50,A,6019.17333,N,02449.84900,E,0.027,,070126,,,R,V*08
$GNVTG,,T,,M,0.027,N,0.051,K,D*39
$GNVTG,,T,,M,0.014,N,0.027,K,D*38
$GNVTG,,T,,M,0.029,N,0.054,K,D*32
$GNRMC,003030.10,A,6019.17333,N,02449.84900,E,0.045,,070126,,,R,V*00
$GNRMC,003030.30,A,6019.17333,N,02449.84900,E,0.006,,070126,,,R,V*05
$GNVTG,,T,,M,0.006,N,0.011,K,D*3E
$GNRMC,003030.60,A,6019.17333,N,02449.84900,E,0.020,,070126,,,R,V*04
$GNVTG,,T,,M,0.020,N,0.037,K,D*3E
$GNRMC,003030.90,A,6019.17333,N,02449.84900,E,0.044,,070126,,,R,V*09
$GNRMC,003031.10,A,6019.17333,N,02449.84900,E,0.010,,070126,,,R,V*01
$GNVTG,,T,,M,0.010,N,0.019,K,D*31
$GNRMC,003031.30,A,6019.17333,N,02449.84900,E,0.011,,070126,,,R,V*02
$GNRMC,003031.40,A,6019.17333,N,02449.84900,E,0.013,,070126,,,R,V*07
$GNVTG,,T,,M,0.013,N,0.024,K,D*3C
$GPGSV,4,1,14,01,39,170,27,03,85,169,50,04,47,209,45,06,26,310,35,1*62
$GNRMC,003031.70,A,6019.17333,N,02449.84900,E,0.006,,070126,,,R,V*00
$GNVTG,,T,,M,0.006,N,0.012,K,D*3D
$GNRMC,003031.90,A,6019.17332,N,02449.84901,E,0.023,,070126,,,R,V*09
$GNVTG,,T,,M,0.023,N,0.042,K,D*3F
$GNVTG,,T,,M,0.014,N,0.025,K,D*3A
$GNRMC,003032.40,A,6019.17332,N,02449.84901,E,0.024,,070126,,,R,V*00
$GNRMC,003032.60,A,6019.17332,N,02449.84901,E,0.017,,070126,,,R,V*02
$GNVTG,,T,,M,0.017,N,0.032,K,D*3F
$GNVTG,,T,,M,0.032,N,0.059,K,D*35
$GNVTG,,T,,M,0.010,N,0.019,K,D*31
$GNRMC,003033.40,A,6019.17332,N,02449.84900,E,0.017,,070126,,,R,V*00
$GNVTG,,T,,M,0.017,N,0.031,K,D*3C
$GNRMC,003033.60,A,6019.17332,N,02449.84900,E,0.020,,070126,,,R,V*06
$GNRMC,003033.70,A,6019.17332,N,02449.84900,E,0.012,,070126,,,R,V*06
$GNVTG,,T,,M,0.012,N,0.022,K,D*3B
$GNRMC,003033.90,A,6019.17333,N,02449.84900,E,0.007,,070126,,,R,V*0D
$GNVTG,,T,,M,0.034,N,0.062,K,D*3B
$GNRMC,003034.20,A,6019.17332,N,02449.84900,E,0.012,,070126,,,R,V*04
$GNTXT,01,01,00,txbuf alloc*61
$GNRMC,003034.60,A,6019.17332,N,02449.84900,E,0.021,,070126,,,R,V*00
$GNVTG,,T,,M,0.021,N,0.040,K,D*3F
$GNRMC,003035.00,A,6019.17332,N,02449.84900,E,0.016,,070126,,,R,V*03
$GNRMC,003035.30,A,6019.17333,N,02449.84900,E,0.001,,070126,,,R,V*07
$GNVTG,,T,,M,0.024,N,0.044,K,D*3E
$GNTXT,01,01,00,txbuf alloc*61
$GNRMC,003035.60,A,6019.17333,N,02449.84900,E,0.014,,070126,,,R,V*06
$GNRMC,003035.70,A,6019.17333,N,02449.84900,E,0.012,,070126,,,R,V*01
$GNVTG,,T,,M,0.017,N,0.031,K,D*3C
$GNRMC,003036.10,A,6019.17333,N,02449.84900,E,0.024,,070126,,,R,V*01
$GNVTG,,T,,M,0.027,N,0.050,K,D*38
$GNRMC,003036.50,A,6019.17333,N,02449.84901,E,0.001,,070126,,,R,V*03
$GNVTG,,T,,M,0.007,N,0.014,K,D*3A
$GNRMC,003036.90,A,6019.17333,N,02449.84900,E,0.039,,070126,,,R,V*05
$GNRMC,003037.10,A,6019.17333,N,02449.84901,E,0.011,,070126,,,R,V*07
$GNRMC,003037.40,A,6019.17333,N,02449.84900,E,0.028,,070126,,,R,V*09
$GNRMC,003037.60,A,6019.17333,N,02449.84901,E,0.016,,070126,,,R,V*07
$GNRMC,003037.90,A,6019.17333,N,02449.84901,E,0.009,,070126,,,R,V*06
$GNVTG,,T,,M,0.034,N,0.063,K,D*3A
$GNVTG,,T,,M,0.019,N,0.034,K,D*37
$GNVTG,,T,,M,0.020,N,0.038,K,D*31
$GNRMC,003038.60,A,6019.17332,N,02449.84900,E,0.014,,070126,,,R,V*0A
$GNVTG,,T,,M,0.014,N,0.025,K,D*3A
$GNRMC,003038.80,A,6019.17332,N,02449.84900,E,0.012,,070126,,,R,V*02
$GNVTG,,T,,M,0.012,N,0.021,K,D*38
$GNRMC,003039.00,A,6019.17332,N,02449.84900,E,0.013,,070126,,,R,V*0A
$GNVTG,,T,,M,0.013,N,0.024,K,D*3C
$GNRMC,003039.30,A,6019.17332,N,02449.84900,E,0.014,,070126,,,R,V*0E
$GNVTG,,T,,M,0.014,N,0.026,K,D*39
$GNRMC,003039.50,A,6019.17332,N,02449.84900,E,0.003,,070126,,,R,V*0E
$GNVTG,,T,,M,0.003,N,0.006,K,D*3D
$GNRMC,003039.70,A,6019.17332,N,02449.84900,E,0.010,,070126,,,R,V*0E
$GNVTG,,T,,M,0.010,N,0.019,K,D*31
$GNRMC,003039.90,A,6019.17332,N,02449.84900,E,0.001,,070126,,,R,V*00
$GNVTG,,T,,M,0.001,N,0.002,K,D*3B
$GNRMC,003040.10,A,6019.17332,N,02449.84900,E,0.023,,070126,,,R,V*06
$GNVTG,,T,,M,0.023,N,0.043,K,D*3E
$GNVTG,,T,,M,0.015,N,0.028,K,D*36
$GNRMC,003040.60,A,6019.17332,N,02449.84900,E,0.003,,070126,,,R,V*03
$GNRMC,003040.80,A,6019.17332,N,02449.84900,E,0.010,,070126,,,R,V*0F
$GNRMC,003041.10,A,6019.17332,N,02449.84900,E,0.013,,070126,,,R,V*04
$GNRMC,003041.30,A,6019.17332,N,02449.84900,E,0.032,,070126,,,R,V*05
$GNRMC,003041.50,A,6019.17332,N,02449.84900,E,0.010,,070126,,,R,V*03
$GNRMC,003041.70,A,6019.17332,N,02449.84900,E,0.002,,070126,,,R,V*02
$GNVTG,,T,,M,0.002,N,0.003,K,D*39
$GNVTG,,T,,M,0.002,N,0.004,K,D*3E
$GNRMC,003042.20,A,6019.17332,N,02449.84900,E,0.012,,070126,,,R,V*05
$GNVTG,,T,,M,0.012,N,0.023,K,D*3A
$GNRMC,003042.80,A,6019.17332,N,02449.84901,E,0.007,,070126,,,R,V*0A
$GNVTG,,T,,M,0.007,N,0.014,K,D*3A
$GNRMC,003043.10,A,6019.17332,N,02449.84901,E,0.006,,070126,,,R,V*03
$GNRMC,003043.30,A,6019.17332,N,02449.84900,E,0.013,,070126,,,R,V*04
$GNRMC,003043.50,A,6019.17332,N,02449.84901,E,0.009,,070126,,,R,V*08
$GNVTG,,T,,M,0.017,N,0.032,K,D*3F
$GNRMC,003044.00,A,6019.17332,N,02449.84901,E,0.033,,070126,,,R,V*03
$GNRMC,003044.10,A,6019.17333,N,02449.84901,E,0.016,,070126,,,R,V*04
$GNRMC,003044.30,A,6019.17333,N,02449.84901,E,0.042,,070126,,,R,V*07
$GNRMC,003044.50,A,6019.17333,N,02449.84901,E,0.029,,070126,,,R,V*0C
$GNVTG,,T,,M,0.029,N,0.054,K,D*32
$GNRMC,003044.70,A,6019.17333,N,02449.84901,E,0.013,,070126,,,R,V*07
$GNVTG,,T,,M,0.005,N,0.010,K,D*3C
$GNRMC,003045.10,A,6019.17333,N,02449.84901,E,0.011,,070126,,,R,V*02
$GNRMC,003045.40,A,6019.17332,N,02449.84901,E,0.019,,070126,,,R,V*0E
$GNRMC,003045.60,A,6019.17332,N,02449.84901,E,0.007,,070126,,,R,V*03
$GNRMC,003045.90,A,6019.17332,N,02449.84901,E,0.022,,070126,,,R,V*0B
$GNVTG,,T,,M,0.022,N,0.041,K,D*3D
$GNRMC,003046.30,A,6019.17332,N,02449.84901,E,0.019,,070126,,,R,V*0A
$GNVTG,,T,,M,0.037,N,0.069,K,D*33
$GNVTG,,T,,M,0.004,N,0.007,K,D*3B
$GNVTG,,T,,M,0.014,N,0.025,K,D*3A
$GNRMC,003046.80,A,6019.17332,N,02449.84901,E,0.006,,070126,,,R,V*0F
$GNRMC,003047.00,A,6019.17332,N,02449.84901,E,0.015,,070126,,,R,V*04
$GNVTG,,T,,M,0.015,N,0.028,K,D*36
$GNRMC,003047.20,A,6019.17332,N,02449.84901,E,0.036,,070126,,,R,V*07
$GNVTG,,T,,M,0.013,N,0.024,K,D*3C
$GNRMC,003047.50,A,6019.17332,N,02449.84901,E,0.021,,070126,,,R,V*06
$GNRMC,003047.60,A,6019.17332,N,02449.84901,E,0.003,,070126,,,R,V*05
$GNVTG,,T,,M,0.003,N,0.006,K,D*3D
$GNRMC,003047.90,A,6019.17332,N,02449.84901,E,0.017,,070126,,,R,V*0F
$GNVTG,,T,,M,0.032,N,0.060,K,D*3F
$GNRMC,003048.40,A,6019.17332,N,02449.84900,E,0.043,,070126,,,R,V*0D
$GNRMC,003048.70,A,6019.17332,N,02449.84900,E,0.004,,070126,,,R,V*0D
$GNRMC,003048.90,A,6019.17332,N,02449.84900,E,0.017,,070126,,,R,V*01
$GNVTG,,T,,M,0.003,N,0.006,K,D*3D
$GNVTG,,T,,M,0.006,N,0.011,K,D*3E
$GNVTG,,T,,M,0.018,N,0.033,K,D*31
$GNTXT,01,01,00,txbuf alloc*61
$GNRMC,003049.70,A,6019.17332,N,02449.84900,E,0.009,,070126,,,R,V*01
$GNRMC,003049.80,A,6019.17332,N,02449.84900,E,0.016,,070126,,,R,V*00
$GNVTG,,T,,M,0.016,N,0.029,K,D*34
$GNRMC,003050.00,A,6019.17332,N,02449.84900,E,0.006,,070126,,,R,V*01
$GNVTG,,T,,M,0.006,N,0.011,K,D*3E
$GNRMC,003050.30,A,6019.17332,N,02449.84900,E,0.020,,070126,,,R,V*06
$GNVTG,,T,,M,0.009,N,0.016,K,D*36
$GNRMC,003050.50,A,6019.17332,N,02449.84900,E,0.015,,070126,,,R,V*06
$GNVTG,,T,,M,0.012,N,0.023,K,D*3A
$GNVTG,,T,,M,0.004,N,0.008,K,D*34
$GQGSV,1,1,00,0*64
$GNVTG,,T,,M,0.034,N,0.062,K,D*3B
$GNRMC,003051.70,A,6019.17332,N,02449.84900,E,0.030,,070126,,,R,V*02
$GNRMC,003051.80,A,6019.17332,N,02449.84900,E,0.035,,070126,,,R,V*08
$GNVTG,,T,,M,0.023,N,0.043,K,D*3E
$GNRMC,003052.60,A,6019.17332,N,02449.84900,E,0.011,,070126,,,R,V*03
$GNRMC,003052.90,A,6019.17332,N,02449.84900,E,0.012,,070126,,,R,V*0F
$GNVTG,,T,,M,0.012,N,0.023,K,D*3A
$GNRMC,003053.10,A,6019.17332,N,02449.84900,E,0.030,,070126,,,R,V*06
$GNVTG,,T,,M,0.017,N,0.031,K,D*3C
$GNRMC,003053.70,A,6019.17332,N,02449.84901,E,0.020,,070126,,,R,V*00
$GNRMC,003054.10,A,6019.17332,N,02449.84901,E,0.008,,070126,,,R,V*0B
$GNVTG,,T,,M,0.008,N,0.014,K,D*35
$GNRMC,003054.30,A,6019.17332,N,02449.84900,E,0.014,,070126,,,R,V*05
$GNRMC,003054.40,A,6019.17332,N,02449.84901,E,0.028,,070126,,,R,V*0C
$GNVTG,,T,,M,0.028,N,0.051,K,D*36
$GNRMC,003054.60,A,6019.17332,N,02449.84900,E,0.022,,070126,,,R,V*05
$GNVTG,,T,,M,0.022,N,0.041,K,D*3D
$GNRMC,003054.90,A,6019.17332,N,02449.84901,E,0.007,,070126,,,R,V*0C
$GNVTG,,T,,M,0.007,N,0.013,K,D*3D
$GNRMC,003055.10,A,6019.17332,N,02449.84900,E,0.008,,070126,,,R,V*0B
$GNRMC,003055.50,A,6019.17332,N,02449.84900,E,0.015,,070126,,,R,V*03
$GNRMC,003055.70,A,6019.17332,N,02449.84901,E,0.035,,070126,,,R,V*02
$GNVTG,,T,,M,0.035,N,0.065,K,D*3D
$GNVTG,,T,,M,0.017,N,0.032,K,D*3F
$GNRMC,003056.20,A,6019.17332,N,02449.84901,E,0.021,,070126,,,R,V*01
$GNRMC,003056.40,A,6019.17332,N,02449.84900,E,0.016,,070126,,,R,V*02
$GNVTG,,T,,M,0.016,N,0.030,K,D*3C
$GNRMC,003056.60,A,6019.17332,N,02449.84900,E,0.034,,070126,,,R,V*00
$GNVTG,,T,,M,0.034,N,0.062,K,D*3B
$GNRMC,003056.80,A,6019.17332,N,02449.84900,E,0.012,,070126,,,R,V*0A
$GNVTG,,T,,M,0.012,N,0.022,K,D*3B
$GNVTG,,T,,M,0.012,N,0.023,K,D*3A
$GNRMC,003057.10,A,6019.17332,N,02449.84900,E,0.014,,070126,,,R,V*04
$GNRMC,003057.40,A,6019.17332,N,02449.84900,E,0.012,,070126,,,R,V*07
$GNVTG,,T,,M,0.012,N,0.022,K,D*3B
$GNRMC,003057.60,A,6019.17332,N,02449.84900,E,0.016,,070126,,,R,V*01
$GNRMC,003057.70,A,6019.17332,N,02449.84900,E,0.014,,070126,,,R,V*02
$GNVTG,,T,,M,0.014,N,0.026,K,D*39
$GNRMC,003057.90,A,6019.17332,N,02449.84901,E,0.020,,070126,,,R,V*0A
$GNVTG,,T,,M,0.020,N,0.037,K,D*3E
$GNVTG,,T,,M,0.024,N,0.045,K,D*3F
$GNRMC,003058.30,A,6019.17332,N,02449.84901,E,0.015,,070126,,,R,V*09
$GNRMC,003058.70,A,6019.17332,N,02449.84901,E,0.012,,070126,,,R,V*0A
$GNRMC,003059.00,A,6019.17332,N,02449.84901,E,0.025,,070126,,,R,V*08
$GNRMC,003059.10,A,6019.17332,N,02449.84900,E,0.015,,070126,,,R,V*0B
$GNRMC,003059.30,A,6019.17332,N,02449.84900,E,0.028,,070126,,,R,V*07
$GNRMC,003059.60,A,6019.17332,N,02449.84901,E,0.004,,070126,,,R,V*0D
$GNRMC,003059.90,A,6019.17332,N,02449.84901,E,0.020,,070126,,,R,V*04
$GNRMC,003100.20,A,6019.17332,N,02449.84900,E,0.019,,070126,,,R,V*09
$GNRMC,003100.40,A,6019.17332,N,02449.84901,E,0.005,,070126,,,R,V*03
$GNRMC,003100.50,A,6019.17332,N,02449.84900,E,0.023,,070126,,,R,V*07
$GNVTG,,T,,M,0.014,N,0.025,K,D*3A
$GNRMC,003100.90,A,6019.17332,N,02449.84901,E,0.015,,070126,,,R,V*0F
$GNRMC,003101.10,A,6019.17332,N,02449.84901,E,0.019,,070126,,,R,V*0A
$GNRMC,003101.30,A,6019.17332,N,02449.84901,E,0.009,,070126,,,R,V*09
$GNTXT,01,01,00,txbuf alloc*61
$GNRMC,003101.60,A,6019.17332,N,02449.84901,E,0.016,,070126,,,R,V*02
$GNVTG,,T,,M,0.033,N,0.062,K,D*3C
$GNRMC,003102.00,A,6019.17332,N,02449.84901,E,0.008,,070126,,,R,V*08
$GNVTG,,T,,M,0.010,N,0.019,K,D*31
$GNRMC,003102.40,A,6019.17332,N,02449.84901,E,0.006,,070126,,,R,V*02
$GNVTG,,T,,M,0.006,N,0.011,K,D*3E
$GNTXT,01,01,00,txbuf alloc*61
$GNRMC,003102.70,A,6019.17332,N,02449.84901,E,0.012,,070126,,,R,V*04
$GNRMC,003102.90,A,6019.17332,N,02449.84901,E,0.020,,070126,,,R,V*0B
$GNRMC,003103.20,A,6019.17332,N,02449.84901,E,0.027,,070126,,,R,V*06
$GNVTG,,T,,M,0.027,N,0.050,K,D*38
$GNVTG,,T,,M,0.012,N,0.021,K,D*38
$GNTXT,01,01,00,txbuf alloc*61
$GNRMC,003103.90,A,6019.17332,N,02449.84901,E,0.021,,070126,,,R,V*0B
$GNRMC,003104.20,A,6019.17332,N,02449.84901,E,0.008,,070126,,,R,V*0C
$GNRMC,003104.60,A,6019.17332,N,02449.84901,E,0.010,,070126,,,R,V*01
$GNRMC,003105.00,A,6019.17332,N,02449.84901,E,0.009,,070126,,,R,V*0E
$GNRMC,003105.20,A,6019.17332,N,02449.84901,E,0.013,,070126,,,R,V*07
$GNVTG,,T,,M,0.013,N,0.025,K,D*3D
$GNRMC,003105.40,A,6019.17332,N,02449.84901,E,0.019,,070126,,,R,V*0B
$GNRMC,003105.80,A,6019.17332,N,02449.84901,E,0.024,,070126,,,R,V*09
$GNVTG,,T,,M,0.017,N,0.032,K,D*3F
$GNRMC,003106.50,A,6019.17332,N,02449.84902,E,0.010,,070126,,,R,V*03
$GNRMC,003106.70,A,6019.17332,N,02449.84901,E,0.008,,070126,,,R,V*0B
$GNRMC,003106.90,A,6019.17332,N,02449.84902,E,0.007,,070126,,,R,V*09
$GNVTG,,T,,M,0.007,N,0.013,K,D*3D
$GNRMC,003107.20,A,6019.17332,N,02449.84901,E,0.014,,070126,,,R,V*02
$GNVTG,,T,,M,0.014,N,0.025,K,D*3A
$GNRMC,003107.50,A,6019.17332,N,02449.84902,E,0.020,,070126,,,R,V*01
$GNRMC,003107.70,A,6019.17332,N,02449.84902,E,0.023,,070126,,,R,V*00
$GNVTG,,T,,M,0.023,N,0.043,K,D*3E
$GNRMC,003107.90,A,6019.17332,N,02449.84901,E,0.016,,070126,,,R,V*0B
$GNRMC,003108.10,A,6019.17332,N,02449.84902,E,0.020,,070126,,,R,V*0A
$GNRMC,003108.20,A,6019.17332,N,02449.84901,E,0.016,,070126,,,R,V*0F
$GNVTG,,T,,M,0.016,N,0.029,K,D*34
$GNRMC,003108.40,A,6019.17332,N,02449.84901,E,0.032,,070126,,,R,V*0F
$GNVTG,,T,,M,0.032,N,0.058,K,D*34
$GNRMC,003108.60,A,6019.17332,N,02449.84901,E,0.017,,070126,,,R,V*0A
$GNVTG,,T,,M,0.019,N,0.036,K,D*35
