$GNRMC,004720.70,A,6019.17332,N,02449.84900,E,0.013,,070126,,,R,V*05
$GNVTG,,T,,M,0.013,N,0.024,K,D*3C
$GNRMC,004720.90,A,6019.17333,N,02449.84900,E,0.010,,070126,,,R,V*09
$GNVTG,,T,,M,0.007,N,0.012,K,D*3C
$GNRMC,004721.50,A,6019.17332,N,02449.84900,E,0.015,,070126,,,R,V*00
$GNRMC,004721.60,A,6019.17332,N,02449.84900,E,0.005,,070126,,,R,V*02
$GNRMC,004721.80,A,6019.17332,N,02449.84900,E,0.017,,070126,,,R,V*0F
$GNVTG,,T,,M,0.029,N,0.054,K,D*32
$GNRMC,004722.10,A,6019.17332,N,02449.84901,E,0.023,,070126,,,R,V*03
$GNRMC,004722.20,A,6019.17332,N,02449.84900,E,0.009,,070126,,,R,V*09
$GNRMC,004722.40,A,6019.17332,N,02449.84901,E,0.006,,070126,,,R,V*01
$GNRMC,004722.50,A,6019.17332,N,02449.84900,E,0.013,,070126,,,R,V*05
$GNVTG,,T,,M,0.013,N,0.024,K,D*3C
$GNRMC,004722.80,A,6019.17332,N,02449.84900,E,0.018,,070126,,,R,V*03
$GNVTG,,T,,M,0.018,N,0.034,K,D*36
$GNRMC,004723.00,A,6019.17332,N,02449.84900,E,0.016,,070126,,,R,V*04
$GNRMC,004723.20,A,6019.17332,N,02449.84900,E,0.020,,070126,,,R,V*03
$GNRMC,004723.30,A,6019.17332,N,02449.84900,E,0.024,,070126,,,R,V*06
$GNRMC,004723.40,A,6019.17332,N,02449.84900,E,0.009,,070126,,,R,V*0E
$GNVTG,,T,,M,0.008,N,0.016,K,D*37
$GNRMC,004723.80,A,6019.17332,N,02449.84900,E,0.020,,070126,,,R,V*09
$GNVTG,,T,,M,0.011,N,0.020,K,D*3A
$GNVTG,,T,,M,0.007,N,0.012,K,D*3C
$GNRMC,004724.60,A,6019.17332,N,02449.84900,E,0.014,,070126,,,R,V*07
$GNRMC,004724.80,A,6019.17333,N,02449.84900,E,0.008,,070126,,,R,V*05
$GNVTG,,T,,M,0.008,N,0.014,K,D*35
$GNRMC,004725.00,A,6019.17332,N,02449.84900,E,0.008,,070126,,,R,V*0D
$GNRMC,004725.20,A,6019.17332,N,02449.84900,E,0.023,,070126,,,R,V*06
$GNVTG,,T,,M,0.023,N,0.042,K,D*3F
$GNRMC,004725.60,A,6019.17332,N,02449.84900,E,0.022,,070126,,,R,V*03
$GNVTG,,T,,M,0.022,N,0.041,K,D*3D
$GNRMC,004725.80,A,6019.17333,N,02449.84900,E,0.034,,070126,,,R,V*0B
$GNRMC,004726.10,A,6019.17332,N,02449.84900,E,0.020,,070126,,,R,V*05
$GNVTG,,T,,M,0.020,N,0.038,K,D*31
$GNRMC,004726.30,A,6019.17332,N,02449.84900,E,0.008,,070126,,,R,V*0D
$GNVTG,,T,,M,0.008,N,0.015,K,D*34
$GNRMC,004726.50,A,6019.17332,N,02449.84900,E,0.026,,070126,,,R,V*07
$GNVTG,,T,,M,0.026,N,0.048,K,D*30
$GNRMC,004726.70,A,6019.17332,N,02449.84900,E,0.028,,070126,,,R,V*0B
$GNVTG,,T,,M,0.028,N,0.051,K,D*36
$GNRMC,004726.90,A,6019.17332,N,02449.84900,E,0.007,,070126,,,R,V*08
$GNVTG,,T,,M,0.007,N,0.012,K,D*3C
$GNRMC,004727.10,A,6019.17333,N,02449.84900,E,0.029,,070126,,,R,V*0C
$GNRMC,004727.30,A,6019.17332,N,02449.84900,E,0.029,,070126,,,R,V*0F
$GNVTG,,T,,M,0.029,N,0.054,K,D*32
$GNRMC,004727.50,A,6019.17332,N,02449.84900,E,0.023,,070126,,,R,V*03
$GNVTG,,T,,M,0.023,N,0.043,K,D*3E
$GNRMC,004727.90,A,6019.17332,N,02449.84900,E,0.017,,070126,,,R,V*08
$GNRMC,004728.10,A,6019.17333,N,02449.84900,E,0.041,,070126,,,R,V*0D
$GNVTG,,T,,M,0.041,N,0.076,K,D*3C
$GNRMC,004728.30,A,6019.17332,N,02449.84900,E,0.008,,070126,,,R,V*03
$GNRMC,004728.50,A,6019.17333,N,02449.84900,E,0.012,,070126,,,R,V*0F
$GNVTG,,T,,M,0.012,N,0.022,K,D*3B
$GNVTG,,T,,M,0.010,N,0.019,K,D*31
$GNRMC,004729.00,A,6019.17332,N,02449.84900,E,0.010,,070126,,,R,V*08
$GNVTG,,T,,M,0.010,N,0.018,K,D*30
$GNRMC,004729.20,A,6019.17332,N,02449.84900,E,0.013,,070126,,,R,V*09
$GNRMC,004729.60,A,6019.17333,N,02449.84900,E,0.023,,070126,,,R,V*0F
$GNVTG,,T,,M,0.023,N,0.043,K,D*3E
$GNRMC,004729.90,A,6019.17333,N,02449.84900,E,0.020,,070126,,,R,V*03
$GNRMC,004730.10,A,6019.17333,N,02449.84900,E,0.011,,070126,,,R,V*01
$GNVTG,,T,,M,0.011,N,0.021,K,D*3B
$GNVTG,,T,,M,0.021,N,0.038,K,D*30
$GNRMC,004730.60,A,6019.17333,N,02449.84900,E,0.014,,070126,,,R,V*03
$GNRMC,004730.70,A,6019.17333,N,02449.84900,E,0.019,,070126,,,R,V*0F
$GNRMC,004731.10,A,6019.17333,N,02449.84900,E,0.023,,070126,,,R,V*01
$GNRMC,004731.20,A,6019.17333,N,02449.84900,E,0.005,,070126,,,R,V*06
$GNVTG,,T,,M,0.007,N,0.013,K,D*3D
$GNRMC,004731.50,A,6019.17333,N,02449.84900,E,0.001,,070126,,,R,V*05
$GNRMC,004731.70,A,6019.17333,N,02449.84900,E,0.011,,070126,,,R,V*06
$GNRMC,004731.90,A,6019.17333,N,02449.84900,E,0.040,,070126,,,R,V*0C
$GNVTG,,T,,M,0.040,N,0.073,K,D*38
$GNVTG,,T,,M,0.019,N,0.035,K,D*36
$GNRMC,004732.50,A,6019.17333,N,02449.84900,E,0.017,,070126,,,R,V*01
$GNVTG,,T,,M,0.017,N,0.031,K,D*3C
$GNRMC,004732.80,A,6019.17333,N,02449.84900,E,0.025,,070126,,,R,V*0D
$GNRMC,004733.00,A,6019.17332,N,02449.84900,E,0.018,,070126,,,R,V*0B
$GNRMC,004733.20,A,6019.17333,N,02449.84900,E,0.028,,070126,,,R,V*0B
$GNRMC,004733.40,A,6019.17332,N,02449.84900,E,0.016,,070126,,,R,V*01
$GNVTG,,T,,M,0.016,N,0.030,K,D*3C
$GNRMC,004733.60,A,6019.17333,N,02449.84900,E,0.022,,070126,,,R,V*05
$GNVTG,,T,,M,0.022,N,0.041,K,D*3D
$GNRMC,004733.90,A,6019.17333,N,02449.84900,E,0.005,,070126,,,R,V*0F
$GNVTG,,T,,M,0.005,N,0.009,K,D*34
$GNVTG,,T,,M,0.017,N,0.031,K,D*3C
$GNVTG,,T,,M,0.011,N,0.021,K,D*3B
$GNRMC,004734.60,A,6019.17333,N,02449.84900,E,0.008,,070126,,,R,V*0A
$GNRMC,004734.80,A,6019.17333,N,02449.84900,E,0.023,,070126,,,R,V*0D
$GNRMC,004735.00,A,6019.17333,N,02449.84900,E,0.035,,070126,,,R,V*03
$GNRMC,004735.10,A,6019.17333,N,02449.84900,E,0.025,,070126,,,R,V*03
$GNRMC,004735.30,A,6019.17333,N,02449.84900,E,0.028,,070126,,,R,V*0C
$GNRMC,004735.50,A,6019.17333,N,02449.84900,E,0.009,,070126,,,R,V*09
$GNRMC,004735.70,A,6019.17333,N,02449.84900,E,0.012,,070126,,,R,V*01
$GNVTG,,T,,M,0.012,N,0.022,K,D*3B
$GNRMC,004736.20,A,6019.17333,N,02449.84900,E,0.028,,070126,,,R,V*0E
$GNVTG,,T,,M,0.028,N,0.052,K,D*35
$GNVTG,,T,,M,0.025,N,0.046,K,D*3D
$GNRMC,004736.70,A,6019.17333,N,02449.84900,E,0.034,,070126,,,R,V*06
$GNVTG,,T,,M,0.034,N,0.063,K,D*3A
$GNVTG,,T,,M,0.004,N,0.007,K,D*3B
$GNRMC,004738.30,A,6019.17332,N,02449.84900,E,0.041,,070126,,,R,V*0F
$GNRMC,004738.80,A,6019.17332,N,02449.84900,E,0.022,,070126,,,R,V*01
$GNRMC,004739.00,A,6019.17332,N,02449.84900,E,0.014,,070126,,,R,V*0D
$GNRMC,004739.30,A,6019.17332,N,02449.84900,E,0.015,,070126,,,R,V*0F
$GNRMC,004739.50,A,6019.17332,N,02449.84900,E,0.018,,070126,,,R,V*04
$GNVTG,,T,,M,0.018,N,0.034,K,D*36
$GNRMC,004739.70,A,6019.17332,N,02449.84900,E,0.057,,070126,,,R,V*0D
$GNRMC,004739.90,A,6019.17332,N,02449.84900,E,0.014,,070126,,,R,V*04
$GNVTG,,T,,M,0.014,N,0.025,K,D*3A
$GNRMC,004740.10,A,6019.17332,N,02449.84900,E,0.009,,070126,,,R,V*0E
$GNRMC,004740.30,A,6019.17332,N,02449.84900,E,0.018,,070126,,,R,V*0C
$GNVTG,,T,,M,0.018,N,0.034,K,D*36
$GNRMC,004740.50,A,6019.17332,N,02449.84900,E,0.009,,070126,,,R,V*0A
$GNRMC,004740.70,A,6019.17332,N,02449.84900,E,0.024,,070126,,,R,V*07
$GNRMC,004740.90,A,6019.17332,N,02449.84900,E,0.018,,070126,,,R,V*06
$GNRMC,004741.10,A,6019.17332,N,02449.84900,E,0.021,,070126,,,R,V*05
$GNVTG,,T,,M,0.021,N,0.038,K,D*30
$GNRMC,004741.30,A,6019.17333,N,02449.84900,E,0.017,,070126,,,R,V*03
$GNRMC,004741.40,A,6019.17333,N,02449.84900,E,0.013,,070126,,,R,V*00
$GNRMC,004741.90,A,6019.17333,N,02449.84900,E,0.035,,070126,,,R,V*09
$GNRMC,004742.10,A,6019.17333,N,02449.84900,E,0.014,,070126,,,R,V*01
$GNRMC,004742.20,A,6019.17333,N,02449.84900,E,0.033,,070126,,,R,V*07
$GNTXT,01,01,00,txbuf alloc*61
$GNVTG,,T,,M,0.025,N,0.046,K,D*3D
$GNRMC,004742.60,A,6019.17333,N,02449.84900,E,0.016,,070126,,,R,V*04
$GNRMC,004742.80,A,6019.17333,N,02449.84900,E,0.013,,070126,,,R,V*0F
$GNRMC,004743.00,A,6019.17333,N,02449.84900,E,0.027,,070126,,,R,V*01
$GNVTG,,T,,M,0.027,N,0.050,K,D*38
$GNRMC,004743.20,A,6019.17333,N,02449.84900,E,0.018,,070126,,,R,V*0F
$GNRMC,004743.40,A,6019.17333,N,02449.84900,E,0.005,,070126,,,R,V*05
$GNVTG,,T,,M,0.005,N,0.009,K,D*34
$GNTXT,01,01,00,txbuf alloc*61
$GNRMC,004743.60,A,6019.17333,N,02449.84900,E,0.002,,070126,,,R,V*00
$GNVTG,,T,,M,0.002,N,0.004,K,D*3E
$GNRMC,004743.80,A,6019.17333,N,02449.84900,E,0.007,,070126,,,R,V*0B
$GNVTG,,T,,M,0.007,N,0.014,K,D*3A
$GNGGA,004744.00,6019.17333,N,02449.84900,E,4,12,0.60,95.2,M,17.8,M,6.0,4095*54
$GNRMC,004744.20,A,6019.17333,N,02449.84900,E,0.030,,070126,,,R,V*02
$GNVTG,,T,,M,0.030,N,0.055,K,D*3B
$GNRMC,004744.60,A,6019.17333,N,02449.84900,E,0.012,,070126,,,R,V*06
$GNVTG,,T,,M,0.012,N,0.023,K,D*3A
$GNRMC,004745.00,A,6019.17333,N,02449.84900,E,0.001,,070126,,,R,V*03
$GNRMC,004745.30,A,6019.17333,N,02449.84900,E,0.010,,070126,,,R,V*00
$GNRMC,004745.50,A,6019.17333,N,02449.84900,E,0.020,,070126,,,R,V*05
$GNRMC,004745.60,A,6019.17333,N,02449.84900,E,0.005,,070126,,,R,V*01
$GNRMC,004745.80,A,6019.17333,N,02449.84900,E,0.011,,070126,,,R,V*0A
$GNRMC,004746.00,A,6019.17333,N,02449.84900,E,0.027,,070126,,,R,V*04
$GNRMC,004746.20,A,6019.17333,N,02449.84900,E,0.011,,070126,,,R,V*03
$GNVTG,,T,,M,0.020,N,0.037,K,D*3E
$GNRMC,004746.50,A,6019.17333,N,02449.84900,E,0.018,,070126,,,R,V*0D
$GNVTG,,T,,M,0.018,N,0.033,K,D*31
$GNVTG,,T,,M,0.020,N,0.037,K,D*3E
$GNRMC,004746.90,A,6019.17333,N,02449.84900,E,0.003,,070126,,,R,V*0B
$GNRMC,004747.00,A,6019.17333,N,02449.84900,E,0.011,,070126,,,R,V*00
$GNVTG,,T,,M,0.012,N,0.023,K,D*3A
$GNRMC,004747.30,A,6019.17333,N,02449.84900,E,0.020,,070126,,,R,V*01
$GNVTG,,T,,M,0.020,N,0.037,K,D*3E
$GNRMC,004747.50,A,6019.17333,N,02449.84900,E,0.014,,070126,,,R,V*00
$GNRMC,004747.70,A,6019.17333,N,02449.84900,E,0.002,,070126,,,R,V*05
$GNVTG,,T,,M,0.002,N,0.004,K,D*3E
$GNVTG,,T,,M,0.018,N,0.033,K,D*31
$GNRMC,004748.50,A,6019.17333,N,02449.84900,E,0.021,,070126,,,R,V*09
$GNVTG,,T,,M,0.015,N,0.028,K,D*36
$GNRMC,004748.90,A,6019.17333,N,02449.84900,E,0.027,,070126,,,R,V*03
$GNRMC,004749.10,A,6019.17333,N,02449.84900,E,0.023,,070126,,,R,V*0E
$GNRMC,004749.20,A,6019.17333,N,02449.84900,E,0.015,,070126,,,R,V*08
$GNRMC,004749.40,A,6019.17333,N,02449.84900,E,0.005,,070126,,,R,V*0F
$GNVTG,,T,,M,0.012,N,0.021,K,D*38
$GNRMC,004749.70,A,6019.17333,N,02449.84900,E,0.013,,070126,,,R,V*0B
$GNVTG,,T,,M,0.006,N,0.011,K,D*3E
$GNRMC,004750.10,A,6019.17333,N,02449.84900,E,0.002,,070126,,,R,V*05
$GNVTG,,T,,M,0.006,N,0.011,K,D*3E
$GNVTG,,T,,M,0.013,N,0.025,K,D*3D
$GNRMC,004750.60,A,6019.17333,N,02449.84900,E,0.026,,070126,,,R,V*04
$GNRMC,004750.80,A,6019.17333,N,02449.84900,E,0.025,,070126,,,R,V*09
$GNRMC,004750.90,A,6019.17333,N,02449.84900,E,0.009,,070126,,,R,V*06
$GNRMC,004751.10,A,6019.17333,N,02449.84900,E,0.012,,070126,,,R,V*05
$GNRMC,004751.40,A,6019.17333,N,02449.84900,E,0.028,,070126,,,R,V*09
$GNVTG,,T,,M,0.028,N,0.051,K,D*36
$GNRMC,004751.60,A,6019.17333,N,02449.84900,E,0.027,,070126,,,R,V*04
$GNVTG,,T,,M,0.027,N,0.049,K,D*30
$GNRMC,004752.00,A,6019.17333,N,02449.84900,E,0.023,,070126,,,R,V*05
$GNVTG,,T,,M,0.023,N,0.043,K,D*3E
$GNRMC,004752.40,A,6019.17333,N,02449.84900,E,0.024,,070126,,,R,V*06
$GNVTG,,T,,M,0.024,N,0.045,K,D*3F
$GNRMC,004752.70,A,6019.17333,N,02449.84900,E,0.011,,070126,,,R,V*03
$GNRMC,004753.00,A,6019.17333,N,02449.84900,E,0.015,,070126,,,R,V*01
$GNVTG,,T,,M,0.015,N,0.028,K,D*36
$GNRMC,004753.30,A,6019.17333,N,02449.84900,E,0.005,,070126,,,R,V*03
$GNRMC,004753.40,A,6019.17333,N,02449.84900,E,0.033,,070126,,,R,V*01
$GNRMC,004753.50,A,6019.17333,N,02449.84900,E,0.042,,070126,,,R,V*06
$GNVTG,,T,,M,0.022,N,0.040,K,D*3C
$GNRMC,004753.80,A,6019.17333,N,02449.84900,E,0.020,,070126,,,R,V*0F
$GNRMC,004754.00,A,6019.17333,N,02449.84900,E,0.023,,070126,,,R,V*03
$GNVTG,,T,,M,0.023,N,0.042,K,D*3F
$GNRMC,004754.50,A,6019.17333,N,02449.84900,E,0.014,,070126,,,R,V*02
$GNVTG,,T,,M,0.014,N,0.026,K,D*39
$GNRMC,004754.90,A,6019.17333,N,02449.84900,E,0.015,,070126,,,R,V*0F
$GNRMC,004755.20,A,6019.17333,N,02449.84900,E,0.024,,070126,,,R,V*07
$GNRMC,004755.30,A,6019.17333,N,02449.84900,E,0.010,,070126,,,R,V*01
$GNRMC,004755.50,A,6019.17333,N,02449.84900,E,0.009,,070126,,,R,V*0F
$GNRMC,004755.70,A,6019.17333,N,02449.84900,E,0.021,,070126,,,R,V*07
$GNRMC,004755.80,A,6019.17333,N,02449.84900,E,0.028,,070126,,,R,V*01
$GNRMC,004756.00,A,6019.17333,N,02449.84900,E,0.018,,070126,,,R,V*09
$GNVTG,,T,,M,0.018,N,0.034,K,D*36
$GNRMC,004756.10,A,6019.17333,N,02449.84900,E,0.035,,070126,,,R,V*07
$GNRMC,004756.20,A,6019.17333,N,02449.84900,E,0.027,,070126,,,R,V*07
$GNRMC,004756.30,A,6019.17333,N,02449.84900,E,0.030,,070126,,,R,V*00
$GNRMC,004756.40,A,6019.17333,N,02449.84900,E,0.024,,070126,,,R,V*02
$GNRMC,004756.60,A,6019.17333,N,02449.84900,E,0.004,,070126,,,R,V*02
$GNRMC,004756.70,A,6019.17333,N,02449.84900,E,0.005,,070126,,,R,V*02
$GNRMC,004756.80,A,6019.17333,N,02449.84900,E,0.021,,070126,,,R,V*0B
$GNRMC,004756.90,A,6019.17333,N,02449.84900,E,0.007,,070126,,,R,V*0E
$GNRMC,004757.00,A,6019.17333,N,02449.84900,E,0.002,,070126,,,R,V*03
$GNVTG,,T,,M,0.034,N,0.063,K,D*3A
$GNVTG,,T,,M,0.012,N,0.021,K,D*38
$GNTXT,01,01,00,txbuf alloc*61
$GNRMC,004757.70,A,6019.17333,N,02449.84900,E,0.015,,070126,,,R,V*02
$GNRMC,004757.80,A,6019.17334,N,02449.84900,E,0.015,,070126,,,R,V*0A
$GNRMC,004757.90,A,6019.17333,N,02449.84900,E,0.028,,070126,,,R,V*02
$GNVTG,,T,,M,0.005,N,0.009,K,D*34
$GNRMC,004758.10,A,6019.17333,N,02449.84900,E,0.010,,070126,,,R,V*0E
$GNVTG,,T,,M,0.017,N,0.031,K,D*3C
$GNVTG,,T,,M,0.005,N,0.009,K,D*34
$GNRMC,004758.50,A,6019.17333,N,02449.84900,E,0.012,,070126,,,R,V*08
$GNVTG,,T,,M,0.012,N,0.022,K,D*3B
$GNRMC,004758.80,A,6019.17333,N,02449.84900,E,0.012,,070126,,,R,V*05
$GNVTG,,T,,M,0.009,N,0.016,K,D*36
$GNRMC,004759.20,A,6019.17333,N,02449.84900,E,0.027,,070126,,,R,V*08
$GNRMC,004759.40,A,6019.17333,N,02449.84900,E,0.011,,070126,,,R,V*0B
$GNVTG,,T,,M,0.060,N,0.111,K,D*3F
$GNRMC,004800.10,A,6019.17333,N,02449.84900,E,0.040,,070126,,,R,V*09
$GNRMC,004800.30,A,6019.17333,N,02449.84900,E,0.010,,070126,,,R,V*0E
$GNVTG,,T,,M,0.010,N,0.018,K,D*30
$GNRMC,004800.50,A,6019.17333,N,02449.84900,E,0.022,,070126,,,R,V*09
$GNRMC,004800.70,A,6019.17333,N,02449.84900,E,0.012,,070126,,,R,V*08
$GNVTG,,T,,M,0.012,N,0.022,K,D*3B
$GNRMC,004800.90,A,6019.17333,N,02449.84900,E,0.016,,070126,,,R,V*02
$GNRMC,004801.10,A,6019.17333,N,02449.84900,E,0.014,,070126,,,R,V*09
$GNVTG,,T,,M,0.014,N,0.025,K,D*3A
$GNRMC,004801.30,A,6019.17333,N,02449.84900,E,0.013,,070126,,,R,V*0C
$GNRMC,004801.60,A,6019.17333,N,02449.84900,E,0.027,,070126,,,R,V*0E
$GNVTG,,T,,M,0.027,N,0.049,K,D*30
$GNRMC,004802.00,A,6019.17333,N,02449.84900,E,0.001,,070126,,,R,V*0F
$GNVTG,,T,,M,0.001,N,0.002,K,D*3B
$GNRMC,004802.20,A,6019.17333,N,02449.84900,E,0.007,,070126,,,R,V*0B
$GNRMC,004802.40,A,6019.17333,N,02449.84900,E,0.013,,070126,,,R,V*08
$GNVTG,,T,,M,0.013,N,0.024,K,D*3C
$GNRMC,004802.60,A,6019.17333,N,02449.84900,E,0.011,,070126,,,R,V*08
$GNRMC,004802.90,A,6019.17333,N,02449.84900,E,0.026,,070126,,,R,V*03
$GNVTG,,T,,M,0.026,N,0.048,K,D*30
$GNRMC,004803.10,A,6019.17333,N,02449.84900,E,0.014,,070126,,,R,V*0B
$GNVTG,,T,,M,0.014,N,0.026,K,D*39
$GNRMC,004803.30,A,6019.17333,N,02449.84900,E,0.013,,070126,,,R,V*0E
$GNRMC,004803.40,A,6019.17333,N,02449.84900,E,0.003,,070126,,,R,V*08
$GNVTG,,T,,M,0.002,N,0.004,K,D*3E
$GNRMC,004803.70,A,6019.17333,N,02449.84900,E,0.013,,070126,,,R,V*0A
$GNRMC,004803.90,A,6019.17333,N,02449.84900,E,0.014,,070126,,,R,V*03
$GNRMC,004804.10,A,6019.17333,N,02449.84900,E,0.008,,070126,,,R,V*01
$GNVTG,,T,,M,0.008,N,0.015,K,D*34
$GNRMC,004804.30,A,6019.17333,N,02449.84900,E,0.020,,070126,,,R,V*09
$GNRMC,004804.40,A,6019.17333,N,02449.84900,E,0.005,,070126,,,R,V*09
$GNRMC,004804.50,A,6019.17333,N,02449.84900,E,0.008,,070126,,,R,V*05
$GNRMC,004804.70,A,6019.17333,N,02449.84900,E,0.008,,070126,,,R,V*07
$GNRMC,004804.80,A,6019.17333,N,02449.84900,E,0.030,,070126,,,R,V*03
$GNRMC,004804.90,A,6019.17333,N,02449.84900,E,0.022,,070126,,,R,V*01
$GNRMC,004805.10,A,6019.17333,N,02449.84900,E,0.025,,070126,,,R,V*0F
$GNRMC,004805.40,A,6019.17333,N,02449.84900,E,0.010,,070126,,,R,V*0C
$GNVTG,,T,,M,0.014,N,0.027,K,D*38
$GNVTG,,T,,M,0.007,N,0.012,K,D*3C
$GNRMC,004805.80,A,6019.17333,N,02449.84900,E,0.016,,070126,,,R,V*06
$GNRMC,004806.10,A,6019.17333,N,02449.84900,E,0.006,,070126,,,R,V*0D
$GNRMC,004806.40,A,6019.17333,N,02449.84900,E,0.016,,070126,,,R,V*09
$GNVTG,,T,,M,0.008,N,0.014,K,D*35
$GNRMC,004806.70,A,6019.17333,N,02449.84900,E,0.021,,070126,,,R,V*0E
$GNRMC,004807.00,A,6019.17332,N,02449.84900,E,0.024,,070126,,,R,V*0C
$GNRMC,004807.20,A,6019.17332,N,02449.84900,E,0.023,,070126,,,R,V*09
$GNVTG,,T,,M,0.019,N,0.035,K,D*36
$GNTXT,01,01,00,txbuf alloc*61
$GNRMC,004807.60,A,6019.17332,N,02449.84900,E,0.012,,070126,,,R,V*0F
$GNVTG,,T,,M,0.012,N,0.023,K,D*3A
$GNRMC,004808.00,A,6019.17332,N,02449.84900,E,0.007,,070126,,,R,V*02
$GNRMC,004808.40,A,6019.17332,N,02449.84900,E,0.016,,070126,,,R,V*06
$GNRMC,004808.80,A,6019.17333,N,02449.84900,E,0.012,,070126,,,R,V*0F
$GNRMC,004809.00,A,6019.17333,N,02449.84900,E,0.002,,070126,,,R,V*07
$GNRMC,004809.30,A,6019.17332,N,02449.84900,E,0.027,,070126,,,R,V*02
$GNVTG,,T,,M,0.027,N,0.049,K,D*30
$GNRMC,004809.60,A,6019.17333,N,02449.84900,E,0.016,,070126,,,R,V*04
$GNRMC,004809.80,A,6019.17333,N,02449.84900,E,0.005,,070126,,,R,V*08
$GNRMC,004810.00,A,6019.17333,N,02449.84900,E,0.035,,070126,,,R,V*0B
$GNRMC,004810.20,A,6019.17332,N,02449.84900,E,0.028,,070126,,,R,V*04
$GNRMC,004810.30,A,6019.17333,N,02449.84900,E,0.021,,070126,,,R,V*0D
$GNRMC,004810.50,A,6019.17333,N,02449.84900,E,0.021,,070126,,,R,V*0B
$GNRMC,004810.70,A,6019.17333,N,02449.84900,E,0.005,,070126,,,R,V*0F
$GNVTG,,T,,M,0.005,N,0.009,K,D*34
$GNRMC,004810.90,A,6019.17333,N,02449.84900,E,0.019,,070126,,,R,V*0C
$GNVTG,,T,,M,0.019,N,0.036,K,D*35
$GNRMC,004811.10,A,6019.17333,N,02449.84900,E,0.007,,070126,,,R,V*0A
$GNVTG,,T,,M,0.007,N,0.014,K,D*3A
$GNRMC,004811.30,A,6019.17332,N,02449.84900,E,0.019,,070126,,,R,V*06
$GNRMC,004811.50,A,6019.17332,N,02449.84900,E,0.007,,070126,,,R,V*0F
$GNVTG,,T,,M,0.007,N,0.013,K,D*3D
$GPGSV,1,1,02,02,03,163,,26,02,099,,0*64
$GNRMC,004811.80,A,6019.17332,N,02449.84900,E,0.005,,070126,,,R,V*00
$GNVTG,,T,,M,0.005,N,0.009,K,D*34
$GNRMC,004812.00,A,6019.17332,N,02449.84900,E,0.019,,070126,,,R,V*06
$GNVTG,,T,,M,0.019,N,0.035,K,D*36
$GNVTG,,T,,M,0.003,N,0.006,K,D*3D
$GNRMC,004812.50,A,6019.17333,N,02449.84900,E,0.023,,070126,,,R,V*0B
$GNVTG,,T,,M,0.008,N,0.016,K,D*37
$GNVTG,,T,,M,0.013,N,0.023,K,D*3B
$GNVTG,,T,,M,0.013,N,0.023,K,D*3B
$GNVTG,,T,,M,0.009,N,0.017,K,D*37
$GNRMC,004813.80,A,6019.17333,N,02449.84900,E,0.004,,070126,,,R,V*02
$GNVTG,,T,,M,0.004,N,0.008,K,D*34
$GNVTG,,T,,M,0.022,N,0.040,K,D*3C
$GNVTG,,T,,M,0.029,N,0.054,K,D*32
$GNVTG,,T,,M,0.002,N,0.003,K,D*39
$GNRMC,004814.80,A,6019.17333,N,02449.84900,E,0.034,,070126,,,R,V*06
$GNRMC,004814.90,A,6019.17333,N,02449.84900,E,0.011,,070126,,,R,V*00
$GNVTG,,T,,M,0.011,N,0.020,K,D*3A
$GNRMC,004815.20,A,6019.17333,N,02449.84900,E,0.017,,070126,,,R,V*0C
$GNRMC,004815.50,A,6019.17333,N,02449.84900,E,0.028,,070126,,,R,V*07
$GNRMC,004815.70,A,6019.17333,N,02449.84900,E,0.005,,070126,,,R,V*0A
$GNRMC,004815.90,A,6019.17333,N,02449.84900,E,0.010,,070126,,,R,V*00
$GNVTG,,T,,M,0.010,N,0.019,K,D*31
$GNRMC,004816.10,A,6019.17333,N,02449.84900,E,0.028,,070126,,,R,V*00
$GNVTG,,T,,M,0.028,N,0.052,K,D*35
$GNRMC,004816.30,A,6019.17333,N,02449.84900,E,0.010,,070126,,,R,V*09
$GNVTG,,T,,M,0.010,N,0.019,K,D*31
$GNRMC,004816.50,A,6019.17332,N,02449.84900,E,0.015,,070126,,,R,V*0B
$GNVTG,,T,,M,0.015,N,0.028,K,D*36
$GNRMC,004816.70,A,6019.17333,N,02449.84900,E,0.008,,070126,,,R,V*04
$GNRMC,004816.90,A,6019.17332,N,02449.84900,E,0.015,,070126,,,R,V*07
$GNVTG,,T,,M,0.015,N,0.027,K,D*39
$GNVTG,,T,,M,0.014,N,0.027,K,D*38
$GNRMC,004817.60,A,6019.17333,N,02449.84900,E,0.014,,070126,,,R,V*09
$GNRMC,004817.80,A,6019.17332,N,02449.84901,E,0.017,,070126,,,R,V*04
$GNRMC,004818.00,A,6019.17332,N,02449.84900,E,0.015,,070126,,,R,V*00
$GNVTG,,T,,M,0.015,N,0.028,K,D*36
$GNVTG,,T,,M,0.006,N,0.012,K,D*3D
$GNRMC,004818.50,A,6019.17333,N,02449.84900,E,0.011,,070126,,,R,V*00
$GNVTG,,T,,M,0.011,N,0.020,K,D*3A
$GNRMC,004818.80,A,6019.17333,N,02449.84900,E,0.027,,070126,,,R,V*08
$GNVTG,,T,,M,0.027,N,0.049,K,D*30
$GNRMC,004819.10,A,6019.17333,N,02449.84900,E,0.018,,070126,,,R,V*0C
$GNVTG,,T,,M,0.011,N,0.021,K,D*3B
$GNRMC,004819.70,A,6019.17333,N,02449.84900,E,0.030,,070126,,,R,V*00
$GNVTG,,T,,M,0.030,N,0.056,K,D*38
$GNRMC,004819.90,A,6019.17333,N,02449.84900,E,0.013,,070126,,,R,V*0F
$GNVTG,,T,,M,0.013,N,0.024,K,D*3C
$GNRMC,004820.10,A,6019.17333,N,02449.84900,E,0.005,,070126,,,R,V*0A
$GNRMC,004820.30,A,6019.17333,N,02449.84900,E,0.018,,070126,,,R,V*04
$GNVTG,,T,,M,0.018,N,0.034,K,D*36
$GNRMC,004820.60,A,6019.17333,N,02449.84900,E,0.031,,070126,,,R,V*0A
$GNVTG,,T,,M,0.031,N,0.056,K,D*39
$GNRMC,004820.80,A,6019.17333,N,02449.84900,E,0.027,,070126,,,R,V*03
$GNVTG,,T,,M,0.027,N,0.051,K,D*39
$GNRMC,004821.00,A,6019.17333,N,02449.84900,E,0.010,,070126,,,R,V*0E
$GNVTG,,T,,M,0.010,N,0.019,K,D*31
$GNRMC,004821.30,A,6019.17333,N,02449.84900,E,0.007,,070126,,,R,V*0B
$GNTXT,01,01,00,txbuf alloc*61
$GNRMC,004821.60,A,6019.17333,N,02449.84900,E,0.013,,070126,,,R,V*0B
$GNRMC,004821.90,A,6019.17333,N,02449.84900,E,0.014,,070126,,,R,V*03
$GNRMC,004822.20,A,6019.17333,N,02449.84900,E,0.017,,070126,,,R,V*08
$GNRMC,004822.40,A,6019.17332,N,02449.84900,E,0.006,,070126,,,R,V*0F
$GNVTG,,T,,M,0.006,N,0.012,K,D*3D
$GNRMC,004822.60,A,6019.17333,N,02449.84900,E,0.019,,070126,,,R,V*02
$GNRMC,004822.80,A,6019.17333,N,02449.84900,E,0.012,,070126,,,R,V*07
$GNVTG,,T,,M,0.012,N,0.022,K,D*3B
$GNRMC,004823.00,A,6019.17332,N,02449.84900,E,0.013,,070126,,,R,V*0E
$GNVTG,,T,,M,0.013,N,0.023,K,D*3B
$GNRMC,004823.20,A,6019.17332,N,02449.84900,E,0.032,,070126,,,R,V*0F
$GNVTG,,T,,M,0.032,N,0.059,K,D*35
$GNRMC,004823.40,A,6019.17333,N,02449.84900,E,0.010,,070126,,,R,V*08
$GNVTG,,T,,M,0.028,N,0.053,K,D*34
$GNVTG,,T,,M,0.029,N,0.054,K,D*32
$GNRMC,004823.70,A,6019.17332,N,02449.84900,E,0.003,,070126,,,R,V*08
$GNVTG,,T,,M,0.003,N,0.006,K,D*3D
$GPGSV,4,1,13,01,31,169,26,03,77,130,50,04,56,208,46,06,33,307,43,1*64
$GNRMC,004824.10,A,6019.17332,N,02449.84900,E,0.020,,070126,,,R,V*08
$GNVTG,,T,,M,0.020,N,0.037,K,D*3E
$GNRMC,004824.30,A,6019.17332,N,02449.84900,E,0.016,,070126,,,R,V*0F
$GNVTG,,T,,M,0.016,N,0.030,K,D*3C
$GNRMC,004824.50,A,6019.17333,N,02449.84900,E,0.027,,070126,,,R,V*0A
$GNVTG,,T,,M,0.035,N,0.065,K,D*3D
$GNRMC,004825.00,A,6019.17333,N,02449.84900,E,0.021,,070126,,,R,V*08
$GNVTG,,T,,M,0.021,N,0.039,K,D*31
$GNRMC,004825.40,A,6019.17333,N,02449.84900,E,0.015,,070126,,,R,V*0B
$GNVTG,,T,,M,0.015,N,0.029,K,D*37
$GNRMC,004825.60,A,6019.17332,N,02449.84900,E,0.007,,070126,,,R,V*0B
$GNVTG,,T,,M,0.007,N,0.013,K,D*3D
$GNVTG,,T,,M,0.008,N,0.016,K,D*37
$GNRMC,004825.90,A,6019.17332,N,02449.84900,E,0.009,,070126,,,R,V*0A
$GNVTG,,T,,M,0.009,N,0.017,K,D*37
$GNRMC,004826.10,A,6019.17332,N,02449.84900,E,0.041,,070126,,,R,V*0D
$GNVTG,,T,,M,0.041,N,0.075,K,D*3F
$GNRMC,004826.50,A,6019.17333,N,02449.84900,E,0.013,,070126,,,R,V*0F
$GNRMC,004826.70,A,6019.17332,N,02449.84900,E,0.011,,070126,,,R,V*0E
$GNVTG,,T,,M,0.017,N,0.031,K,D*3C
$GNRMC,004827.00,A,6019.17332,N,02449.84900,E,0.007,,070126,,,R,V*0F
$GNVTG,,T,,M,0.007,N,0.013,K,D*3D
$GNVTG,,T,,M,0.020,N,0.036,K,D*3F
$GNRMC,004827.30,A,6019.17332,N,02449.84900,E,0.030,,070126,,,R,V*08
$GNVTG,,T,,M,0.015,N,0.029,K,D*37
$GNVTG,,T,,M,0.014,N,0.025,K,D*3A
$GNVTG,,T,,M,0.004,N,0.007,K,D*3B
$GNVTG,,T,,M,0.014,N,0.026,K,D*39
$GNVTG,,T,,M,0.008,N,0.014,K,D*35
$GNRMC,004828.30,A,6019.17332,N,02449.84900,E,0.009,,070126,,,R,V*0D
$GNVTG,,T,,M,0.016,N,0.029,K,D*34
$GNRMC,004828.60,A,6019.17332,N,02449.84900,E,0.011,,070126,,,R,V*01
$GNVTG,,T,,M,0.020,N,0.037,K,D*3E
$GNVTG,,T,,M,0.007,N,0.013,K,D*3D
$GNVTG,,T,,M,0.015,N,0.027,K,D*39
$GNRMC,004829.20,A,6019.17332,N,02449.84900,E,0.006,,070126,,,R,V*02
$GNVTG,,T,,M,0.013,N,0.024,K,D*3C
$GNRMC,004829.50,A,6019.17333,N,02449.84900,E,0.029,,070126,,,R,V*09
$GNRMC,004829.70,A,6019.17332,N,02449.84900,E,0.020,,070126,,,R,V*03
$GNRMC,004829.90,A,6019.17332,N,02449.84900,E,0.020,,070126,,,R,V*0D
$GNRMC,004830.10,A,6019.17332,N,02449.84900,E,0.010,,070126,,,R,V*0E
$GNRMC,004830.30,A,6019.17333,N,02449.84900,E,0.017,,070126,,,R,V*0A
$GNVTG,,T,,M,0.013,N,0.024,K,D*3C
$GNVTG,,T,,M,0.011,N,0.021,K,D*3B
$GNVTG,,T,,M,0.017,N,0.031,K,D*3C
$GNRMC,004831.00,A,6019.17333,N,02449.84900,E,0.001,,070126,,,R,V*0F
$GNRMC,004831.40,A,6019.17333,N,02449.84900,E,0.016,,070126,,,R,V*0D
$GNVTG,,T,,M,0.013,N,0.024,K,D*3C
$GNVTG,,T,,M,0.005,N,0.009,K,D*34
$GNRMC,004832.00,A,6019.17333,N,02449.84900,E,0.004,,070126,,,R,V*09
$GNRMC,004832.20,A,6019.17333,N,02449.84900,E,0.018,,070126,,,R,V*06
$GNVTG,,T,,M,0.018,N,0.033,K,D*31
$GPGSV,4,1,13,01,31,169,26,03,77,130,50,04,56,208,46,06,33,307,44,1*63
$GNRMC,004832.50,A,6019.17333,N,02449.84900,E,0.019,,070126,,,R,V*00
$GNRMC,004832.70,A,6019.17333,N,02449.84900,E,0.016,,070126,,,R,V*0D
$GNRMC,004832.90,A,6019.17333,N,02449.84900,E,0.004,,070126,,,R,V*00
$GNVTG,,T,,M,0.004,N,0.008,K,D*34
$GNRMC,004833.10,A,6019.17333,N,02449.84900,E,0.014,,070126,,,R,V*08
$GNVTG,,T,,M,0.014,N,0.026,K,D*39
$GNRMC,004833.30,A,6019.17333,N,02449.84900,E,0.015,,070126,,,R,V*0B
$GNTXT,01,01,00,txbuf alloc*61
$GNRMC,004833.90,A,6019.17333,N,02449.84900,E,0.003,,070126,,,R,V*06
$GNVTG,,T,,M,0.003,N,0.006,K,D*3D
$GNVTG,,T,,M,0.026,N,0.048,K,D*30
$GNRMC,004834.40,A,6019.17333,N,02449.84900,E,0.015,,070126,,,R,V*0B
$GNTXT,01,01,00,txbuf alloc*61
$GNRMC,004834.70,A,6019.17333,N,02449.84900,E,0.007,,070126,,,R,V*0B
$GNRMC,004834.90,A,6019.17333,N,02449.84900,E,0.006,,070126,,,R,V*04
$GNVTG,,T,,M,0.013,N,0.024,K,D*3C
$GNVTG,,T,,M,0.017,N,0.031,K,D*3C
$GNRMC,004835.40,A,6019.17333,N,02449.84900,E,0.024,,070126,,,R,V*08
$GNRMC,004835.60,A,6019.17333,N,02449.84900,E,0.019,,070126,,,R,V*04
$GNRMC,004835.80,A,6019.17333,N,02449.84900,E,0.020,,070126,,,R,V*00
$GNVTG,,T,,M,0.026,N,0.048,K,D*30
$GNVTG,,T,,M,0.014,N,0.025,K,D*3A
$GNVTG,,T,,M,0.019,N,0.034,K,D*37
$GNTXT,01,01,00,txbuf alloc*61
$GNVTG,,T,,M,0.028,N,0.051,K,D*36
$GNVTG,,T,,M,0.027,N,0.050,K,D*38
$GNVTG,,T,,M,0.017,N,0.031,K,D*3C
$GNVTG,,T,,M,0.016,N,0.030,K,D*3C
$GNVTG,,T,,M,0.015,N,0.029,K,D*37
$GNVTG,,T,,M,0.017,N,0.031,K,D*3C
$GNRMC,004837.70,A,6019.17333,N,02449.84900,E,0.017,,070126,,,R,V*09
$GNRMC,004838.00,A,6019.17333,N,02449.84900,E,0.013,,070126,,,R,V*05
$GNRMC,004838.20,A,6019.17333,N,02449.84901,E,0.026,,070126,,,R,V*00
$GNVTG,,T,,M,0.023,N,0.042,K,D*3F
$GNRMC,004838.50,A,6019.17333,N,02449.84901,E,0.031,,070126,,,R,V*01
$GNVTG,,T,,M,0.020,N,0.037,K,D*3E
$GNRMC,004838.80,A,6019.17333,N,02449.84901,E,0.029,,070126,,,R,V*05
$GNRMC,004839.00,A,6019.17333,N,02449.84901,E,0.018,,070126,,,R,V*0E
$GNVTG,,T,,M,0.005,N,0.009,K,D*34
$GNRMC,004839.30,A,6019.17333,N,02449.84901,E,0.005,,070126,,,R,V*01
$GNRMC,004840.10,A,6019.17333,N,02449.84901,E,0.023,,070126,,,R,V*09
$GNVTG,,T,,M,0.023,N,0.042,K,D*3F
$GNVTG,,T,,M,0.017,N,0.031,K,D*3C
$GNRMC,004840.40,A,6019.17333,N,02449.84901,E,0.025,,070126,,,R,V*0A
$GNVTG,,T,,M,0.025,N,0.045,K,D*3E
$GNRMC,004840.60,A,6019.17333,N,02449.84901,E,0.001,,070126,,,R,V*0E
$GNRMC,004840.80,A,6019.17333,N,02449.84901,E,0.022,,070126,,,R,V*01
$GNVTG,,T,,M,0.022,N,0.040,K,D*3C
$GNRMC,004841.10,A,6019.17333,N,02449.84901,E,0.060,,070126,,,R,V*0F
$GNVTG,,T,,M,0.060,N,0.111,K,D*3F
$GNRMC,004841.30,A,6019.17333,N,02449.84901,E,0.015,,070126,,,R,V*0F
$GNVTG,,T,,M,0.015,N,0.029,K,D*37
$GPGSV,4,1,13,01,31,169,25,03,77,130,50,04,56,208,45,06,33,307,44,1*63
$GNRMC,004841.50,A,6019.17333,N,02449.84901,E,0.005,,070126,,,R,V*08
$GNVTG,,T,,M,0.018,N,0.033,K,D*31
$GNRMC,004841.80,A,6019.17333,N,02449.84901,E,0.019,,070126,,,R,V*08
$GNVTG,,T,,M,0.019,N,0.035,K,D*36
$GNRMC,004842.10,A,6019.17333,N,02449.84901,E,0.018,,070126,,,R,V*03
$GNRMC,004842.40,A,6019.17333,N,02449.84901,E,0.015,,070126,,,R,V*0B
$GNVTG,,T,,M,0.015,N,0.027,K,D*39
$GNRMC,004842.70,A,6019.17333,N,02449.84901,E,0.006,,070126,,,R,V*0A
$GNRMC,004842.90,A,6019.17333,N,02449.84901,E,0.025,,070126,,,R,V*05
$GNVTG,,T,,M,0.007,N,0.014,K,D*3A
$GNRMC,004843.40,A,6019.17333,N,02449.84901,E,0.038,,070126,,,R,V*05
$GNRMC,004843.60,A,6019.17333,N,02449.84901,E,0.012,,070126,,,R,V*0F
$GNVTG,,T,,M,0.026,N,0.048,K,D*30
$GNRMC,004843.90,A,6019.17333,N,02449.84901,E,0.010,,070126,,,R,V*02
$GNRMC,004844.20,A,6019.17333,N,02449.84901,E,0.019,,070126,,,R,V*07
$GNRMC,004844.30,A,6019.17333,N,02449.84901,E,0.025,,070126,,,R,V*09
$GNVTG,,T,,M,0.025,N,0.046,K,D*3D
$GNRMC,004844.50,A,6019.17333,N,02449.84901,E,0.017,,070126,,,R,V*0E
$GNRMC,004844.60,A,6019.17333,N,02449.84901,E,0.009,,070126,,,R,V*02
$GNRMC,004844.70,A,6019.17333,N,02449.84901,E,0.001,,070126,,,R,V*0B
$GNRMC,004844.80,A,6019.17333,N,02449.84901,E,0.029,,070126,,,R,V*0E
$GNVTG,,T,,M,0.008,N,0.014,K,D*35
$GNVTG,,T,,M,0.012,N,0.022,K,D*3B
$GNRMC,004845.40,A,6019.17333,N,02449.84901,E,0.020,,070126,,,R,V*0A
$GNVTG,,T,,M,0.020,N,0.037,K,D*3E
$GNRMC,004845.50,A,6019.17333,N,02449.84901,E,0.023,,070126,,,R,V*08
$GNRMC,004845.60,A,6019.17333,N,02449.84901,E,0.012,,070126,,,R,V*09
$GNVTG,,T,,M,0.006,N,0.011,K,D*3E
$GNRMC,004845.90,A,6019.17333,N,02449.84901,E,0.009,,070126,,,R,V*0C
$GNVTG,,T,,M,0.009,N,0.017,K,D*37
$GNRMC,004846.10,A,6019.17333,N,02449.84901,E,0.023,,070126,,,R,V*0F
$GNRMC,004846.20,A,6019.17333,N,02449.84901,E,0.014,,070126,,,R,V*08
$GNRMC,004846.40,A,6019.17333,N,02449.84901,E,0.004,,070126,,,R,V*0F
$GNVTG,,T,,M,0.004,N,0.007,K,D*3B
$GNTXT,01,01,00,txbuf alloc*61
$GNRMC,004846.60,A,6019.17333,N,02449.84901,E,0.027,,070126,,,R,V*0C
$GNRMC,004846.90,A,6019.17333,N,02449.84901,E,0.011,,070126,,,R,V*06
$GNVTG,,T,,M,0.011,N,0.021,K,D*3B
$GNRMC,004847.10,A,6019.17333,N,02449.84901,E,0.025,,070126,,,R,V*08
$GNVTG,,T,,M,0.025,N,0.047,K,D*3C
$GNRMC,004847.30,A,6019.17333,N,02449.84901,E,0.018,,070126,,,R,V*04
$GNVTG,,T,,M,0.014,N,0.025,K,D*3A
$GNRMC,004848.10,A,6019.17333,N,02449.84901,E,0.011,,070126,,,R,V*00
$GNRMC,004848.40,A,6019.17333,N,02449.84901,E,0.018,,070126,,,R,V*0C
$GNVTG,,T,,M,0.018,N,0.034,K,D*36
$GNTXT,01,01,00,txbuf alloc*61
$GNVTG,,T,,M,0.025,N,0.047,K,D*3C
$GNRMC,004848.90,A,6019.17333,N,02449.84901,E,0.015,,070126,,,R,V*0C
$GNRMC,004849.20,A,6019.17333,N,02449.84901,E,0.024,,070126,,,R,V*04
$GNRMC,004849.30,A,6019.17333,N,02449.84901,E,0.020,,070126,,,R,V*01
$GNRMC,004849.60,A,6019.17333,N,02449.84901,E,0.021,,070126,,,R,V*05
$GNRMC,004849.90,A,6019.17333,N,02449.84901,E,0.008,,070126,,,R,V*01
$GNRMC,004850.00,A,6019.17333,N,02449.84901,E,0.025,,070126,,,R,V*0F
$GNRMC,004850.20,A,6019.17333,N,02449.84901,E,0.020,,070126,,,R,V*08
$GNVTG,,T,,M,0.020,N,0.037,K,D*3E
$GNRMC,004850.40,A,6019.17333,N,02449.84901,E,0.006,,070126,,,R,V*0A
$GNVTG,,T,,M,0.006,N,0.011,K,D*3E
$GNRMC,004850.70,A,6019.17333,N,02449.84901,E,0.016,,070126,,,R,V*08
$GNVTG,,T,,M,0.013,N,0.025,K,D*3D
$GNRMC,004851.10,A,6019.17333,N,02449.84901,E,0.014,,070126,,,R,V*0D
$GNRMC,004851.20,A,6019.17333,N,02449.84901,E,0.018,,070126,,,R,V*02
$GNRMC,004851.30,A,6019.17333,N,02449.84901,E,0.021,,070126,,,R,V*09
$GNRMC,004851.40,A,6019.17333,N,02449.84901,E,0.013,,070126,,,R,V*0F
$GNVTG,,T,,M,0.016,N,0.029,K,D*34
$GNVTG,,T,,M,0.002,N,0.004,K,D*3E
$GNRMC,004851.80,A,6019.17333,N,02449.84901,E,0.005,,070126,,,R,V*04
$GBGSV,3,1,09,02,09,116,,05,19,141,,06,42,079,,09,42,099,,0*79
$GNRMC,004852.10,A,6019.17333,N,02449.84901,E,0.044,,070126,,,R,V*0B
$GNRMC,004852.20,A,6019.17333,N,02449.84901,E,0.029,,070126,,,R,V*03
$GNRMC,004852.40,A,6019.17333,N,02449.84901,E,0.048,,070126,,,R,V*02
$GNVTG,,T,,M,0.032,N,0.059,K,D*35
$GNRMC,004852.70,A,6019.17333,N,02449.84901,E,0.041,,070126,,,R,V*08
$GNRMC,004852.80,A,6019.17333,N,02449.84901,E,0.041,,070126,,,R,V*07
$GNRMC,004853.00,A,6019.17333,N,02449.84901,E,0.026,,070126,,,R,V*0F
$GNVTG,,T,,M,0.021,N,0.040,K,D*3F
$GNRMC,004853.30,A,6019.17332,N,02449.84901,E,0.024,,070126,,,R,V*0F
$GNRMC,004853.40,A,6019.17333,N,02449.84901,E,0.013,,070126,,,R,V*0D
$GNRMC,004853.70,A,6019.17333,N,02449.84901,E,0.017,,070126,,,R,V*0A
$GNRMC,004854.00,A,6019.17333,N,02449.84901,E,0.015,,070126,,,R,V*08
$GNVTG,,T,,M,0.015,N,0.028,K,D*36
$GNRMC,004854.20,A,6019.17333,N,02449.84901,E,0.010,,070126,,,R,V*0F
$GNRMC,004854.40,A,6019.17332,N,02449.84901,E,0.031,,070126,,,R,V*0B
$GNVTG,,T,,M,0.015,N,0.027,K,D*39
$GNRMC,004854.80,A,6019.17333,N,02449.84901,E,0.012,,070126,,,R,V*07
$GNRMC,004854.90,A,6019.17333,N,02449.84901,E,0.008,,070126,,,R,V*0D
$GNRMC,004855.10,A,6019.17332,N,02449.84901,E,0.033,,070126,,,R,V*0D
$GNVTG,,T,,M,0.033,N,0.061,K,D*3F
$GNRMC,004855.30,A,6019.17332,N,02449.84901,E,0.004,,070126,,,R,V*0B
$GNVTG,,T,,M,0.004,N,0.006,K,D*3A
$GNRMC,004855.50,A,6019.17332,N,02449.84901,E,0.009,,070126,,,R,V*00
$GNVTG,,T,,M,0.009,N,0.016,K,D*36
$GNRMC,004855.90,A,6019.17333,N,02449.84901,E,0.018,,070126,,,R,V*0D
$GNVTG,,T,,M,0.018,N,0.032,K,D*30
$GNVTG,,T,,M,0.010,N,0.019,K,D*31
$GNRMC,004856.60,A,6019.17333,N,02449.84901,E,0.032,,070126,,,R,V*09
$GNRMC,004856.80,A,6019.17333,N,02449.84900,E,0.007,,070126,,,R,V*00
$GNVTG,,T,,M,0.007,N,0.014,K,D*3A
$GNRMC,004857.10,A,6019.17333,N,02449.84900,E,0.022,,070126,,,R,V*0F
$GNRMC,004857.30,A,6019.17333,N,02449.84900,E,0.021,,070126,,,R,V*0E
$GNVTG,,T,,M,0.021,N,0.040,K,D*3F
$GNRMC,004857.50,A,6019.17333,N,02449.84900,E,0.007,,070126,,,R,V*0C
$GNVTG,,T,,M,0.007,N,0.013,K,D*3D
$GNRMC,004857.70,A,6019.17333,N,02449.84900,E,0.018,,070126,,,R,V*00
$GNVTG,,T,,M,0.018,N,0.034,K,D*36
$GNRMC,004857.90,A,6019.17333,N,02449.84900,E,0.012,,070126,,,R,V*04
$GNVTG,,T,,M,0.012,N,0.022,K,D*3B
$GNRMC,004858.10,A,6019.17333,N,02449.84900,E,0.024,,070126,,,R,V*06
$GNVTG,,T,,M,0.024,N,0.045,K,D*3F
$GNVTG,,T,,M,0.019,N,0.036,K,D*35
$GNRMC,004858.70,A,6019.17333,N,02449.84900,E,0.014,,070126,,,R,V*03
$GNRMC,004858.90,A,6019.17333,N,02449.84900,E,0.010,,070126,,,R,V*09
$GNRMC,004859.10,A,6019.17332,N,02449.84900,E,0.021,,070126,,,R,V*03
$GNVTG,,T,,M,0.021,N,0.038,K,D*30
$GNTXT,01,01,00,txbuf alloc*61
$GNRMC,004859.60,A,6019.17333,N,02449.84900,E,0.022,,070126,,,R,V*06
$GNRMC,004859.90,A,6019.17332,N,02449.84900,E,0.029,,070126,,,R,V*03
$GNVTG,,T,,M,0.029,N,0.053,K,D*35
$GNRMC,004900.10,A,6019.17333,N,02449.84900,E,0.019,,070126,,,R,V*04
$GNRMC,004900.30,A,6019.17333,N,02449.84900,E,0.008,,070126,,,R,V*06
$GNVTG,,T,,M,0.037,N,0.069,K,D*33
$GNVTG,,T,,M,0.012,N,0.022,K,D*3B
$GNRMC,004901.00,A,6019.17333,N,02449.84900,E,0.026,,070126,,,R,V*08
$GNRMC,004901.30,A,6019.17333,N,02449.84900,E,0.013,,070126,,,R,V*0D
$GNTXT,01,01,00,txbuf alloc*61
$GNRMC,004901.60,A,6019.17332,N,02449.84900,E,0.022,,070126,,,R,V*0B
$GNRMC,004901.80,A,6019.17333,N,02449.84900,E,0.017,,070126,,,R,V*02
$GNVTG,,T,,M,0.005,N,0.009,K,D*34
$GNVTG,,T,,M,0.011,N,0.021,K,D*3B
$GNVTG,,T,,M,0.021,N,0.038,K,D*30
$GNVTG,,T,,M,0.015,N,0.028,K,D*36
$GNVTG,,T,,M,0.019,N,0.036,K,D*35
$GNRMC,004902.60,A,6019.17333,N,02449.84900,E,0.011,,070126,,,R,V*09
$GNVTG,,T,,M,0.008,N,0.015,K,D*34
$GNVTG,,T,,M,0.006,N,0.012,K,D*3D
$GNRMC,004903.00,A,6019.17332,N,02449.84900,E,0.011,,070126,,,R,V*0F
$GNRMC,004903.20,A,6019.17332,N,02449.84900,E,0.025,,070126,,,R,V*0A
$GNVTG,,T,,M,0.009,N,0.016,K,D*36
$GNVTG,,T,,M,0.006,N,0.012,K,D*3D
$GNVTG,,T,,M,0.007,N,0.013,K,D*3D
$GNVTG,,T,,M,0.019,N,0.035,K,D*36
$GNRMC,004904.50,A,6019.17332,N,02449.84900,E,0.009,,070126,,,R,V*04
$GNVTG,,T,,M,0.009,N,0.017,K,D*37
$GNRMC,004904.90,A,6019.17332,N,02449.84900,E,0.016,,070126,,,R,V*06
$GNVTG,,T,,M,0.016,N,0.030,K,D*3C
$GNRMC,004905.30,A,6019.17332,N,02449.84900,E,0.020,,070126,,,R,V*08
$GNVTG,,T,,M,0.020,N,0.037,K,D*3E
$GNVTG,,T,,M,0.008,N,0.015,K,D*34
$GNVTG,,T,,M,0.017,N,0.031,K,D*3C
$GNRMC,004906.40,A,6019.17332,N,02449.84901,E,0.025,,070126,,,R,V*08
$GNVTG,,T,,M,0.025,N,0.046,K,D*3D
$GNRMC,004906.60,A,6019.17332,N,02449.84900,E,0.014,,070126,,,R,V*09
$GNRMC,004906.80,A,6019.17332,N,02449.84901,E,0.022,,070126,,,R,V*03
$GNRMC,004906.90,A,6019.17332,N,02449.84900,E,0.012,,070126,,,R,V*00
$GNVTG,,T,,M,0.007,N,0.013,K,D*3D
$GNRMC,004907.20,A,6019.17332,N,02449.84900,E,0.011,,070126,,,R,V*09
$GNVTG,,T,,M,0.015,N,0.027,K,D*39
$GNRMC,004907.50,A,6019.17332,N,02449.84900,E,0.022,,070126,,,R,V*0E
$GNVTG,,T,,M,0.022,N,0.040,K,D*3C
