$GNRMC,004532.60,A,6019.17333,N,02449.84901,E,0.015,,070126,,,R,V*03
$GNRMC,004533.00,A,6019.17333,N,02449.84901,E,0.023,,070126,,,R,V*01
$GNRMC,004533.20,A,6019.17333,N,02449.84901,E,0.011,,070126,,,R,V*02
$GNRMC,004533.30,A,6019.17333,N,02449.84901,E,0.006,,070126,,,R,V*05
$GNRMC,004533.50,A,6019.17333,N,02449.84901,E,0.014,,070126,,,R,V*00
$GNVTG,,T,,M,0.014,N,0.026,K,D*39
$GNVTG,,T,,M,0.013,N,0.024,K,D*3C
$GNVTG,,T,,M,0.019,N,0.036,K,D*35
$GNRMC,004533.80,A,6019.17333,N,02449.84901,E,0.034,,070126,,,R,V*0F
$GNRMC,004534.00,A,6019.17333,N,02449.84901,E,0.006,,070126,,,R,V*01
$GNVTG,,T,,M,0.006,N,0.011,K,D*3E
$GNVTG,,T,,M,0.028,N,0.052,K,D*35
$GNTXT,01,01,00,txbuf alloc*61
$GNRMC,004534.50,A,6019.17333,N,02449.84901,E,0.007,,070126,,,R,V*05
$GNVTG,,T,,M,0.007,N,0.013,K,D*3D
$GNVTG,,T,,M,0.033,N,0.061,K,D*3F
$GNVTG,,T,,M,0.010,N,0.019,K,D*31
$GNRMC,004534.90,A,6019.17333,N,02449.84901,E,0.031,,070126,,,R,V*0C
$GNRMC,004535.10,A,6019.17333,N,02449.84901,E,0.032,,070126,,,R,V*06
$GNRMC,004535.30,A,6019.17333,N,02449.84901,E,0.009,,070126,,,R,V*0C
$GNRMC,004535.60,A,6019.17333,N,02449.84901,E,0.004,,070126,,,R,V*04
$GNVTG,,T,,M,0.026,N,0.048,K,D*30
$GNRMC,004536.10,A,6019.17333,N,02449.84901,E,0.014,,070126,,,R,V*01
$GNVTG,,T,,M,0.014,N,0.026,K,D*39
$GNRMC,004536.20,A,6019.17333,N,02449.84901,E,0.017,,070126,,,R,V*01
$GNRMC,004536.40,A,6019.17333,N,02449.84901,E,0.023,,070126,,,R,V*00
$GNRMC,004536.50,A,6019.17333,N,02449.84901,E,0.007,,070126,,,R,V*07
$GNVTG,,T,,M,0.007,N,0.012,K,D*3C
$GNRMC,004536.70,A,6019.17333,N,02449.84901,E,0.021,,070126,,,R,V*01
$GNVTG,,T,,M,0.009,N,0.017,K,D*37
$GNRMC,004537.00,A,6019.17333,N,02449.84901,E,0.022,,070126,,,R,V*04
$GNVTG,,T,,M,0.022,N,0.041,K,D*3D
$GNRMC,004537.20,A,6019.17333,N,02449.84901,E,0.013,,070126,,,R,V*04
$GNRMC,004537.40,A,6019.17333,N,02449.84901,E,0.010,,070126,,,R,V*01
$GNVTG,,T,,M,0.010,N,0.019,K,D*31
$GNVTG,,T,,M,0.009,N,0.017,K,D*37
$GNRMC,004537.80,A,6019.17333,N,02449.84901,E,0.013,,070126,,,R,V*0E
$GNVTG,,T,,M,0.013,N,0.025,K,D*3D
$GNRMC,004538.00,A,6019.17333,N,02449.84901,E,0.009,,070126,,,R,V*02
$GNRMC,004538.30,A,6019.17333,N,02449.84901,E,0.019,,070126,,,R,V*00
$GNRMC,004538.50,A,6019.17333,N,02449.84901,E,0.008,,070126,,,R,V*06
$GNRMC,004538.70,A,6019.17333,N,02449.84901,E,0.009,,070126,,,R,V*05
$GNRMC,004538.90,A,6019.17333,N,02449.84901,E,0.031,,070126,,,R,V*00
$GNRMC,004539.10,A,6019.17333,N,02449.84901,E,0.028,,070126,,,R,V*01
$GNVTG,,T,,M,0.028,N,0.051,K,D*36
$GNVTG,,T,,M,0.040,N,0.075,K,D*3E
$GNRMC,004539.60,A,6019.17333,N,02449.84901,E,0.012,,070126,,,R,V*0F
$GNVTG,,T,,M,0.017,N,0.031,K,D*3C
$GNRMC,004539.90,A,6019.17333,N,02449.84901,E,0.018,,070126,,,R,V*0A
$GNVTG,,T,,M,0.018,N,0.033,K,D*31
$GNRMC,004540.00,A,6019.17333,N,02449.84901,E,0.013,,070126,,,R,V*06
$GNRMC,004540.10,A,6019.17333,N,02449.84901,E,0.008,,070126,,,R,V*0D
$GNRMC,004540.40,A,6019.17333,N,02449.84901,E,0.009,,070126,,,R,V*09
$GNVTG,,T,,M,0.021,N,0.039,K,D*31
$GNVTG,,T,,M,0.004,N,0.008,K,D*34
$GNRMC,004541.00,A,6019.17333,N,02449.84901,E,0.031,,070126,,,R,V*07
$GNRMC,004541.20,A,6019.17333,N,02449.84901,E,0.016,,070126,,,R,V*00
$GNVTG,,T,,M,0.020,N,0.038,K,D*31
$GNRMC,004541.60,A,6019.17333,N,02449.84901,E,0.037,,070126,,,R,V*07
$GNRMC,004541.80,A,6019.17333,N,02449.84901,E,0.016,,070126,,,R,V*0A
$GNRMC,004542.20,A,6019.17333,N,02449.84901,E,0.030,,070126,,,R,V*07
$GNRMC,004542.40,A,6019.17333,N,02449.84901,E,0.002,,070126,,,R,V*00
$GNVTG,,T,,M,0.002,N,0.003,K,D*39
$GNRMC,004542.50,A,6019.17333,N,02449.84901,E,0.034,,070126,,,R,V*04
$GNRMC,004542.70,A,6019.17333,N,02449.84901,E,0.009,,070126,,,R,V*08
$GNRMC,004542.80,A,6019.17333,N,02449.84901,E,0.029,,070126,,,R,V*05
$GNRMC,004543.00,A,6019.17333,N,02449.84901,E,0.005,,070126,,,R,V*02
$GNRMC,004543.10,A,6019.17333,N,02449.84901,E,0.019,,070126,,,R,V*0E
$GNRMC,004543.20,A,6019.17333,N,02449.84901,E,0.019,,070126,,,R,V*0D
$GNRMC,004543.30,A,6019.17333,N,02449.84901,E,0.007,,070126,,,R,V*03
$GNRMC,004543.50,A,6019.17333,N,02449.84901,E,0.010,,070126,,,R,V*03
$GNVTG,,T,,M,0.010,N,0.019,K,D*31
$GNRMC,004544.10,A,6019.17333,N,02449.84901,E,0.024,,070126,,,R,V*07
$GNVTG,,T,,M,0.024,N,0.044,K,D*3E
$GNRMC,004544.40,A,6019.17333,N,02449.84901,E,0.014,,070126,,,R,V*01
$GNVTG,,T,,M,0.014,N,0.027,K,D*38
$GNTXT,01,01,00,txbuf alloc*61
$GNRMC,004544.90,A,6019.17333,N,02449.84901,E,0.023,,070126,,,R,V*08
$GNVTG,,T,,M,0.023,N,0.042,K,D*3F
$GNRMC,004545.10,A,6019.17333,N,02449.84901,E,0.003,,070126,,,R,V*03
$GNVTG,,T,,M,0.003,N,0.005,K,D*3E
$GNVTG,,T,,M,0.019,N,0.035,K,D*36
$GNRMC,004545.40,A,6019.17333,N,02449.84901,E,0.042,,070126,,,R,V*03
$GNRMC,004545.60,A,6019.17333,N,02449.84901,E,0.005,,070126,,,R,V*02
$GNVTG,,T,,M,0.023,N,0.042,K,D*3F
$GNRMC,004546.10,A,6019.17333,N,02449.84901,E,0.006,,070126,,,R,V*05
$GNRMC,004546.30,A,6019.17333,N,02449.84901,E,0.008,,070126,,,R,V*09
$GNVTG,,T,,M,0.008,N,0.015,K,D*34
$GNRMC,004546.60,A,6019.17333,N,02449.84901,E,0.015,,070126,,,R,V*00
$GNVTG,,T,,M,0.015,N,0.028,K,D*36
$GNRMC,004546.80,A,6019.17333,N,02449.84901,E,0.008,,070126,,,R,V*02
$GNRMC,004547.00,A,6019.17333,N,02449.84901,E,0.013,,070126,,,R,V*01
$GNVTG,,T,,M,0.013,N,0.023,K,D*3B
$GNRMC,004547.20,A,6019.17333,N,02449.84901,E,0.017,,070126,,,R,V*07
$GNVTG,,T,,M,0.017,N,0.031,K,D*3C
$GNVTG,,T,,M,0.007,N,0.012,K,D*3C
$GNRMC,004547.60,A,6019.17333,N,02449.84901,E,0.007,,070126,,,R,V*02
$GNVTG,,T,,M,0.014,N,0.026,K,D*39
$GNRMC,004548.10,A,6019.17333,N,02449.84901,E,0.022,,070126,,,R,V*0D
$GNRMC,004548.40,A,6019.17333,N,02449.84901,E,0.026,,070126,,,R,V*0C
$GNRMC,004548.50,A,6019.17333,N,02449.84901,E,0.027,,070126,,,R,V*0C
$GNRMC,004548.60,A,6019.17333,N,02449.84901,E,0.023,,070126,,,R,V*0B
$GNRMC,004548.80,A,6019.17333,N,02449.84901,E,0.007,,070126,,,R,V*03
$GNVTG,,T,,M,0.017,N,0.031,K,D*3C
$GNRMC,004549.10,A,6019.17333,N,02449.84901,E,0.021,,070126,,,R,V*0F
$GNRMC,004549.30,A,6019.17333,N,02449.84901,E,0.017,,070126,,,R,V*08
$GNRMC,004549.40,A,6019.17333,N,02449.84901,E,0.034,,070126,,,R,V*0E
$GNRMC,004549.60,A,6019.17333,N,02449.84901,E,0.012,,070126,,,R,V*08
$GNVTG,,T,,M,0.012,N,0.023,K,D*3A
$GNVTG,,T,,M,0.006,N,0.011,K,D*3E
$GNVTG,,T,,M,0.037,N,0.068,K,D*32
$GNRMC,004550.00,A,6019.17333,N,02449.84901,E,0.022,,070126,,,R,V*05
$GNVTG,,T,,M,0.017,N,0.032,K,D*3F
$GNRMC,004550.30,A,6019.17333,N,02449.84901,E,0.023,,070126,,,R,V*07
$GNRMC,004550.50,A,6019.17333,N,02449.84901,E,0.013,,070126,,,R,V*02
$GNVTG,,T,,M,0.013,N,0.023,K,D*3B
$GNRMC,004550.70,A,6019.17333,N,02449.84901,E,0.017,,070126,,,R,V*04
$GNVTG,,T,,M,0.017,N,0.031,K,D*3C
$GNRMC,004550.90,A,6019.17333,N,02449.84901,E,0.050,,070126,,,R,V*09
$GNVTG,,T,,M,0.050,N,0.092,K,D*36
$GNVTG,,T,,M,0.025,N,0.046,K,D*3D
$GNRMC,004551.10,A,6019.17333,N,02449.84901,E,0.032,,070126,,,R,V*04
$GNRMC,004551.20,A,6019.17333,N,02449.84901,E,0.014,,070126,,,R,V*03
$GNRMC,004551.40,A,6019.17333,N,02449.84901,E,0.025,,070126,,,R,V*07
$GNRMC,004551.60,A,6019.17333,N,02449.84901,E,0.009,,070126,,,R,V*0B
$GNRMC,004551.80,A,6019.17333,N,02449.84901,E,0.023,,070126,,,R,V*0D
$GNVTG,,T,,M,0.023,N,0.042,K,D*3F
$GNRMC,004552.00,A,6019.17333,N,02449.84901,E,0.019,,070126,,,R,V*0F
$GNVTG,,T,,M,0.019,N,0.035,K,D*36
$GNRMC,004552.20,A,6019.17333,N,02449.84901,E,0.015,,070126,,,R,V*01
$GNVTG,,T,,M,0.015,N,0.028,K,D*36
$GNRMC,004552.40,A,6019.17333,N,02449.84901,E,0.009,,070126,,,R,V*0A
$GNVTG,,T,,M,0.009,N,0.016,K,D*36
$GNRMC,004552.60,A,6019.17333,N,02449.84901,E,0.028,,070126,,,R,V*0B
$GNVTG,,T,,M,0.028,N,0.052,K,D*35
$GNRMC,004552.80,A,6019.17333,N,02449.84901,E,0.009,,070126,,,R,V*06
$GNRMC,004553.20,A,6019.17333,N,02449.84901,E,0.012,,070126,,,R,V*07
$GNVTG,,T,,M,0.012,N,0.022,K,D*3B
$GNRMC,004553.60,A,6019.17333,N,02449.84901,E,0.016,,070126,,,R,V*07
$GNRMC,004553.80,A,6019.17333,N,02449.84901,E,0.025,,070126,,,R,V*09
$GNRMC,004554.00,A,6019.17333,N,02449.84901,E,0.017,,070126,,,R,V*07
$GNRMC,004554.20,A,6019.17333,N,02449.84901,E,0.020,,070126,,,R,V*01
$GNVTG,,T,,M,0.009,N,0.016,K,D*36
$GNRMC,004554.50,A,6019.17333,N,02449.84901,E,0.011,,070126,,,R,V*04
$GNVTG,,T,,M,0.006,N,0.011,K,D*3E
$GNRMC,004554.90,A,6019.17333,N,02449.84901,E,0.007,,070126,,,R,V*0F
$GNRMC,004555.10,A,6019.17333,N,02449.84901,E,0.011,,070126,,,R,V*01
$GNVTG,,T,,M,0.033,N,0.061,K,D*3F
$GNRMC,004555.40,A,6019.17333,N,02449.84901,E,0.014,,070126,,,R,V*01
$GNVTG,,T,,M,0.014,N,0.026,K,D*39
$GNVTG,,T,,M,0.025,N,0.046,K,D*3D
$GNVTG,,T,,M,0.007,N,0.013,K,D*3D
$GNRMC,004555.80,A,6019.17333,N,02449.84901,E,0.010,,070126,,,R,V*09
$GNRMC,004556.00,A,6019.17333,N,02449.84901,E,0.012,,070126,,,R,V*00
$GNRMC,004556.10,A,6019.17333,N,02449.84901,E,0.008,,070126,,,R,V*0A
$GNVTG,,T,,M,0.020,N,0.038,K,D*31
$GNVTG,,T,,M,0.033,N,0.062,K,D*3C
$GNRMC,004556.50,A,6019.17333,N,02449.84901,E,0.038,,070126,,,R,V*0D
$GNVTG,,T,,M,0.036,N,0.066,K,D*3D
$GNRMC,004556.80,A,6019.17333,N,02449.84901,E,0.009,,070126,,,R,V*02
$GNVTG,,T,,M,0.025,N,0.046,K,D*3D
$GNRMC,004557.30,A,6019.17333,N,02449.84901,E,0.018,,070126,,,R,V*08
$GNRMC,004557.50,A,6019.17333,N,02449.84901,E,0.020,,070126,,,R,V*05
$GNVTG,,T,,M,0.016,N,0.029,K,D*34
$GNRMC,004557.90,A,6019.17333,N,02449.84901,E,0.009,,070126,,,R,V*02
$GNRMC,004558.20,A,6019.17333,N,02449.84901,E,0.005,,070126,,,R,V*0A
$GNVTG,,T,,M,0.009,N,0.017,K,D*37
$GNVTG,,T,,M,0.007,N,0.013,K,D*3D
$GNRMC,004558.80,A,6019.17333,N,02449.84901,E,0.006,,070126,,,R,V*03
$GNVTG,,T,,M,0.023,N,0.042,K,D*3F
$GNRMC,004559.10,A,6019.17333,N,02449.84901,E,0.028,,070126,,,R,V*07
$GNVTG,,T,,M,0.016,N,0.030,K,D*3C
$GNRMC,004559.60,A,6019.17333,N,02449.84901,E,0.020,,070126,,,R,V*08
$GNRMC,004600.00,A,6019.17333,N,02449.84902,E,0.027,,070126,,,R,V*05
$GNVTG,,T,,M,0.030,N,0.056,K,D*38
$GNRMC,004600.40,A,6019.17332,N,02449.84902,E,0.021,,070126,,,R,V*06
$GNVTG,,T,,M,0.021,N,0.039,K,D*31
$GNTXT,01,01,00,txbuf alloc*61
$GNRMC,004600.60,A,6019.17333,N,02449.84901,E,0.007,,070126,,,R,V*02
$GNVTG,,T,,M,0.024,N,0.044,K,D*3E
$GNRMC,004600.90,A,6019.17332,N,02449.84902,E,0.030,,070126,,,R,V*0B
$GNRMC,004601.20,A,6019.17332,N,02449.84901,E,0.001,,070126,,,R,V*00
$GNRMC,004601.50,A,6019.17332,N,02449.84902,E,0.008,,070126,,,R,V*0D
$GNVTG,,T,,M,0.019,N,0.036,K,D*35
$GNRMC,004602.10,A,6019.17333,N,02449.84901,E,0.035,,070126,,,R,V*06
$GNVTG,,T,,M,0.035,N,0.064,K,D*3C
$GNRMC,004602.30,A,6019.17333,N,02449.84901,E,0.018,,070126,,,R,V*0B
$GNVTG,,T,,M,0.015,N,0.028,K,D*36
$GNVTG,,T,,M,0.027,N,0.050,K,D*38
$GNVTG,,T,,M,0.020,N,0.038,K,D*31
$GNRMC,004603.00,A,6019.17333,N,02449.84901,E,0.030,,070126,,,R,V*03
$GNRMC,004603.20,A,6019.17333,N,02449.84901,E,0.008,,070126,,,R,V*0A
$GNRMC,004603.40,A,6019.17333,N,02449.84901,E,0.001,,070126,,,R,V*05
$GNRMC,004603.60,A,6019.17333,N,02449.84901,E,0.022,,070126,,,R,V*06
$GNVTG,,T,,M,0.009,N,0.017,K,D*37
$GNVTG,,T,,M,0.017,N,0.031,K,D*3C
$GNRMC,004604.00,A,6019.17333,N,02449.84901,E,0.022,,070126,,,R,V*07
$GNVTG,,T,,M,0.023,N,0.043,K,D*3E
$GNRMC,004604.40,A,6019.17333,N,02449.84901,E,0.009,,070126,,,R,V*0A
$GNVTG,,T,,M,0.024,N,0.044,K,D*3E
$GNRMC,004604.70,A,6019.17333,N,02449.84901,E,0.020,,070126,,,R,V*02
$GNVTG,,T,,M,0.027,N,0.050,K,D*38
$GNVTG,,T,,M,0.027,N,0.050,K,D*38
$GNRMC,004605.20,A,6019.17333,N,02449.84901,E,0.021,,070126,,,R,V*07
$GNRMC,004605.30,A,6019.17333,N,02449.84901,E,0.006,,070126,,,R,V*03
$GNRMC,004605.60,A,6019.17333,N,02449.84901,E,0.022,,070126,,,R,V*00
$GNVTG,,T,,M,0.012,N,0.022,K,D*3B
$GNVTG,,T,,M,0.022,N,0.040,K,D*3C
$GNVTG,,T,,M,0.006,N,0.012,K,D*3D
$GNVTG,,T,,M,0.007,N,0.014,K,D*3A
$GNRMC,004606.40,A,6019.17333,N,02449.84901,E,0.026,,070126,,,R,V*05
$GNRMC,004606.60,A,6019.17333,N,02449.84901,E,0.019,,070126,,,R,V*0B
$GNRMC,004606.80,A,6019.17333,N,02449.84901,E,0.016,,070126,,,R,V*0A
$GNRMC,004607.00,A,6019.17333,N,02449.84901,E,0.012,,070126,,,R,V*07
$GNVTG,,T,,M,0.025,N,0.046,K,D*3D
$GNRMC,004607.30,A,6019.17333,N,02449.84901,E,0.019,,070126,,,R,V*0F
$GNVTG,,T,,M,0.021,N,0.039,K,D*31
$GNRMC,004607.60,A,6019.17333,N,02449.84901,E,0.017,,070126,,,R,V*04
$GNVTG,,T,,M,0.017,N,0.031,K,D*3C
$GNRMC,004608.00,A,6019.17333,N,02449.84901,E,0.011,,070126,,,R,V*0B
$GNVTG,,T,,M,0.011,N,0.020,K,D*3A
$GNRMC,004608.40,A,6019.17333,N,02449.84901,E,0.013,,070126,,,R,V*0D
$GNVTG,,T,,M,0.013,N,0.024,K,D*3C
$GNVTG,,T,,M,0.019,N,0.036,K,D*35
$GNRMC,004609.00,A,6019.17333,N,02449.84901,E,0.020,,070126,,,R,V*08
$GNRMC,004609.20,A,6019.17333,N,02449.84901,E,0.026,,070126,,,R,V*0C
$GPGSV,4,1,13,01,32,169,30,03,78,132,49,04,55,209,45,06,32,308,43,1*6A
$GNVTG,,T,,M,0.001,N,0.002,K,D*3B
$GNRMC,004610.00,A,6019.17333,N,02449.84901,E,0.012,,070126,,,R,V*01
$GNVTG,,T,,M,0.012,N,0.022,K,D*3B
$GNRMC,004610.30,A,6019.17333,N,02449.84901,E,0.020,,070126,,,R,V*03
$GNVTG,,T,,M,0.020,N,0.037,K,D*3E
$GNRMC,004610.50,A,6019.17333,N,02449.84901,E,0.020,,070126,,,R,V*05
$GNRMC,004610.70,A,6019.17333,N,02449.84901,E,0.006,,070126,,,R,V*03
$GNRMC,004610.90,A,6019.17333,N,02449.84901,E,0.019,,070126,,,R,V*03
$GNRMC,004611.10,A,6019.17333,N,02449.84901,E,0.017,,070126,,,R,V*04
$GNRMC,004611.30,A,6019.17333,N,02449.84901,E,0.019,,070126,,,R,V*08
$GNVTG,,T,,M,0.023,N,0.042,K,D*3F
$GNRMC,004611.60,A,6019.17333,N,02449.84901,E,0.016,,070126,,,R,V*02
$GNVTG,,T,,M,0.028,N,0.053,K,D*34
$GNRMC,004612.00,A,6019.17333,N,02449.84901,E,0.008,,070126,,,R,V*08
$GNVTG,,T,,M,0.030,N,0.056,K,D*38
$GNVTG,,T,,M,0.023,N,0.043,K,D*3E
$GNRMC,004612.50,A,6019.17333,N,02449.84901,E,0.006,,070126,,,R,V*03
$GNRMC,004612.80,A,6019.17332,N,02449.84901,E,0.035,,070126,,,R,V*0F
$GNRMC,004613.00,A,6019.17332,N,02449.84901,E,0.021,,070126,,,R,V*03
$GNVTG,,T,,M,0.015,N,0.029,K,D*37
$GNRMC,004613.30,A,6019.17332,N,02449.84901,E,0.032,,070126,,,R,V*02
$GNVTG,,T,,M,0.024,N,0.044,K,D*3E
$GNTXT,01,01,00,txbuf alloc*61
$GNVTG,,T,,M,0.016,N,0.029,K,D*34
$GNRMC,004613.80,A,6019.17332,N,02449.84901,E,0.007,,070126,,,R,V*0F
$GNRMC,004614.00,A,6019.17332,N,02449.84901,E,0.021,,070126,,,R,V*04
$GNRMC,004614.20,A,6019.17332,N,02449.84901,E,0.011,,070126,,,R,V*05
$GNVTG,,T,,M,0.006,N,0.011,K,D*3E
$GNVTG,,T,,M,0.019,N,0.034,K,D*37
$GNRMC,004614.70,A,6019.17332,N,02449.84901,E,0.010,,070126,,,R,V*01
$GNRMC,004614.90,A,6019.17332,N,02449.84901,E,0.009,,070126,,,R,V*07
$GNRMC,004615.10,A,6019.17333,N,02449.84901,E,0.005,,070126,,,R,V*03
$GNVTG,,T,,M,0.043,N,0.080,K,D*37
$GNRMC,004615.70,A,6019.17333,N,02449.84901,E,0.014,,070126,,,R,V*05
$GNVTG,,T,,M,0.014,N,0.026,K,D*39
$GNRMC,004616.10,A,6019.17333,N,02449.84901,E,0.058,,070126,,,R,V*08
$GNVTG,,T,,M,0.010,N,0.018,K,D*30
$GNRMC,004616.80,A,6019.17333,N,02449.84901,E,0.029,,070126,,,R,V*07
$GNVTG,,T,,M,0.029,N,0.053,K,D*35
$GBGSV,3,1,09,02,09,116,,05,19,141,,06,42,079,,09,41,099,,0*7A
$GNRMC,004617.40,A,6019.17333,N,02449.84901,E,0.021,,070126,,,R,V*02
$GNRMC,004617.50,A,6019.17333,N,02449.84901,E,0.017,,070126,,,R,V*06
$GNRMC,004617.60,A,6019.17333,N,02449.84901,E,0.032,,070126,,,R,V*02
$GNRMC,004617.80,A,6019.17333,N,02449.84901,E,0.014,,070126,,,R,V*08
$GNVTG,,T,,M,0.014,N,0.026,K,D*39
$GNRMC,004618.10,A,6019.17332,N,02449.84901,E,0.005,,070126,,,R,V*0F
$GNVTG,,T,,M,0.005,N,0.009,K,D*34
$GNRMC,004618.50,A,6019.17332,N,02449.84901,E,0.025,,070126,,,R,V*09
$GNVTG,,T,,M,0.025,N,0.047,K,D*3C
$GNVTG,,T,,M,0.015,N,0.029,K,D*37
$GNRMC,004618.80,A,6019.17332,N,02449.84901,E,0.035,,070126,,,R,V*05
$GNRMC,004618.90,A,6019.17332,N,02449.84901,E,0.027,,070126,,,R,V*07
$GNVTG,,T,,M,0.018,N,0.033,K,D*31
$GNVTG,,T,,M,0.017,N,0.031,K,D*3C
$GPGSV,4,1,13,01,32,169,30,03,78,132,49,04,55,209,45,06,32,308,43,1*6A
$GNRMC,004619.40,A,6019.17333,N,02449.84901,E,0.018,,070126,,,R,V*06
$GNVTG,,T,,M,0.026,N,0.048,K,D*30
$GNRMC,004619.80,A,6019.17332,N,02449.84901,E,0.020,,070126,,,R,V*00
$GNRMC,004619.90,A,6019.17332,N,02449.84901,E,0.015,,070126,,,R,V*07
$GNRMC,004620.00,A,6019.17332,N,02449.84901,E,0.017,,070126,,,R,V*06
$GNVTG,,T,,M,0.017,N,0.031,K,D*3C
$GNRMC,004620.20,A,6019.17332,N,02449.84901,E,0.004,,070126,,,R,V*06
$GNRMC,004620.30,A,6019.17332,N,02449.84901,E,0.031,,070126,,,R,V*01
$GNRMC,004620.40,A,6019.17332,N,02449.84901,E,0.019,,070126,,,R,V*0C
$GNRMC,004620.60,A,6019.17332,N,02449.84901,E,0.021,,070126,,,R,V*05
$GNVTG,,T,,M,0.021,N,0.039,K,D*31
$GNVTG,,T,,M,0.015,N,0.028,K,D*36
$GNRMC,004621.10,A,6019.17332,N,02449.84901,E,0.007,,070126,,,R,V*07
$GNVTG,,T,,M,0.007,N,0.014,K,D*3A
$GNRMC,004621.20,A,6019.17332,N,02449.84901,E,0.008,,070126,,,R,V*0B
$GNRMC,004621.30,A,6019.17332,N,02449.84901,E,0.018,,070126,,,R,V*0B
$GNRMC,004621.50,A,6019.17332,N,02449.84901,E,0.023,,070126,,,R,V*05
$GNRMC,004621.60,A,6019.17332,N,02449.84901,E,0.014,,070126,,,R,V*02
$GNRMC,004621.70,A,6019.17332,N,02449.84901,E,0.003,,070126,,,R,V*05
$GNRMC,004621.80,A,6019.17332,N,02449.84901,E,0.013,,070126,,,R,V*0B
$GNRMC,004622.10,A,6019.17332,N,02449.84901,E,0.022,,070126,,,R,V*03
$GNVTG,,T,,M,0.024,N,0.045,K,D*3F
$GNVTG,,T,,M,0.017,N,0.032,K,D*3F
$GNVTG,,T,,M,0.011,N,0.020,K,D*3A
$GNVTG,,T,,M,0.035,N,0.064,K,D*3C
$GNRMC,004623.50,A,6019.17332,N,02449.84901,E,0.015,,070126,,,R,V*02
$GNVTG,,T,,M,0.015,N,0.029,K,D*37
$GNRMC,004623.60,A,6019.17332,N,02449.84901,E,0.016,,070126,,,R,V*02
$GNVTG,,T,,M,0.016,N,0.029,K,D*34
$GNVTG,,T,,M,0.007,N,0.013,K,D*3D
$GNRMC,004624.00,A,6019.17333,N,02449.84901,E,0.032,,070126,,,R,V*04
$GNRMC,004624.40,A,6019.17333,N,02449.84901,E,0.006,,070126,,,R,V*07
$GNVTG,,T,,M,0.017,N,0.031,K,D*3C
$GNVTG,,T,,M,0.004,N,0.008,K,D*34
$GNRMC,004625.20,A,6019.17333,N,02449.84901,E,0.022,,070126,,,R,V*06
$GNRMC,004625.50,A,6019.17333,N,02449.84901,E,0.007,,070126,,,R,V*06
$GNVTG,,T,,M,0.007,N,0.014,K,D*3A
$GNRMC,004625.70,A,6019.17332,N,02449.84901,E,0.018,,070126,,,R,V*0B
$GNVTG,,T,,M,0.018,N,0.033,K,D*31
$GNRMC,004626.10,A,6019.17333,N,02449.84901,E,0.007,,070126,,,R,V*01
$GNRMC,004626.30,A,6019.17332,N,02449.84902,E,0.010,,070126,,,R,V*07
$GNVTG,,T,,M,0.010,N,0.018,K,D*30
$GNRMC,004626.60,A,6019.17333,N,02449.84901,E,0.016,,070126,,,R,V*06
$GNRMC,004626.80,A,6019.17333,N,02449.84902,E,0.024,,070126,,,R,V*0A
$GPGSV,4,1,13,01,32,169,30,03,78,132,49,04,55,209,45,06,32,308,43,1*6A
$GNRMC,004627.10,A,6019.17332,N,02449.84901,E,0.022,,070126,,,R,V*06
$GNRMC,004627.20,A,6019.17332,N,02449.84901,E,0.003,,070126,,,R,V*06
$GNRMC,004627.30,A,6019.17332,N,02449.84901,E,0.011,,070126,,,R,V*04
$GNVTG,,T,,M,0.024,N,0.044,K,D*3E
$GNRMC,004627.60,A,6019.17332,N,02449.84901,E,0.038,,070126,,,R,V*0A
$GNRMC,004627.90,A,6019.17332,N,02449.84901,E,0.026,,070126,,,R,V*0A
$GNVTG,,T,,M,0.015,N,0.028,K,D*36
$GNRMC,004628.20,A,6019.17332,N,02449.84901,E,0.015,,070126,,,R,V*0E
$GNVTG,,T,,M,0.022,N,0.040,K,D*3C
$GNRMC,004628.70,A,6019.17332,N,02449.84901,E,0.018,,070126,,,R,V*06
$GNVTG,,T,,M,0.006,N,0.011,K,D*3E
$GNRMC,004629.20,A,6019.17332,N,02449.84901,E,0.009,,070126,,,R,V*02
$GNVTG,,T,,M,0.019,N,0.035,K,D*36
$GNVTG,,T,,M,0.017,N,0.032,K,D*3F
$GNRMC,004629.80,A,6019.17332,N,02449.84901,E,0.017,,070126,,,R,V*07
$GNRMC,004630.10,A,6019.17332,N,02449.84901,E,0.016,,070126,,,R,V*07
$GNRMC,004630.30,A,6019.17332,N,02449.84901,E,0.022,,070126,,,R,V*02
$GNRMC,004630.40,A,6019.17332,N,02449.84901,E,0.013,,070126,,,R,V*07
$GNVTG,,T,,M,0.013,N,0.024,K,D*3C
$GNRMC,004630.60,A,6019.17332,N,02449.84901,E,0.029,,070126,,,R,V*0C
$GNRMC,004630.80,A,6019.17332,N,02449.84901,E,0.031,,070126,,,R,V*0B
$GNVTG,,T,,M,0.031,N,0.058,K,D*37
$GNRMC,004631.10,A,6019.17332,N,02449.84901,E,0.008,,070126,,,R,V*09
$GNVTG,,T,,M,0.008,N,0.015,K,D*34
$GNRMC,004631.50,A,6019.17332,N,02449.84901,E,0.048,,070126,,,R,V*09
$GNRMC,004631.60,A,6019.17332,N,02449.84901,E,0.017,,070126,,,R,V*00
$GNVTG,,T,,M,0.017,N,0.031,K,D*3C
$GNVTG,,T,,M,0.012,N,0.022,K,D*3B
$GNRMC,004632.90,A,6019.17332,N,02449.84901,E,0.022,,070126,,,R,V*0A
$GNVTG,,T,,M,0.022,N,0.041,K,D*3D
$GNRMC,004633.20,A,6019.17332,N,02449.84901,E,0.012,,070126,,,R,V*03
$GNRMC,004633.30,A,6019.17332,N,02449.84901,E,0.007,,070126,,,R,V*06
$GNRMC,004633.40,A,6019.17332,N,02449.84901,E,0.009,,070126,,,R,V*0F
$GNRMC,004633.60,A,6019.17332,N,02449.84902,E,0.031,,070126,,,R,V*05
$GNRMC,004633.80,A,6019.17332,N,02449.84902,E,0.016,,070126,,,R,V*0E
$GNRMC,004634.00,A,6019.17332,N,02449.84902,E,0.009,,070126,,,R,V*0F
$GNVTG,,T,,M,0.009,N,0.016,K,D*36
$GNVTG,,T,,M,0.017,N,0.032,K,D*3F
$GNRMC,004634.40,A,6019.17332,N,02449.84902,E,0.012,,070126,,,R,V*01
$GNRMC,004634.50,A,6019.17332,N,02449.84902,E,0.019,,070126,,,R,V*0B
$GNRMC,004634.70,A,6019.17332,N,02449.84902,E,0.016,,070126,,,R,V*06
$GNVTG,,T,,M,0.015,N,0.027,K,D*39
$GNVTG,,T,,M,0.006,N,0.010,K,D*3F
$GNVTG,,T,,M,0.012,N,0.021,K,D*38
$GNVTG,,T,,M,0.006,N,0.011,K,D*3E
$GNRMC,004635.50,A,6019.17332,N,02449.84902,E,0.014,,070126,,,R,V*07
$GNVTG,,T,,M,0.013,N,0.025,K,D*3D
$GNRMC,004636.10,A,6019.17332,N,02449.84901,E,0.011,,070126,,,R,V*06
$GNRMC,004636.30,A,6019.17332,N,02449.84901,E,0.006,,070126,,,R,V*02
$GNVTG,,T,,M,0.022,N,0.040,K,D*3C
$GNTXT,01,01,00,txbuf alloc*61
$GNRMC,004636.60,A,6019.17332,N,02449.84901,E,0.022,,070126,,,R,V*01
$GNVTG,,T,,M,0.022,N,0.040,K,D*3C
$GNRMC,004636.90,A,6019.17332,N,02449.84901,E,0.009,,070126,,,R,V*07
$GNRMC,004637.10,A,6019.17332,N,02449.84901,E,0.041,,070126,,,R,V*02
$GNVTG,,T,,M,0.041,N,0.076,K,D*3C
$GNRMC,004637.30,A,6019.17332,N,02449.84901,E,0.027,,070126,,,R,V*00
$GNVTG,,T,,M,0.027,N,0.050,K,D*38
$GNTXT,01,01,00,txbuf alloc*61
$GPGSV,4,1,13,01,32,169,30,03,78,132,49,04,55,209,45,06,32,308,43,1*6A
$GNRMC,004637.80,A,6019.17332,N,02449.84901,E,0.019,,070126,,,R,V*06
$GNVTG,,T,,M,0.019,N,0.035,K,D*36
$GNRMC,004638.20,A,6019.17332,N,02449.84901,E,0.019,,070126,,,R,V*03
$GNVTG,,T,,M,0.019,N,0.036,K,D*35
$GNRMC,004638.40,A,6019.17332,N,02449.84901,E,0.015,,070126,,,R,V*09
$GNTXT,01,01,00,txbuf alloc*61
$GNRMC,004638.70,A,6019.17332,N,02449.84901,E,0.018,,070126,,,R,V*07
$GNRMC,004638.90,A,6019.17332,N,02449.84902,E,0.007,,070126,,,R,V*04
$GNVTG,,T,,M,0.009,N,0.017,K,D*37
$GNRMC,004639.30,A,6019.17332,N,02449.84901,E,0.002,,070126,,,R,V*09
$GNVTG,,T,,M,0.015,N,0.029,K,D*37
$GNRMC,004639.60,A,6019.17332,N,02449.84901,E,0.028,,070126,,,R,V*04
$GNVTG,,T,,M,0.028,N,0.051,K,D*36
$GNRMC,004640.10,A,6019.17332,N,02449.84901,E,0.051,,070126,,,R,V*03
$GNRMC,004640.30,A,6019.17332,N,02449.84901,E,0.014,,070126,,,R,V*00
$GNVTG,,T,,M,0.014,N,0.026,K,D*39
$GNRMC,004640.50,A,6019.17332,N,02449.84901,E,0.010,,070126,,,R,V*02
$GNVTG,,T,,M,0.018,N,0.033,K,D*31
$GNRMC,004640.80,A,6019.17332,N,02449.84901,E,0.030,,070126,,,R,V*0D
$GNRMC,004640.90,A,6019.17332,N,02449.84901,E,0.011,,070126,,,R,V*0F
$GNRMC,004641.10,A,6019.17332,N,02449.84901,E,0.016,,070126,,,R,V*01
$GNRMC,004641.20,A,6019.17332,N,02449.84901,E,0.014,,070126,,,R,V*00
$GNRMC,004641.40,A,6019.17332,N,02449.84901,E,0.028,,070126,,,R,V*09
$GNRMC,004641.60,A,6019.17332,N,02449.84901,E,0.021,,070126,,,R,V*02
$GNVTG,,T,,M,0.021,N,0.039,K,D*31
$GNRMC,004641.90,A,6019.17332,N,02449.84901,E,0.016,,070126,,,R,V*09
$GNVTG,,T,,M,0.016,N,0.030,K,D*3C
$GNVTG,,T,,M,0.010,N,0.019,K,D*31
$GNVTG,,T,,M,0.020,N,0.038,K,D*31
$GNVTG,,T,,M,0.022,N,0.041,K,D*3D
$GNRMC,004643.10,A,6019.17332,N,02449.84901,E,0.027,,070126,,,R,V*01
$GNVTG,,T,,M,0.012,N,0.022,K,D*3B
$GNVTG,,T,,M,0.011,N,0.020,K,D*3A
$GNVTG,,T,,M,0.003,N,0.006,K,D*3D
$GNRMC,004644.00,A,6019.17332,N,02449.84901,E,0.013,,070126,,,R,V*00
$GNVTG,,T,,M,0.046,N,0.084,K,D*36
$GNVTG,,T,,M,0.012,N,0.022,K,D*3B
$GNVTG,,T,,M,0.012,N,0.022,K,D*3B
$GNVTG,,T,,M,0.021,N,0.040,K,D*3F
$GNVTG,,T,,M,0.025,N,0.047,K,D*3C
$GNVTG,,T,,M,0.006,N,0.011,K,D*3E
$GNRMC,004645.30,A,6019.17332,N,02449.84901,E,0.010,,070126,,,R,V*01
$GNRMC,004645.60,A,6019.17332,N,02449.84901,E,0.019,,070126,,,R,V*0D
$GNVTG,,T,,M,0.019,N,0.035,K,D*36
$GNRMC,004645.90,A,6019.17332,N,02449.84901,E,0.021,,070126,,,R,V*09
$GNVTG,,T,,M,0.014,N,0.026,K,D*39
$GNRMC,004646.30,A,6019.17332,N,02449.84901,E,0.006,,070126,,,R,V*05
$GNVTG,,T,,M,0.012,N,0.021,K,D*38
$GNRMC,004646.60,A,6019.17332,N,02449.84901,E,0.002,,070126,,,R,V*04
$GNRMC,004647.10,A,6019.17332,N,02449.84901,E,0.018,,070126,,,R,V*09
$GNRMC,004647.30,A,6019.17332,N,02449.84901,E,0.019,,070126,,,R,V*0A
$GNRMC,004647.50,A,6019.17332,N,02449.84901,E,0.009,,070126,,,R,V*0D
$GNVTG,,T,,M,0.009,N,0.017,K,D*37
$GNVTG,,T,,M,0.009,N,0.016,K,D*36
$GNRMC,004648.00,A,6019.17332,N,02449.84901,E,0.024,,070126,,,R,V*08
$GNRMC,004648.20,A,6019.17332,N,02449.84901,E,0.009,,070126,,,R,V*05
$GNRMC,004648.50,A,6019.17332,N,02449.84901,E,0.010,,070126,,,R,V*0A
$GNVTG,,T,,M,0.010,N,0.019,K,D*31
$GNRMC,004648.70,A,6019.17332,N,02449.84902,E,0.007,,070126,,,R,V*0D
$GNRMC,004648.90,A,6019.17332,N,02449.84902,E,0.016,,070126,,,R,V*03
$GNVTG,,T,,M,0.016,N,0.030,K,D*3C
$GNRMC,004649.20,A,6019.17332,N,02449.84902,E,0.008,,070126,,,R,V*06
$GNRMC,004649.40,A,6019.17332,N,02449.84901,E,0.008,,070126,,,R,V*03
$GNVTG,,T,,M,0.008,N,0.016,K,D*37
$GNTXT,01,01,00,txbuf alloc*61
$GNVTG,,T,,M,0.014,N,0.027,K,D*38
$GNRMC,004649.90,A,6019.17332,N,02449.84902,E,0.024,,070126,,,R,V*03
$GNRMC,004650.10,A,6019.17332,N,02449.84901,E,0.008,,070126,,,R,V*0E
$GNVTG,,T,,M,0.008,N,0.015,K,D*34
$GNRMC,004650.30,A,6019.17332,N,02449.84901,E,0.023,,070126,,,R,V*05
$GNTXT,01,01,00,txbuf alloc*61
$GNRMC,004650.60,A,6019.17332,N,02449.84901,E,0.017,,070126,,,R,V*07
$GNRMC,004650.70,A,6019.17332,N,02449.84902,E,0.009,,070126,,,R,V*0A
$GNRMC,004651.00,A,6019.17332,N,02449.84902,E,0.004,,070126,,,R,V*01
$GNVTG,,T,,M,0.004,N,0.008,K,D*34
$GNRMC,004651.20,A,6019.17332,N,02449.84901,E,0.036,,070126,,,R,V*01
$GNVTG,,T,,M,0.031,N,0.058,K,D*37
$GNRMC,004651.70,A,6019.17332,N,02449.84901,E,0.021,,070126,,,R,V*02
$GNVTG,,T,,M,0.021,N,0.039,K,D*31
$GNRMC,004651.90,A,6019.17332,N,02449.84901,E,0.024,,070126,,,R,V*09
$GNRMC,004652.10,A,6019.17332,N,02449.84901,E,0.002,,070126,,,R,V*06
$GNRMC,004652.30,A,6019.17332,N,02449.84901,E,0.009,,070126,,,R,V*0F
$GNRMC,004652.50,A,6019.17332,N,02449.84901,E,0.021,,070126,,,R,V*03
$GNRMC,004652.60,A,6019.17332,N,02449.84902,E,0.030,,070126,,,R,V*03
$GNVTG,,T,,M,0.030,N,0.056,K,D*38
$GNRMC,004652.80,A,6019.17332,N,02449.84901,E,0.023,,070126,,,R,V*0C
$GNVTG,,T,,M,0.023,N,0.043,K,D*3E
$GNRMC,004653.00,A,6019.17332,N,02449.84902,E,0.043,,070126,,,R,V*00
$GNVTG,,T,,M,0.043,N,0.080,K,D*37
$GNRMC,004653.20,A,6019.17332,N,02449.84902,E,0.023,,070126,,,R,V*04
$GNRMC,004653.30,A,6019.17332,N,02449.84902,E,0.031,,070126,,,R,V*06
$GNRMC,004653.50,A,6019.17332,N,02449.84902,E,0.009,,070126,,,R,V*0B
$GNVTG,,T,,M,0.009,N,0.017,K,D*37
$GNRMC,004653.70,A,6019.17332,N,02449.84902,E,0.004,,070126,,,R,V*04
$GNVTG,,T,,M,0.016,N,0.029,K,D*34
$GNRMC,004654.10,A,6019.17332,N,02449.84902,E,0.019,,070126,,,R,V*09
$GNVTG,,T,,M,0.019,N,0.035,K,D*36
$GNRMC,004654.30,A,6019.17332,N,02449.84902,E,0.003,,070126,,,R,V*00
$GNVTG,,T,,M,0.003,N,0.005,K,D*3E
$GNRMC,004654.50,A,6019.17332,N,02449.84902,E,0.013,,070126,,,R,V*07
$GNVTG,,T,,M,0.013,N,0.024,K,D*3C
$GNRMC,004654.70,A,6019.17332,N,02449.84902,E,0.009,,070126,,,R,V*0E
$GNRMC,004655.00,A,6019.17332,N,02449.84902,E,0.043,,070126,,,R,V*06
$GNVTG,,T,,M,0.030,N,0.056,K,D*38
$GNRMC,004655.30,A,6019.17332,N,02449.84902,E,0.026,,070126,,,R,V*06
$GNVTG,,T,,M,0.015,N,0.028,K,D*36
$GNRMC,004656.00,A,6019.17332,N,02449.84902,E,0.008,,070126,,,R,V*0A
$GNVTG,,T,,M,0.008,N,0.015,K,D*34
$GNRMC,004656.40,A,6019.17332,N,02449.84902,E,0.042,,070126,,,R,V*00
$GNRMC,004656.80,A,6019.17332,N,02449.84902,E,0.033,,070126,,,R,V*0A
$GNRMC,004657.00,A,6019.17332,N,02449.84902,E,0.008,,070126,,,R,V*0B
$GNRMC,004657.10,A,6019.17332,N,02449.84902,E,0.013,,070126,,,R,V*00
$GNVTG,,T,,M,0.013,N,0.025,K,D*3D
$GNVTG,,T,,M,0.008,N,0.014,K,D*35
$GNVTG,,T,,M,0.007,N,0.014,K,D*3A
$GNVTG,,T,,M,0.013,N,0.024,K,D*3C
$GNRMC,004657.90,A,6019.17332,N,02449.84902,E,0.008,,070126,,,R,V*02
$GNRMC,004658.00,A,6019.17332,N,02449.84902,E,0.019,,070126,,,R,V*04
$GNRMC,004658.10,A,6019.17332,N,02449.84902,E,0.018,,070126,,,R,V*04
$GNVTG,,T,,M,0.014,N,0.026,K,D*39
$GNRMC,004658.40,A,6019.17332,N,02449.84902,E,0.022,,070126,,,R,V*08
$GNVTG,,T,,M,0.010,N,0.019,K,D*31
$GNRMC,004658.90,A,6019.17332,N,02449.84902,E,0.018,,070126,,,R,V*0C
$GNRMC,004659.10,A,6019.17332,N,02449.84902,E,0.015,,070126,,,R,V*08
$GNRMC,004659.20,A,6019.17332,N,02449.84902,E,0.023,,070126,,,R,V*0E
$GNRMC,004659.30,A,6019.17332,N,02449.84902,E,0.021,,070126,,,R,V*0D
$GNVTG,,T,,M,0.032,N,0.060,K,D*3F
$GNRMC,004659.60,A,6019.17332,N,02449.84902,E,0.028,,070126,,,R,V*01
$GNRMC,004700.00,A,6019.17332,N,02449.84902,E,0.020,,070126,,,R,V*02
$GNRMC,004700.30,A,6019.17332,N,02449.84902,E,0.035,,070126,,,R,V*05
$GNVTG,,T,,M,0.039,N,0.073,K,D*36
$GNVTG,,T,,M,0.011,N,0.021,K,D*3B
$GNVTG,,T,,M,0.015,N,0.027,K,D*39
$GNVTG,,T,,M,0.005,N,0.010,K,D*3C
$GNRMC,004701.20,A,6019.17332,N,02449.84902,E,0.012,,070126,,,R,V*00
$GNRMC,004701.40,A,6019.17332,N,02449.84902,E,0.017,,070126,,,R,V*03
$GNVTG,,T,,M,0.017,N,0.031,K,D*3C
$GNRMC,004701.60,A,6019.17332,N,02449.84902,E,0.015,,070126,,,R,V*03
$GNRMC,004702.20,A,6019.17332,N,02449.84902,E,0.007,,070126,,,R,V*07
$GNVTG,,T,,M,0.007,N,0.013,K,D*3D
$GNRMC,004702.40,A,6019.17332,N,02449.84902,E,0.009,,070126,,,R,V*0F
$GNVTG,,T,,M,0.009,N,0.017,K,D*37
$GNTXT,01,01,00,txbuf alloc*61
$GNRMC,004702.60,A,6019.17332,N,02449.84902,E,0.006,,070126,,,R,V*02
$GNRMC,004702.80,A,6019.17332,N,02449.84902,E,0.011,,070126,,,R,V*0A
$GNRMC,004703.10,A,6019.17332,N,02449.84901,E,0.015,,070126,,,R,V*05
$GNRMC,004703.60,A,6019.17332,N,02449.84901,E,0.019,,070126,,,R,V*0E
$GNVTG,,T,,M,0.019,N,0.034,K,D*37
$GNRMC,004703.90,A,6019.17332,N,02449.84901,E,0.032,,070126,,,R,V*08
$GNRMC,004704.10,A,6019.17332,N,02449.84901,E,0.026,,070126,,,R,V*02
$GNVTG,,T,,M,0.026,N,0.049,K,D*31
$GNTXT,01,01,00,txbuf alloc*61
$GNRMC,004704.70,A,6019.17332,N,02449.84901,E,0.013,,070126,,,R,V*02
$GNRMC,004704.90,A,6019.17332,N,02449.84901,E,0.008,,070126,,,R,V*06
$GNVTG,,T,,M,0.024,N,0.044,K,D*3E
$GNRMC,004705.20,A,6019.17332,N,02449.84901,E,0.021,,070126,,,R,V*07
$GNVTG,,T,,M,0.027,N,0.051,K,D*39
$GNRMC,004705.50,A,6019.17332,N,02449.84901,E,0.023,,070126,,,R,V*02
$GNRMC,004705.80,A,6019.17332,N,02449.84901,E,0.010,,070126,,,R,V*0F
$GNVTG,,T,,M,0.008,N,0.015,K,D*34
$GNRMC,004706.20,A,6019.17332,N,02449.84901,E,0.008,,070126,,,R,V*0F
$GNRMC,004706.40,A,6019.17332,N,02449.84901,E,0.037,,070126,,,R,V*05
$GNVTG,,T,,M,0.007,N,0.013,K,D*3D
$GNRMC,004706.80,A,6019.17332,N,02449.84901,E,0.012,,070126,,,R,V*0E
$GNRMC,004707.00,A,6019.17332,N,02449.84901,E,0.005,,070126,,,R,V*01
$GPGSV,4,1,13,01,31,169,29,03,77,130,50,04,56,208,45,06,33,307,43,1*68
