$GNRMC,004139.50,A,6019.17332,N,02449.84901,E,0.011,,070126,,,R,V*0A
$GNVTG,,T,,M,0.011,N,0.020,K,D*3A
$GNRMC,004139.70,A,6019.17332,N,02449.84901,E,0.012,,070126,,,R,V*0B
$GNRMC,004139.80,A,6019.17332,N,02449.84901,E,0.017,,070126,,,R,V*01
$GNRMC,004139.90,A,6019.17332,N,02449.84901,E,0.024,,070126,,,R,V*00
$GNRMC,004140.10,A,6019.17332,N,02449.84901,E,0.026,,070126,,,R,V*04
$GNRMC,004140.30,A,6019.17332,N,02449.84901,E,0.013,,070126,,,R,V*00
$GNRMC,004140.50,A,6019.17332,N,02449.84901,E,0.014,,070126,,,R,V*01
$GNRMC,004140.70,A,6019.17332,N,02449.84901,E,0.005,,070126,,,R,V*03
$GNRMC,004140.90,A,6019.17332,N,02449.84901,E,0.006,,070126,,,R,V*0E
$GNRMC,004141.10,A,6019.17332,N,02449.84901,E,0.010,,070126,,,R,V*00
$GNRMC,004141.30,A,6019.17332,N,02449.84901,E,0.033,,070126,,,R,V*03
$GNRMC,004141.50,A,6019.17332,N,02449.84901,E,0.012,,070126,,,R,V*06
$GNVTG,,T,,M,0.017,N,0.032,K,D*3F
$GNVTG,,T,,M,0.025,N,0.047,K,D*3C
$GNVTG,,T,,M,0.032,N,0.060,K,D*3F
$GNVTG,,T,,M,0.014,N,0.026,K,D*39
$GNVTG,,T,,M,0.012,N,0.023,K,D*3A
$GNVTG,,T,,M,0.024,N,0.045,K,D*3F
$GNRMC,004142.50,A,6019.17332,N,02449.84901,E,0.019,,070126,,,R,V*0E
$GNVTG,,T,,M,0.029,N,0.054,K,D*32
$GNRMC,004143.00,A,6019.17332,N,02449.84901,E,0.009,,070126,,,R,V*0B
$GNVTG,,T,,M,0.037,N,0.068,K,D*32
$GNRMC,004143.80,A,6019.17332,N,02449.84901,E,0.021,,070126,,,R,V*09
$GNVTG,,T,,M,0.021,N,0.039,K,D*31
$GNRMC,004144.10,A,6019.17332,N,02449.84901,E,0.015,,070126,,,R,V*00
$GNRMC,004144.50,A,6019.17332,N,02449.84901,E,0.009,,070126,,,R,V*09
$GNRMC,004144.70,A,6019.17332,N,02449.84901,E,0.005,,070126,,,R,V*07
$GNVTG,,T,,M,0.005,N,0.010,K,D*3C
$GNRMC,004144.90,A,6019.17332,N,02449.84901,E,0.005,,070126,,,R,V*09
$GNVTG,,T,,M,0.007,N,0.012,K,D*3C
$GNRMC,004145.20,A,6019.17332,N,02449.84901,E,0.035,,070126,,,R,V*00
$GNVTG,,T,,M,0.007,N,0.012,K,D*3C
$GNRMC,004145.60,A,6019.17332,N,02449.84901,E,0.019,,070126,,,R,V*0A
$GNVTG,,T,,M,0.019,N,0.035,K,D*36
$GNRMC,004145.80,A,6019.17332,N,02449.84901,E,0.022,,070126,,,R,V*0C
$GNVTG,,T,,M,0.014,N,0.025,K,D*3A
$GNRMC,004146.20,A,6019.17332,N,02449.84901,E,0.003,,070126,,,R,V*06
$GNVTG,,T,,M,0.003,N,0.005,K,D*3E
$GNVTG,,T,,M,0.017,N,0.031,K,D*3C
$GNRMC,004146.50,A,6019.17332,N,02449.84901,E,0.015,,070126,,,R,V*06
$GNRMC,004146.80,A,6019.17332,N,02449.84901,E,0.010,,070126,,,R,V*0E
$GNVTG,,T,,M,0.010,N,0.019,K,D*31
$GNVTG,,T,,M,0.032,N,0.060,K,D*3F
$GNRMC,004147.30,A,6019.17332,N,02449.84901,E,0.005,,070126,,,R,V*00
$GNRMC,004147.50,A,6019.17332,N,02449.84901,E,0.033,,070126,,,R,V*03
$GNVTG,,T,,M,0.033,N,0.060,K,D*3E
$GNRMC,004147.70,A,6019.17332,N,02449.84901,E,0.028,,070126,,,R,V*0B
$GNVTG,,T,,M,0.028,N,0.051,K,D*36
$GNRMC,004147.90,A,6019.17332,N,02449.84901,E,0.017,,070126,,,R,V*09
$GNVTG,,T,,M,0.017,N,0.032,K,D*3F
$GNRMC,004148.10,A,6019.17332,N,02449.84901,E,0.013,,070126,,,R,V*0A
$GNRMC,004148.30,A,6019.17332,N,02449.84901,E,0.010,,070126,,,R,V*0B
$GNVTG,,T,,M,0.010,N,0.019,K,D*31
$GNVTG,,T,,M,0.004,N,0.008,K,D*34
$GNRMC,004148.70,A,6019.17332,N,02449.84901,E,0.019,,070126,,,R,V*06
$GNRMC,004148.80,A,6019.17332,N,02449.84901,E,0.020,,070126,,,R,V*03
$GNRMC,004149.00,A,6019.17332,N,02449.84901,E,0.009,,070126,,,R,V*01
$GNRMC,004149.30,A,6019.17332,N,02449.84901,E,0.011,,070126,,,R,V*0B
$GNRMC,004149.50,A,6019.17332,N,02449.84901,E,0.016,,070126,,,R,V*0A
$GNVTG,,T,,M,0.019,N,0.036,K,D*35
$GNRMC,004149.80,A,6019.17332,N,02449.84901,E,0.018,,070126,,,R,V*09
$GNRMC,004150.00,A,6019.17332,N,02449.84901,E,0.019,,070126,,,R,V*08
$GNVTG,,T,,M,0.009,N,0.017,K,D*37
$GNVTG,,T,,M,0.025,N,0.046,K,D*3D
$GNRMC,004150.40,A,6019.17332,N,02449.84901,E,0.010,,070126,,,R,V*05
$GNRMC,004150.50,A,6019.17332,N,02449.84901,E,0.034,,070126,,,R,V*02
$GNVTG,,T,,M,0.034,N,0.063,K,D*3A
$GNRMC,004150.70,A,6019.17332,N,02449.84901,E,0.014,,070126,,,R,V*02
$GNVTG,,T,,M,0.014,N,0.026,K,D*39
$GNVTG,,T,,M,0.004,N,0.008,K,D*34
$GNVTG,,T,,M,0.023,N,0.042,K,D*3F
$GNRMC,004151.20,A,6019.17332,N,02449.84901,E,0.038,,070126,,,R,V*08
$GNVTG,,T,,M,0.038,N,0.070,K,D*34
$GNTXT,01,01,00,txbuf alloc*61
$GNVTG,,T,,M,0.036,N,0.067,K,D*3C
$GNRMC,004151.80,A,6019.17332,N,02449.84901,E,0.026,,070126,,,R,V*0D
$GNVTG,,T,,M,0.026,N,0.048,K,D*30
$GNRMC,004152.10,A,6019.17332,N,02449.84901,E,0.015,,070126,,,R,V*07
$GNRMC,004152.30,A,6019.17332,N,02449.84901,E,0.039,,070126,,,R,V*0B
$GNVTG,,T,,M,0.039,N,0.073,K,D*36
$GNRMC,004152.50,A,6019.17332,N,02449.84901,E,0.014,,070126,,,R,V*02
$GNVTG,,T,,M,0.014,N,0.026,K,D*39
$GNRMC,004152.70,A,6019.17332,N,02449.84901,E,0.027,,070126,,,R,V*00
$GNRMC,004152.80,A,6019.17332,N,02449.84901,E,0.011,,070126,,,R,V*0A
$GNRMC,004153.00,A,6019.17332,N,02449.84901,E,0.006,,070126,,,R,V*05
$GNVTG,,T,,M,0.006,N,0.010,K,D*3F
$GNRMC,004153.20,A,6019.17332,N,02449.84901,E,0.010,,070126,,,R,V*00
$GNVTG,,T,,M,0.010,N,0.019,K,D*31
$GNRMC,004153.40,A,6019.17332,N,02449.84901,E,0.023,,070126,,,R,V*06
$GNVTG,,T,,M,0.023,N,0.043,K,D*3E
$GNRMC,004153.50,A,6019.17332,N,02449.84901,E,0.031,,070126,,,R,V*04
$GNVTG,,T,,M,0.031,N,0.057,K,D*38
$GNVTG,,T,,M,0.003,N,0.006,K,D*3D
$GNRMC,004153.80,A,6019.17332,N,02449.84901,E,0.007,,070126,,,R,V*0C
$GNVTG,,T,,M,0.007,N,0.013,K,D*3D
$GNVTG,,T,,M,0.025,N,0.045,K,D*3E
$GNRMC,004154.30,A,6019.17332,N,02449.84901,E,0.021,,070126,,,R,V*04
$GNVTG,,T,,M,0.011,N,0.020,K,D*3A
$GNVTG,,T,,M,0.032,N,0.058,K,D*34
$GNRMC,004154.90,A,6019.17332,N,02449.84901,E,0.011,,070126,,,R,V*0D
$GNRMC,004155.10,A,6019.17332,N,02449.84901,E,0.048,,070126,,,R,V*08
$GNRMC,004155.30,A,6019.17332,N,02449.84901,E,0.004,,070126,,,R,V*02
$GNVTG,,T,,M,0.012,N,0.022,K,D*3B
$GNRMC,004156.10,A,6019.17332,N,02449.84901,E,0.006,,070126,,,R,V*01
$GNVTG,,T,,M,0.006,N,0.011,K,D*3E
$GNRMC,004156.40,A,6019.17332,N,02449.84901,E,0.010,,070126,,,R,V*03
$GNRMC,004156.60,A,6019.17332,N,02449.84901,E,0.018,,070126,,,R,V*09
$GNVTG,,T,,M,0.022,N,0.040,K,D*3C
$GNRMC,004157.10,A,6019.17332,N,02449.84901,E,0.013,,070126,,,R,V*04
$GNVTG,,T,,M,0.029,N,0.054,K,D*32
$GNRMC,004157.40,A,6019.17332,N,02449.84901,E,0.017,,070126,,,R,V*05
$GNVTG,,T,,M,0.013,N,0.024,K,D*3C
$GNRMC,004157.70,A,6019.17332,N,02449.84901,E,0.027,,070126,,,R,V*05
$GNVTG,,T,,M,0.007,N,0.014,K,D*3A
$GNRMC,004158.10,A,6019.17332,N,02449.84901,E,0.009,,070126,,,R,V*00
$GNRMC,004158.30,A,6019.17332,N,02449.84901,E,0.012,,070126,,,R,V*08
$GNRMC,004158.40,A,6019.17332,N,02449.84901,E,0.027,,070126,,,R,V*09
$GNRMC,004158.60,A,6019.17332,N,02449.84901,E,0.022,,070126,,,R,V*0E
$GNVTG,,T,,M,0.012,N,0.021,K,D*38
$GNRMC,004159.10,A,6019.17332,N,02449.84901,E,0.013,,070126,,,R,V*0A
$GNRMC,004159.30,A,6019.17332,N,02449.84901,E,0.021,,070126,,,R,V*09
$GNVTG,,T,,M,0.021,N,0.038,K,D*30
$GNVTG,,T,,M,0.006,N,0.012,K,D*3D
$GNVTG,,T,,M,0.012,N,0.023,K,D*3A
$GNVTG,,T,,M,0.018,N,0.033,K,D*31
$GNRMC,004200.60,A,6019.17332,N,02449.84901,E,0.010,,070126,,,R,V*01
$GNVTG,,T,,M,0.010,N,0.019,K,D*31
$GNRMC,004201.10,A,6019.17332,N,02449.84901,E,0.015,,070126,,,R,V*02
$GNVTG,,T,,M,0.015,N,0.028,K,D*36
$GNVTG,,T,,M,0.015,N,0.029,K,D*37
$GPGSV,4,1,13,01,34,170,27,03,81,137,49,04,53,209,46,06,30,309,44,1*60
$GNRMC,004201.50,A,6019.17332,N,02449.84901,E,0.003,,070126,,,R,V*01
$GNVTG,,T,,M,0.003,N,0.005,K,D*3E
$GNRMC,004201.80,A,6019.17332,N,02449.84901,E,0.010,,070126,,,R,V*0E
$GNVTG,,T,,M,0.010,N,0.019,K,D*31
$GNRMC,004202.00,A,6019.17332,N,02449.84901,E,0.019,,070126,,,R,V*0C
$GNRMC,004202.30,A,6019.17332,N,02449.84901,E,0.011,,070126,,,R,V*07
$GNRMC,004202.50,A,6019.17332,N,02449.84901,E,0.008,,070126,,,R,V*09
$GNVTG,,T,,M,0.008,N,0.015,K,D*34
$GNRMC,004202.70,A,6019.17332,N,02449.84901,E,0.021,,070126,,,R,V*00
$GNVTG,,T,,M,0.021,N,0.038,K,D*30
$GNVTG,,T,,M,0.013,N,0.024,K,D*3C
$GNVTG,,T,,M,0.011,N,0.021,K,D*3B
$GNRMC,004203.60,A,6019.17332,N,02449.84901,E,0.022,,070126,,,R,V*03
$GNRMC,004203.70,A,6019.17332,N,02449.84901,E,0.051,,070126,,,R,V*06
$GNVTG,,T,,M,0.051,N,0.094,K,D*31
$GNRMC,004203.90,A,6019.17332,N,02449.84901,E,0.010,,070126,,,R,V*0D
$GNRMC,004204.00,A,6019.17332,N,02449.84901,E,0.008,,070126,,,R,V*0A
$GNRMC,004204.20,A,6019.17332,N,02449.84901,E,0.023,,070126,,,R,V*01
$GNVTG,,T,,M,0.015,N,0.028,K,D*36
$GNVTG,,T,,M,0.023,N,0.043,K,D*3E
$GNRMC,004204.70,A,6019.17332,N,02449.84901,E,0.005,,070126,,,R,V*00
$GNRMC,004205.00,A,6019.17332,N,02449.84901,E,0.016,,070126,,,R,V*04
$GNVTG,,T,,M,0.016,N,0.029,K,D*34
$GNRMC,004205.20,A,6019.17332,N,02449.84901,E,0.013,,070126,,,R,V*03
$GNRMC,004205.40,A,6019.17332,N,02449.84901,E,0.013,,070126,,,R,V*05
$GNRMC,004205.60,A,6019.17332,N,02449.84901,E,0.027,,070126,,,R,V*00
$GNRMC,004205.80,A,6019.17332,N,02449.84901,E,0.014,,070126,,,R,V*0E
$GNRMC,004206.00,A,6019.17332,N,02449.84901,E,0.008,,070126,,,R,V*08
$GPGSV,1,1,02,02,06,163,,26,00,100,,0*62
$GNVTG,,T,,M,0.011,N,0.020,K,D*3A
$GNVTG,,T,,M,0.029,N,0.054,K,D*32
$GNRMC,004206.50,A,6019.17332,N,02449.84901,E,0.019,,070126,,,R,V*0D
$GNVTG,,T,,M,0.021,N,0.038,K,D*30
$GNRMC,004206.80,A,6019.17332,N,02449.84901,E,0.010,,070126,,,R,V*09
$GNRMC,004206.90,A,6019.17332,N,02449.84901,E,0.012,,070126,,,R,V*0A
$GNVTG,,T,,M,0.029,N,0.054,K,D*32
$GNRMC,004207.50,A,6019.17332,N,02449.84901,E,0.005,,070126,,,R,V*01
$GNVTG,,T,,M,0.005,N,0.009,K,D*34
$GNRMC,004207.80,A,6019.17332,N,02449.84901,E,0.011,,070126,,,R,V*09
$GNRMC,004208.10,A,6019.17332,N,02449.84901,E,0.012,,070126,,,R,V*0C
$GNVTG,,T,,M,0.012,N,0.022,K,D*3B
$GNRMC,004208.30,A,6019.17332,N,02449.84901,E,0.021,,070126,,,R,V*0E
$GNVTG,,T,,M,0.021,N,0.039,K,D*31
$GNVTG,,T,,M,0.022,N,0.040,K,D*3C
$GNRMC,004208.80,A,6019.17332,N,02449.84901,E,0.017,,070126,,,R,V*00
$GNRMC,004208.90,A,6019.17332,N,02449.84901,E,0.026,,070126,,,R,V*03
$GNVTG,,T,,M,0.026,N,0.048,K,D*30
$GNRMC,004209.10,A,6019.17332,N,02449.84901,E,0.013,,070126,,,R,V*0C
$GNRMC,004209.30,A,6019.17332,N,02449.84901,E,0.016,,070126,,,R,V*0B
$GNVTG,,T,,M,0.016,N,0.031,K,D*3D
$GNRMC,004209.60,A,6019.17332,N,02449.84901,E,0.031,,070126,,,R,V*0B
$GNRMC,004210.00,A,6019.17332,N,02449.84901,E,0.017,,070126,,,R,V*01
$GNRMC,004210.30,A,6019.17332,N,02449.84901,E,0.032,,070126,,,R,V*05
$GNVTG,,T,,M,0.032,N,0.060,K,D*3F
$GNVTG,,T,,M,0.015,N,0.027,K,D*39
$GNRMC,004210.70,A,6019.17332,N,02449.84901,E,0.028,,070126,,,R,V*0A
$GNVTG,,T,,M,0.019,N,0.034,K,D*37
$GNVTG,,T,,M,0.010,N,0.018,K,D*30
$GNRMC,004211.20,A,6019.17332,N,02449.84901,E,0.049,,070126,,,R,V*09
$GNRMC,004211.40,A,6019.17332,N,02449.84901,E,0.016,,070126,,,R,V*05
$GNRMC,004211.60,A,6019.17332,N,02449.84901,E,0.024,,070126,,,R,V*06
$GNRMC,004211.90,A,6019.17332,N,02449.84901,E,0.019,,070126,,,R,V*07
$GNVTG,,T,,M,0.024,N,0.044,K,D*3E
$GNRMC,004212.20,A,6019.17332,N,02449.84901,E,0.022,,070126,,,R,V*07
$GNRMC,004212.40,A,6019.17332,N,02449.84901,E,0.030,,070126,,,R,V*02
$GNRMC,004212.60,A,6019.17332,N,02449.84901,E,0.012,,070126,,,R,V*00
$GNRMC,004212.70,A,6019.17332,N,02449.84901,E,0.013,,070126,,,R,V*00
$GNRMC,004212.80,A,6019.17332,N,02449.84901,E,0.026,,070126,,,R,V*09
$GNVTG,,T,,M,0.023,N,0.043,K,D*3E
$GNRMC,004213.40,A,6019.17332,N,02449.84901,E,0.012,,070126,,,R,V*03
$GNRMC,004213.60,A,6019.17332,N,02449.84901,E,0.020,,070126,,,R,V*00
$GNRMC,004213.70,A,6019.17332,N,02449.84901,E,0.033,,070126,,,R,V*03
$GNVTG,,T,,M,0.033,N,0.061,K,D*3F
$GNRMC,004213.90,A,6019.17332,N,02449.84901,E,0.026,,070126,,,R,V*09
$GNVTG,,T,,M,0.026,N,0.049,K,D*31
$GNRMC,004214.10,A,6019.17332,N,02449.84901,E,0.035,,070126,,,R,V*04
$GNVTG,,T,,M,0.024,N,0.045,K,D*3F
$GNRMC,004214.50,A,6019.17332,N,02449.84901,E,0.009,,070126,,,R,V*0F
$GNRMC,004214.70,A,6019.17332,N,02449.84901,E,0.011,,070126,,,R,V*04
$GNVTG,,T,,M,0.016,N,0.030,K,D*3C
$GNVTG,,T,,M,0.006,N,0.010,K,D*3F
$GNRMC,004215.30,A,6019.17332,N,02449.84902,E,0.007,,070126,,,R,V*05
$GNVTG,,T,,M,0.007,N,0.014,K,D*3A
$GNRMC,004215.70,A,6019.17332,N,02449.84902,E,0.010,,070126,,,R,V*07
$GNRMC,004215.90,A,6019.17332,N,02449.84902,E,0.017,,070126,,,R,V*0E
$GNVTG,,T,,M,0.030,N,0.056,K,D*38
$GNRMC,004216.40,A,6019.17332,N,02449.84902,E,0.015,,070126,,,R,V*02
$GNVTG,,T,,M,0.015,N,0.028,K,D*36
$GNTXT,01,01,00,txbuf alloc*61
$GNRMC,004216.80,A,6019.17332,N,02449.84902,E,0.011,,070126,,,R,V*0A
$GNVTG,,T,,M,0.011,N,0.021,K,D*3B
$GNRMC,004217.10,A,6019.17332,N,02449.84902,E,0.020,,070126,,,R,V*00
$GNRMC,004217.60,A,6019.17332,N,02449.84902,E,0.009,,070126,,,R,V*0C
$GNRMC,004217.80,A,6019.17332,N,02449.84902,E,0.017,,070126,,,R,V*0D
$GNVTG,,T,,M,0.017,N,0.031,K,D*3C
$GNRMC,004218.00,A,6019.17332,N,02449.84902,E,0.031,,070126,,,R,V*0E
$GNRMC,004218.10,A,6019.17332,N,02449.84901,E,0.026,,070126,,,R,V*0A
$GNVTG,,T,,M,0.026,N,0.048,K,D*30
$GNRMC,004218.30,A,6019.17332,N,02449.84901,E,0.008,,070126,,,R,V*04
$GNVTG,,T,,M,0.008,N,0.016,K,D*37
$GNVTG,,T,,M,0.019,N,0.035,K,D*36
$GNTXT,01,01,00,txbuf alloc*61
$GNRMC,004218.60,A,6019.17332,N,02449.84901,E,0.005,,070126,,,R,V*0C
$GNRMC,004218.80,A,6019.17332,N,02449.84901,E,0.015,,070126,,,R,V*03
$GNVTG,,T,,M,0.010,N,0.019,K,D*31
$GNRMC,004219.20,A,6019.17332,N,02449.84901,E,0.024,,070126,,,R,V*0A
$GNRMC,004219.40,A,6019.17332,N,02449.84901,E,0.016,,070126,,,R,V*0D
$GNVTG,,T,,M,0.016,N,0.029,K,D*34
$GNVTG,,T,,M,0.010,N,0.019,K,D*31
$GNRMC,004219.90,A,6019.17332,N,02449.84901,E,0.013,,070126,,,R,V*05
$GNGGA,004220.00,6019.17332,N,02449.84901,E,4,12,0.56,95.2,M,17.8,M,2.0,4095*52
$GNVTG,,T,,M,0.022,N,0.041,K,D*3D
$GNVTG,,T,,M,0.001,N,0.003,K,D*3A
$GNRMC,004220.70,A,6019.17332,N,02449.84902,E,0.025,,070126,,,R,V*07
$GNVTG,,T,,M,0.015,N,0.028,K,D*36
$GNVTG,,T,,M,0.011,N,0.021,K,D*3B
$GNVTG,,T,,M,0.017,N,0.032,K,D*3F
$GNRMC,004221.40,A,6019.17332,N,02449.84901,E,0.014,,070126,,,R,V*04
$GNRMC,004221.50,A,6019.17332,N,02449.84901,E,0.008,,070126,,,R,V*08
$GNRMC,004221.70,A,6019.17332,N,02449.84901,E,0.014,,070126,,,R,V*07
$GNRMC,004221.80,A,6019.17332,N,02449.84901,E,0.017,,070126,,,R,V*0B
$GNRMC,004221.90,A,6019.17332,N,02449.84901,E,0.019,,070126,,,R,V*04
$GNVTG,,T,,M,0.007,N,0.014,K,D*3A
$GNRMC,004222.40,A,6019.17332,N,02449.84901,E,0.017,,070126,,,R,V*04
$GNVTG,,T,,M,0.017,N,0.032,K,D*3F
$GNVTG,,T,,M,0.021,N,0.039,K,D*31
$GNRMC,004222.70,A,6019.17332,N,02449.84901,E,0.023,,070126,,,R,V*00
$GNVTG,,T,,M,0.025,N,0.047,K,D*3C
$GNVTG,,T,,M,0.029,N,0.053,K,D*35
$GNVTG,,T,,M,0.012,N,0.023,K,D*3A
$GNRMC,004223.60,A,6019.17332,N,02449.84902,E,0.025,,070126,,,R,V*05
$GNVTG,,T,,M,0.025,N,0.047,K,D*3C
$GNRMC,004223.80,A,6019.17332,N,02449.84902,E,0.010,,070126,,,R,V*0D
$GNVTG,,T,,M,0.010,N,0.018,K,D*30
$GNRMC,004224.00,A,6019.17332,N,02449.84902,E,0.019,,070126,,,R,V*0B
$GNVTG,,T,,M,0.019,N,0.036,K,D*35
$GNVTG,,T,,M,0.013,N,0.023,K,D*3B
$GNRMC,004224.50,A,6019.17332,N,02449.84902,E,0.027,,070126,,,R,V*03
$GNVTG,,T,,M,0.027,N,0.049,K,D*30
$GNRMC,004224.90,A,6019.17332,N,02449.84902,E,0.016,,070126,,,R,V*0D
$GNVTG,,T,,M,0.016,N,0.029,K,D*34
$GNRMC,004225.10,A,6019.17332,N,02449.84902,E,0.037,,070126,,,R,V*07
$GNVTG,,T,,M,0.037,N,0.069,K,D*33
$GNRMC,004225.30,A,6019.17332,N,02449.84902,E,0.008,,070126,,,R,V*09
$GNVTG,,T,,M,0.008,N,0.016,K,D*37
$GNRMC,004225.50,A,6019.17332,N,02449.84902,E,0.013,,070126,,,R,V*05
$GNVTG,,T,,M,0.013,N,0.024,K,D*3C
$GNRMC,004225.90,A,6019.17332,N,02449.84902,E,0.019,,070126,,,R,V*03
$GNRMC,004226.20,A,6019.17332,N,02449.84902,E,0.007,,070126,,,R,V*04
$GNVTG,,T,,M,0.007,N,0.012,K,D*3C
$GNRMC,004226.50,A,6019.17332,N,02449.84901,E,0.023,,070126,,,R,V*06
$GNVTG,,T,,M,0.004,N,0.007,K,D*3B
$GNVTG,,T,,M,0.022,N,0.041,K,D*3D
$GNVTG,,T,,M,0.030,N,0.056,K,D*38
$GNVTG,,T,,M,0.017,N,0.031,K,D*3C
$GNRMC,004227.80,A,6019.17332,N,02449.84902,E,0.024,,070126,,,R,V*0E
$GNVTG,,T,,M,0.005,N,0.010,K,D*3C
$GNVTG,,T,,M,0.013,N,0.024,K,D*3C
$GNVTG,,T,,M,0.030,N,0.055,K,D*3B
$GNRMC,004228.30,A,6019.17332,N,02449.84902,E,0.004,,070126,,,R,V*08
$GNVTG,,T,,M,0.004,N,0.008,K,D*34
$GNVTG,,T,,M,0.012,N,0.023,K,D*3A
$GNRMC,004228.80,A,6019.17332,N,02449.84902,E,0.024,,070126,,,R,V*01
$GNRMC,004229.00,A,6019.17332,N,02449.84902,E,0.003,,070126,,,R,V*0D
$GNRMC,004229.30,A,6019.17332,N,02449.84902,E,0.006,,070126,,,R,V*0B
$GNRMC,004229.50,A,6019.17332,N,02449.84902,E,0.025,,070126,,,R,V*0C
$GNRMC,004229.70,A,6019.17332,N,02449.84902,E,0.017,,070126,,,R,V*0F
$GNVTG,,T,,M,0.010,N,0.019,K,D*31
$GNRMC,004230.00,A,6019.17332,N,02449.84902,E,0.013,,070126,,,R,V*04
$GNVTG,,T,,M,0.013,N,0.023,K,D*3B
$GNVTG,,T,,M,0.009,N,0.017,K,D*37
$GNVTG,,T,,M,0.016,N,0.030,K,D*3C
$GNVTG,,T,,M,0.023,N,0.042,K,D*3F
$GNVTG,,T,,M,0.022,N,0.041,K,D*3D
$GNVTG,,T,,M,0.026,N,0.049,K,D*31
$GNRMC,004231.00,A,6019.17332,N,02449.84902,E,0.012,,070126,,,R,V*04
$GNVTG,,T,,M,0.021,N,0.040,K,D*3F
$GNRMC,004231.40,A,6019.17332,N,02449.84902,E,0.008,,070126,,,R,V*0B
$GNTXT,01,01,00,txbuf alloc*61
$GNRMC,004231.90,A,6019.17332,N,02449.84902,E,0.006,,070126,,,R,V*08
$GNRMC,004232.30,A,6019.17332,N,02449.84902,E,0.020,,070126,,,R,V*05
$GNRMC,004232.50,A,6019.17332,N,02449.84902,E,0.013,,070126,,,R,V*03
$GNVTG,,T,,M,0.014,N,0.026,K,D*39
$GNRMC,004232.80,A,6019.17332,N,02449.84902,E,0.017,,070126,,,R,V*0A
$GNVTG,,T,,M,0.017,N,0.031,K,D*3C
$GNRMC,004233.00,A,6019.17332,N,02449.84902,E,0.017,,070126,,,R,V*03
$GNVTG,,T,,M,0.017,N,0.031,K,D*3C
$GNVTG,,T,,M,0.019,N,0.035,K,D*36
$GNRMC,004233.60,A,6019.17332,N,02449.84902,E,0.008,,070126,,,R,V*0B
$GNVTG,,T,,M,0.008,N,0.016,K,D*37
$GNRMC,004234.00,A,6019.17332,N,02449.84902,E,0.009,,070126,,,R,V*0B
$GNVTG,,T,,M,0.009,N,0.016,K,D*36
$GNRMC,004234.30,A,6019.17332,N,02449.84902,E,0.017,,070126,,,R,V*07
$GNVTG,,T,,M,0.017,N,0.031,K,D*3C
$GNRMC,004234.50,A,6019.17332,N,02449.84902,E,0.019,,070126,,,R,V*0F
$GNRMC,004234.70,A,6019.17332,N,02449.84902,E,0.010,,070126,,,R,V*04
$GNRMC,004235.00,A,6019.17332,N,02449.84902,E,0.031,,070126,,,R,V*01
$GNRMC,004235.20,A,6019.17332,N,02449.84902,E,0.013,,070126,,,R,V*03
$GNRMC,004235.40,A,6019.17332,N,02449.84902,E,0.019,,070126,,,R,V*0F
$GNRMC,004235.50,A,6019.17332,N,02449.84902,E,0.002,,070126,,,R,V*04
$GNRMC,004235.70,A,6019.17332,N,02449.84902,E,0.003,,070126,,,R,V*07
$GNRMC,004235.90,A,6019.17332,N,02449.84902,E,0.013,,070126,,,R,V*08
$GNRMC,004236.30,A,6019.17332,N,02449.84902,E,0.020,,070126,,,R,V*01
$GNVTG,,T,,M,0.018,N,0.033,K,D*31
$GNVTG,,T,,M,0.028,N,0.051,K,D*36
$GNRMC,004237.00,A,6019.17332,N,02449.84902,E,0.015,,070126,,,R,V*05
$GNRMC,004237.20,A,6019.17332,N,02449.84902,E,0.008,,070126,,,R,V*0B
$GNVTG,,T,,M,0.027,N,0.050,K,D*38
$GPGSV,1,1,02,02,05,163,,26,00,100,,0*61
$GNRMC,004237.80,A,6019.17332,N,02449.84902,E,0.007,,070126,,,R,V*0E
$GNRMC,004238.10,A,6019.17332,N,02449.84902,E,0.015,,070126,,,R,V*0B
$GNRMC,004238.30,A,6019.17332,N,02449.84902,E,0.009,,070126,,,R,V*04
$GNRMC,004238.50,A,6019.17332,N,02449.84902,E,0.011,,070126,,,R,V*0B
$GNVTG,,T,,M,0.011,N,0.021,K,D*3B
$GNRMC,004238.70,A,6019.17332,N,02449.84902,E,0.017,,070126,,,R,V*0F
$GNVTG,,T,,M,0.027,N,0.050,K,D*38
$GNVTG,,T,,M,0.030,N,0.056,K,D*38
$GNRMC,004239.20,A,6019.17332,N,02449.84902,E,0.022,,070126,,,R,V*0D
$GNRMC,004239.40,A,6019.17332,N,02449.84902,E,0.021,,070126,,,R,V*08
$GNVTG,,T,,M,0.021,N,0.038,K,D*30
$GNRMC,004239.60,A,6019.17332,N,02449.84902,E,0.013,,070126,,,R,V*0B
$GNVTG,,T,,M,0.013,N,0.024,K,D*3C
$GNRMC,004239.80,A,6019.17332,N,02449.84902,E,0.015,,070126,,,R,V*03
$GNVTG,,T,,M,0.015,N,0.028,K,D*36
$GNRMC,004240.00,A,6019.17332,N,02449.84902,E,0.004,,070126,,,R,V*05
$GNVTG,,T,,M,0.004,N,0.008,K,D*34
$GNRMC,004240.20,A,6019.17332,N,02449.84902,E,0.007,,070126,,,R,V*04
$GNRMC,004240.40,A,6019.17332,N,02449.84902,E,0.009,,070126,,,R,V*0C
$GNVTG,,T,,M,0.009,N,0.017,K,D*37
$GNRMC,004240.80,A,6019.17332,N,02449.84902,E,0.010,,070126,,,R,V*08
$GNVTG,,T,,M,0.010,N,0.018,K,D*30
$GNRMC,004241.20,A,6019.17332,N,02449.84902,E,0.027,,070126,,,R,V*07
$GNVTG,,T,,M,0.027,N,0.050,K,D*38
$GNRMC,004241.30,A,6019.17332,N,02449.84902,E,0.004,,070126,,,R,V*07
$GNRMC,004241.70,A,6019.17332,N,02449.84902,E,0.008,,070126,,,R,V*0F
$GNRMC,004242.10,A,6019.17332,N,02449.84902,E,0.026,,070126,,,R,V*06
$GNRMC,004242.40,A,6019.17332,N,02449.84902,E,0.014,,070126,,,R,V*02
$GNVTG,,T,,M,0.012,N,0.022,K,D*3B
$GNVTG,,T,,M,0.026,N,0.048,K,D*30
$GNRMC,004242.80,A,6019.17332,N,02449.84902,E,0.020,,070126,,,R,V*09
$GNVTG,,T,,M,0.010,N,0.018,K,D*30
$GNVTG,,T,,M,0.020,N,0.037,K,D*3E
$GNRMC,004243.30,A,6019.17332,N,02449.84902,E,0.005,,070126,,,R,V*04
$GNVTG,,T,,M,0.011,N,0.020,K,D*3A
$GNTXT,01,01,00,txbuf alloc*61
$GNRMC,004243.60,A,6019.17332,N,02449.84902,E,0.022,,070126,,,R,V*04
$GNRMC,004243.80,A,6019.17332,N,02449.84902,E,0.000,,070126,,,R,V*0A
$GNVTG,,T,,M,0.021,N,0.038,K,D*30
$GNRMC,004244.60,A,6019.17332,N,02449.84902,E,0.003,,070126,,,R,V*00
$GNRMC,004244.90,A,6019.17332,N,02449.84902,E,0.011,,070126,,,R,V*0C
$GNRMC,004245.20,A,6019.17332,N,02449.84902,E,0.007,,070126,,,R,V*01
$GNVTG,,T,,M,0.007,N,0.013,K,D*3D
$GNVTG,,T,,M,0.008,N,0.015,K,D*34
$GNTXT,01,01,00,txbuf alloc*61
$GNRMC,004245.50,A,6019.17332,N,02449.84902,E,0.013,,070126,,,R,V*03
$GNRMC,004245.60,A,6019.17332,N,02449.84902,E,0.004,,070126,,,R,V*06
$GNRMC,004245.80,A,6019.17332,N,02449.84902,E,0.022,,070126,,,R,V*0C
$GNVTG,,T,,M,0.033,N,0.062,K,D*3C
$GNVTG,,T,,M,0.015,N,0.028,K,D*36
$GNRMC,004246.50,A,6019.17332,N,02449.84902,E,0.008,,070126,,,R,V*0A
$GNRMC,004246.60,A,6019.17332,N,02449.84902,E,0.014,,070126,,,R,V*04
$GNVTG,,T,,M,0.017,N,0.032,K,D*3F
$GNRMC,004246.90,A,6019.17332,N,02449.84902,E,0.017,,070126,,,R,V*08
$GNRMC,004247.20,A,6019.17332,N,02449.84902,E,0.024,,070126,,,R,V*02
$GNRMC,004247.50,A,6019.17332,N,02449.84902,E,0.036,,070126,,,R,V*06
$GNVTG,,T,,M,0.012,N,0.023,K,D*3A
$GNVTG,,T,,M,0.008,N,0.015,K,D*34
$GNVTG,,T,,M,0.013,N,0.024,K,D*3C
$GNRMC,004248.30,A,6019.17332,N,02449.84902,E,0.016,,070126,,,R,V*0D
$GNRMC,004248.50,A,6019.17332,N,02449.84902,E,0.010,,070126,,,R,V*0D
$GNVTG,,T,,M,0.010,N,0.019,K,D*31
$GNVTG,,T,,M,0.007,N,0.013,K,D*3D
$GNRMC,004248.80,A,6019.17332,N,02449.84902,E,0.013,,070126,,,R,V*03
$GNVTG,,T,,M,0.032,N,0.059,K,D*35
$GNRMC,004249.20,A,6019.17332,N,02449.84902,E,0.018,,070126,,,R,V*03
$GNVTG,,T,,M,0.018,N,0.033,K,D*31
$GNRMC,004249.50,A,6019.17332,N,02449.84902,E,0.014,,070126,,,R,V*08
$GNVTG,,T,,M,0.017,N,0.031,K,D*3C
$GNRMC,004249.90,A,6019.17332,N,02449.84902,E,0.011,,070126,,,R,V*01
$GNVTG,,T,,M,0.016,N,0.029,K,D*34
$GNRMC,004250.10,A,6019.17332,N,02449.84902,E,0.018,,070126,,,R,V*08
$GNVTG,,T,,M,0.018,N,0.034,K,D*36
$GNRMC,004250.30,A,6019.17332,N,02449.84902,E,0.004,,070126,,,R,V*07
$GNVTG,,T,,M,0.004,N,0.007,K,D*3B
$GNRMC,004250.60,A,6019.17332,N,02449.84902,E,0.030,,070126,,,R,V*05
$GNVTG,,T,,M,0.009,N,0.017,K,D*37
$GNVTG,,T,,M,0.012,N,0.023,K,D*3A
$GNVTG,,T,,M,0.026,N,0.047,K,D*3F
$GNRMC,004251.90,A,6019.17332,N,02449.84902,E,0.017,,070126,,,R,V*0E
$GNRMC,004252.20,A,6019.17332,N,02449.84902,E,0.014,,070126,,,R,V*05
$GNRMC,004252.40,A,6019.17332,N,02449.84902,E,0.009,,070126,,,R,V*0F
$GNRMC,004252.70,A,6019.17332,N,02449.84902,E,0.010,,070126,,,R,V*04
$GNVTG,,T,,M,0.014,N,0.027,K,D*38
$GNRMC,004253.10,A,6019.17332,N,02449.84902,E,0.029,,070126,,,R,V*09
$GNVTG,,T,,M,0.029,N,0.053,K,D*35
$GNRMC,004253.30,A,6019.17332,N,02449.84902,E,0.010,,070126,,,R,V*01
$GNRMC,004253.60,A,6019.17332,N,02449.84902,E,0.026,,070126,,,R,V*01
$GNRMC,004253.80,A,6019.17332,N,02449.84902,E,0.016,,070126,,,R,V*0C
$GNVTG,,T,,M,0.016,N,0.030,K,D*3C
$GNRMC,004254.10,A,6019.17332,N,02449.84902,E,0.016,,070126,,,R,V*02
$GNVTG,,T,,M,0.011,N,0.020,K,D*3A
$GNVTG,,T,,M,0.027,N,0.049,K,D*30
$GNRMC,004254.70,A,6019.17332,N,02449.84902,E,0.026,,070126,,,R,V*07
$GNVTG,,T,,M,0.026,N,0.047,K,D*3F
$GNRMC,004254.90,A,6019.17332,N,02449.84902,E,0.034,,070126,,,R,V*0A
$GNRMC,004255.40,A,6019.17332,N,02449.84902,E,0.019,,070126,,,R,V*09
$GNRMC,004255.60,A,6019.17332,N,02449.84902,E,0.026,,070126,,,R,V*07
$GNVTG,,T,,M,0.026,N,0.049,K,D*31
$GNRMC,004255.80,A,6019.17332,N,02449.84902,E,0.025,,070126,,,R,V*0A
$GNVTG,,T,,M,0.025,N,0.046,K,D*3D
$GNRMC,004256.00,A,6019.17332,N,02449.84903,E,0.012,,070126,,,R,V*04
$GNRMC,004256.20,A,6019.17332,N,02449.84902,E,0.012,,070126,,,R,V*07
$GNRMC,004256.40,A,6019.17332,N,02449.84902,E,0.021,,070126,,,R,V*01
$GNVTG,,T,,M,0.021,N,0.038,K,D*30
$GNTXT,01,01,00,txbuf alloc*61
$GNRMC,004256.80,A,6019.17332,N,02449.84902,E,0.024,,070126,,,R,V*08
$GNRMC,004257.10,A,6019.17332,N,02449.84902,E,0.018,,070126,,,R,V*0F
$GNRMC,004257.30,A,6019.17332,N,02449.84902,E,0.014,,070126,,,R,V*01
$GNVTG,,T,,M,0.014,N,0.027,K,D*38
$GNRMC,004257.50,A,6019.17332,N,02449.84903,E,0.015,,070126,,,R,V*07
$GNVTG,,T,,M,0.015,N,0.028,K,D*36
$GNVTG,,T,,M,0.032,N,0.059,K,D*35
$GNRMC,004257.80,A,6019.17332,N,02449.84902,E,0.002,,070126,,,R,V*0D
$GNRMC,004258.00,A,6019.17332,N,02449.84902,E,0.027,,070126,,,R,V*0D
$GNVTG,,T,,M,0.027,N,0.050,K,D*38
$GNRMC,004258.30,A,6019.17332,N,02449.84902,E,0.013,,070126,,,R,V*09
$GNVTG,,T,,M,0.013,N,0.024,K,D*3C
$GNRMC,004258.60,A,6019.17332,N,02449.84902,E,0.006,,070126,,,R,V*08
$GNRMC,004258.80,A,6019.17332,N,02449.84902,E,0.023,,070126,,,R,V*01
$GNVTG,,T,,M,0.016,N,0.030,K,D*3C
$GNRMC,004259.40,A,6019.17332,N,02449.84902,E,0.022,,070126,,,R,V*0D
$GNRMC,004259.60,A,6019.17332,N,02449.84902,E,0.009,,070126,,,R,V*06
$GNRMC,004259.70,A,6019.17332,N,02449.84902,E,0.012,,070126,,,R,V*0D
$GNVTG,,T,,M,0.012,N,0.023,K,D*3A
$GNRMC,004259.90,A,6019.17332,N,02449.84902,E,0.020,,070126,,,R,V*02
$GNRMC,004300.10,A,6019.17332,N,02449.84902,E,0.017,,070126,,,R,V*03
$GNVTG,,T,,M,0.017,N,0.032,K,D*3F
$GNRMC,004300.30,A,6019.17332,N,02449.84902,E,0.013,,070126,,,R,V*05
$GNVTG,,T,,M,0.013,N,0.023,K,D*3B
$GNRMC,004300.50,A,6019.17332,N,02449.84902,E,0.012,,070126,,,R,V*02
$GNVTG,,T,,M,0.012,N,0.022,K,D*3B
$GNRMC,004300.70,A,6019.17332,N,02449.84902,E,0.023,,070126,,,R,V*02
$GNRMC,004300.90,A,6019.17332,N,02449.84902,E,0.013,,070126,,,R,V*0F
$GNRMC,004301.00,A,6019.17332,N,02449.84903,E,0.014,,070126,,,R,V*01
$GNVTG,,T,,M,0.014,N,0.027,K,D*38
$GNRMC,004301.40,A,6019.17332,N,02449.84903,E,0.027,,070126,,,R,V*05
$GNRMC,004301.50,A,6019.17332,N,02449.84903,E,0.010,,070126,,,R,V*00
$GNRMC,004301.70,A,6019.17332,N,02449.84903,E,0.020,,070126,,,R,V*01
$GNVTG,,T,,M,0.032,N,0.060,K,D*3F
$GNRMC,004302.00,A,6019.17332,N,02449.84903,E,0.003,,070126,,,R,V*04
$GNVTG,,T,,M,0.003,N,0.006,K,D*3D
$GNVTG,,T,,M,0.019,N,0.036,K,D*35
$GNRMC,004302.50,A,6019.17332,N,02449.84903,E,0.014,,070126,,,R,V*07
$GNRMC,004302.60,A,6019.17332,N,02449.84903,E,0.018,,070126,,,R,V*08
$GNRMC,004302.70,A,6019.17332,N,02449.84903,E,0.026,,070126,,,R,V*04
$GNRMC,004302.80,A,6019.17332,N,02449.84903,E,0.013,,070126,,,R,V*0D
$GNRMC,004303.00,A,6019.17332,N,02449.84903,E,0.018,,070126,,,R,V*0F
$GNRMC,004303.10,A,6019.17332,N,02449.84903,E,0.014,,070126,,,R,V*02
$GNVTG,,T,,M,0.018,N,0.033,K,D*31
$GNRMC,004303.50,A,6019.17332,N,02449.84903,E,0.015,,070126,,,R,V*07
$GNVTG,,T,,M,0.015,N,0.027,K,D*39
$GNRMC,004303.70,A,6019.17332,N,02449.84903,E,0.014,,070126,,,R,V*04
$GNVTG,,T,,M,0.014,N,0.027,K,D*38
$GNRMC,004303.90,A,6019.17332,N,02449.84903,E,0.013,,070126,,,R,V*0D
$GNVTG,,T,,M,0.013,N,0.024,K,D*3C
$GNRMC,004304.10,A,6019.17332,N,02449.84903,E,0.011,,070126,,,R,V*00
$GNVTG,,T,,M,0.011,N,0.020,K,D*3A
$GNRMC,004304.20,A,6019.17332,N,02449.84903,E,0.016,,070126,,,R,V*04
$GNRMC,004304.30,A,6019.17332,N,02449.84903,E,0.015,,070126,,,R,V*06
$GNVTG,,T,,M,0.015,N,0.028,K,D*36
$GNRMC,004304.50,A,6019.17332,N,02449.84903,E,0.012,,070126,,,R,V*07
$GNVTG,,T,,M,0.012,N,0.023,K,D*3A
$GNVTG,,T,,M,0.014,N,0.025,K,D*3A
$GNRMC,004304.80,A,6019.17332,N,02449.84903,E,0.009,,070126,,,R,V*00
$GNVTG,,T,,M,0.006,N,0.011,K,D*3E
$GNRMC,004305.10,A,6019.17332,N,02449.84903,E,0.006,,070126,,,R,V*07
$GNVTG,,T,,M,0.006,N,0.010,K,D*3F
$GNRMC,004305.40,A,6019.17332,N,02449.84903,E,0.032,,070126,,,R,V*05
$GNVTG,,T,,M,0.032,N,0.058,K,D*34
$GNVTG,,T,,M,0.012,N,0.022,K,D*3B
$GNRMC,004305.70,A,6019.17332,N,02449.84903,E,0.009,,070126,,,R,V*0E
$GNVTG,,T,,M,0.009,N,0.017,K,D*37
$GNVTG,,T,,M,0.021,N,0.039,K,D*31
$GNVTG,,T,,M,0.012,N,0.022,K,D*3B
$GNRMC,004306.40,A,6019.17332,N,02449.84903,E,0.003,,070126,,,R,V*04
$GNRMC,004306.60,A,6019.17332,N,02449.84903,E,0.010,,070126,,,R,V*04
$GNVTG,,T,,M,0.010,N,0.019,K,D*31
$GNRMC,004306.80,A,6019.17332,N,02449.84903,E,0.027,,070126,,,R,V*0E
$GNVTG,,T,,M,0.027,N,0.050,K,D*38
$GNVTG,,T,,M,0.013,N,0.025,K,D*3D
$GNRMC,004307.10,A,6019.17332,N,02449.84903,E,0.031,,070126,,,R,V*01
$GNRMC,004307.40,A,6019.17332,N,02449.84903,E,0.010,,070126,,,R,V*07
$GNVTG,,T,,M,0.010,N,0.018,K,D*30
$GNRMC,004307.50,A,6019.17332,N,02449.84903,E,0.002,,070126,,,R,V*05
$GNRMC,004307.70,A,6019.17332,N,02449.84903,E,0.017,,070126,,,R,V*03
$GNRMC,004307.90,A,6019.17332,N,02449.84903,E,0.021,,070126,,,R,V*08
$GNRMC,004308.00,A,6019.17332,N,02449.84903,E,0.027,,070126,,,R,V*08
$GNVTG,,T,,M,0.030,N,0.055,K,D*3B
$GNVTG,,T,,M,0.007,N,0.014,K,D*3A
$GNVTG,,T,,M,0.010,N,0.018,K,D*30
$GNRMC,004308.60,A,6019.17332,N,02449.84903,E,0.024,,070126,,,R,V*0D
$GNRMC,004308.80,A,6019.17332,N,02449.84903,E,0.013,,070126,,,R,V*07
$GNRMC,004309.10,A,6019.17332,N,02449.84903,E,0.004,,070126,,,R,V*09
$GNVTG,,T,,M,0.012,N,0.022,K,D*3B
$GNRMC,004309.30,A,6019.17332,N,02449.84903,E,0.013,,070126,,,R,V*0D
$GNVTG,,T,,M,0.012,N,0.022,K,D*3B
$GNTXT,01,01,00,txbuf alloc*61
$GNVTG,,T,,M,0.013,N,0.025,K,D*3D
$GNRMC,004309.70,A,6019.17332,N,02449.84903,E,0.024,,070126,,,R,V*0D
$GNRMC,004309.90,A,6019.17332,N,02449.84903,E,0.018,,070126,,,R,V*0C
$GNVTG,,T,,M,0.017,N,0.031,K,D*3C
$GNVTG,,T,,M,0.005,N,0.009,K,D*34
$GNTXT,01,01,00,txbuf alloc*61
$GNRMC,004310.90,A,6019.17332,N,02449.84903,E,0.019,,070126,,,R,V*05
$GNVTG,,T,,M,0.019,N,0.036,K,D*35
$GNRMC,004311.00,A,6019.17332,N,02449.84903,E,0.014,,070126,,,R,V*00
$GNRMC,004311.20,A,6019.17332,N,02449.84903,E,0.012,,070126,,,R,V*04
$GNRMC,004311.40,A,6019.17332,N,02449.84903,E,0.015,,070126,,,R,V*05
$GNTXT,01,01,00,txbuf alloc*61
$GNRMC,004311.60,A,6019.17332,N,02449.84903,E,0.020,,070126,,,R,V*01
$GNRMC,004311.80,A,6019.17332,N,02449.84903,E,0.008,,070126,,,R,V*05
$GNRMC,004312.00,A,6019.17332,N,02449.84903,E,0.013,,070126,,,R,V*04
$GNVTG,,T,,M,0.013,N,0.025,K,D*3D
$GNRMC,004312.50,A,6019.17332,N,02449.84902,E,0.012,,070126,,,R,V*01
$GNVTG,,T,,M,0.012,N,0.023,K,D*3A
$GNRMC,004312.70,A,6019.17332,N,02449.84902,E,0.017,,070126,,,R,V*06
$GNRMC,004312.90,A,6019.17332,N,02449.84902,E,0.021,,070126,,,R,V*0D
$GNVTG,,T,,M,0.021,N,0.038,K,D*30
$GNRMC,004313.30,A,6019.17332,N,02449.84902,E,0.013,,070126,,,R,V*07
$GNVTG,,T,,M,0.013,N,0.025,K,D*3D
$GNVTG,,T,,M,0.023,N,0.042,K,D*3F
$GNVTG,,T,,M,0.013,N,0.023,K,D*3B
$GNRMC,004314.20,A,6019.17332,N,02449.84902,E,0.016,,070126,,,R,V*04
$GNVTG,,T,,M,0.016,N,0.029,K,D*34
$GNVTG,,T,,M,0.015,N,0.028,K,D*36
$GNRMC,004314.70,A,6019.17332,N,02449.84902,E,0.037,,070126,,,R,V*02
$GNRMC,004314.90,A,6019.17332,N,02449.84902,E,0.022,,070126,,,R,V*08
$GNVTG,,T,,M,0.022,N,0.041,K,D*3D
$GNVTG,,T,,M,0.013,N,0.023,K,D*3B
$GNVTG,,T,,M,0.014,N,0.025,K,D*3A
$GNRMC,004315.70,A,6019.17332,N,02449.84902,E,0.033,,070126,,,R,V*07
$GNVTG,,T,,M,0.033,N,0.060,K,D*3E
$GNVTG,,T,,M,0.026,N,0.048,K,D*30
$GNVTG,,T,,M,0.018,N,0.033,K,D*31
$GNVTG,,T,,M,0.019,N,0.034,K,D*37
$GNRMC,004316.70,A,6019.17332,N,02449.84902,E,0.011,,070126,,,R,V*04
$GNRMC,004316.90,A,6019.17332,N,02449.84902,E,0.008,,070126,,,R,V*02
$GNVTG,,T,,M,0.020,N,0.037,K,D*3E
$GNVTG,,T,,M,0.011,N,0.021,K,D*3B
$GNRMC,004317.20,A,6019.17332,N,02449.84902,E,0.002,,070126,,,R,V*02
$GNVTG,,T,,M,0.015,N,0.028,K,D*36
$GNVTG,,T,,M,0.016,N,0.030,K,D*3C
$GNRMC,004317.60,A,6019.17332,N,02449.84902,E,0.004,,070126,,,R,V*00
$GNRMC,004317.70,A,6019.17332,N,02449.84902,E,0.009,,070126,,,R,V*0C
$GNVTG,,T,,M,0.013,N,0.025,K,D*3D
$GNRMC,004318.00,A,6019.17332,N,02449.84902,E,0.018,,070126,,,R,V*04
$GNRMC,004318.20,A,6019.17332,N,02449.84902,E,0.019,,070126,,,R,V*07
$GNRMC,004318.50,A,6019.17332,N,02449.84902,E,0.023,,070126,,,R,V*09
$GNRMC,004318.60,A,6019.17332,N,02449.84902,E,0.024,,070126,,,R,V*0D
$GNVTG,,T,,M,0.024,N,0.045,K,D*3F
$GNVTG,,T,,M,0.023,N,0.043,K,D*3E
$GPGSV,4,2,13,09,22,227,41,12,07,342,33,17,22,255,44,19,28,277,38,1*65
$GNRMC,004319.70,A,6019.17332,N,02449.84902,E,0.011,,070126,,,R,V*0B
$GNRMC,004319.90,A,6019.17332,N,02449.84902,E,0.005,,070126,,,R,V*00
$GNVTG,,T,,M,0.005,N,0.010,K,D*3C
$GNVTG,,T,,M,0.017,N,0.031,K,D*3C
$GNRMC,004320.80,A,6019.17332,N,02449.84902,E,0.006,,070126,,,R,V*08
$GNRMC,004321.10,A,6019.17332,N,02449.84902,E,0.009,,070126,,,R,V*0F
$GNRMC,004321.30,A,6019.17332,N,02449.84902,E,0.010,,070126,,,R,V*05
$GNVTG,,T,,M,0.017,N,0.031,K,D*3C
$GNTXT,01,01,00,txbuf alloc*61
$GNRMC,004321.50,A,6019.17332,N,02449.84902,E,0.034,,070126,,,R,V*05
$GNVTG,,T,,M,0.034,N,0.063,K,D*3A
$GNRMC,004321.70,A,6019.17332,N,02449.84902,E,0.004,,070126,,,R,V*04
$GNVTG,,T,,M,0.004,N,0.008,K,D*34
$GNRMC,004321.90,A,6019.17332,N,02449.84902,E,0.020,,070126,,,R,V*0C
$GNRMC,004322.40,A,6019.17332,N,02449.84902,E,0.016,,070126,,,R,V*07
$GNVTG,,T,,M,0.016,N,0.030,K,D*3C
$GNTXT,01,01,00,txbuf alloc*61
$GNRMC,004322.80,A,6019.17332,N,02449.84902,E,0.016,,070126,,,R,V*0B
$GNVTG,,T,,M,0.008,N,0.016,K,D*37
$GNRMC,004323.10,A,6019.17332,N,02449.84902,E,0.032,,070126,,,R,V*05
$GNVTG,,T,,M,0.018,N,0.034,K,D*36
$GNRMC,004323.50,A,6019.17332,N,02449.84902,E,0.011,,070126,,,R,V*00
$GNRMC,004323.60,A,6019.17332,N,02449.84902,E,0.019,,070126,,,R,V*0B
$GNVTG,,T,,M,0.019,N,0.035,K,D*36
$GNRMC,004323.70,A,6019.17332,N,02449.84902,E,0.014,,070126,,,R,V*07
$GNRMC,004323.90,A,6019.17332,N,02449.84902,E,0.032,,070126,,,R,V*0D
$GNRMC,004324.00,A,6019.17332,N,02449.84902,E,0.018,,070126,,,R,V*0B
$GNRMC,004324.10,A,6019.17332,N,02449.84902,E,0.015,,070126,,,R,V*07
$GNVTG,,T,,M,0.015,N,0.028,K,D*36
$GNRMC,004324.20,A,6019.17332,N,02449.84902,E,0.030,,070126,,,R,V*03
$GNRMC,004324.40,A,6019.17332,N,02449.84902,E,0.023,,070126,,,R,V*07
$GNRMC,004324.60,A,6019.17332,N,02449.84902,E,0.008,,070126,,,R,V*0C
$GNRMC,004324.80,A,6019.17332,N,02449.84902,E,0.026,,070126,,,R,V*0E
$GNRMC,004324.90,A,6019.17332,N,02449.84902,E,0.010,,070126,,,R,V*0A
$GNVTG,,T,,M,0.007,N,0.012,K,D*3C
$GNRMC,004325.30,A,6019.17332,N,02449.84902,E,0.008,,070126,,,R,V*08
$GNRMC,004325.50,A,6019.17332,N,02449.84902,E,0.029,,070126,,,R,V*0D
$GNVTG,,T,,M,0.012,N,0.022,K,D*3B
$GNRMC,004325.90,A,6019.17332,N,02449.84902,E,0.005,,070126,,,R,V*0F
$GNRMC,004326.00,A,6019.17332,N,02449.84902,E,0.027,,070126,,,R,V*05
$GNVTG,,T,,M,0.005,N,0.009,K,D*34
$GNVTG,,T,,M,0.018,N,0.033,K,D*31
$GNRMC,004326.70,A,6019.17332,N,02449.84902,E,0.016,,070126,,,R,V*00
$GNVTG,,T,,M,0.016,N,0.029,K,D*34
$GNRMC,004326.80,A,6019.17332,N,02449.84902,E,0.037,,070126,,,R,V*0C
$GNRMC,004327.00,A,6019.17332,N,02449.84902,E,0.009,,070126,,,R,V*08
$GNRMC,004327.10,A,6019.17332,N,02449.84902,E,0.010,,070126,,,R,V*01
$GNVTG,,T,,M,0.010,N,0.019,K,D*31
$GNRMC,004327.30,A,6019.17332,N,02449.84902,E,0.006,,070126,,,R,V*04
$GNVTG,,T,,M,0.012,N,0.023,K,D*3A
$GNVTG,,T,,M,0.031,N,0.058,K,D*37
$GNRMC,004327.80,A,6019.17332,N,02449.84902,E,0.025,,070126,,,R,V*0E
$GNVTG,,T,,M,0.025,N,0.047,K,D*3C
$GNRMC,004328.00,A,6019.17332,N,02449.84902,E,0.004,,070126,,,R,V*0A
$GNVTG,,T,,M,0.004,N,0.007,K,D*3B
$GNRMC,004328.10,A,6019.17332,N,02449.84902,E,0.028,,070126,,,R,V*05
$GNVTG,,T,,M,0.028,N,0.053,K,D*34
$GNRMC,004328.30,A,6019.17332,N,02449.84902,E,0.014,,070126,,,R,V*08
$GNVTG,,T,,M,0.014,N,0.026,K,D*39
$GNRMC,004328.50,A,6019.17332,N,02449.84902,E,0.022,,070126,,,R,V*0B
$GNRMC,004328.70,A,6019.17332,N,02449.84902,E,0.014,,070126,,,R,V*0C
$GNVTG,,T,,M,0.014,N,0.026,K,D*39
$GNRMC,004329.10,A,6019.17332,N,02449.84902,E,0.013,,070126,,,R,V*0C
$GNRMC,004329.30,A,6019.17332,N,02449.84902,E,0.015,,070126,,,R,V*08
$GNVTG,,T,,M,0.015,N,0.028,K,D*36
$GNRMC,004329.70,A,6019.17332,N,02449.84902,E,0.012,,070126,,,R,V*0B
$GNVTG,,T,,M,0.012,N,0.022,K,D*3B
$GNRMC,004329.90,A,6019.17332,N,02449.84902,E,0.009,,070126,,,R,V*0F
$GNVTG,,T,,M,0.009,N,0.017,K,D*37
$GNRMC,004330.20,A,6019.17332,N,02449.84902,E,0.010,,070126,,,R,V*04
$GNRMC,004330.40,A,6019.17332,N,02449.84902,E,0.018,,070126,,,R,V*0A
$GNVTG,,T,,M,0.018,N,0.034,K,D*36
$GNRMC,004330.70,A,6019.17332,N,02449.84902,E,0.013,,070126,,,R,V*02
$GNVTG,,T,,M,0.015,N,0.027,K,D*39
$GAGSV,1,1,01,15,26,157,,0*46
$GNRMC,004331.10,A,6019.17332,N,02449.84902,E,0.026,,070126,,,R,V*03
$GNVTG,,T,,M,0.026,N,0.049,K,D*31
$GNVTG,,T,,M,0.014,N,0.026,K,D*39
$GNRMC,004331.60,A,6019.17332,N,02449.84902,E,0.011,,070126,,,R,V*00
$GNRMC,004331.80,A,6019.17332,N,02449.84902,E,0.019,,070126,,,R,V*06
$GNRMC,004331.90,A,6019.17332,N,02449.84902,E,0.016,,070126,,,R,V*08
$GNVTG,,T,,M,0.016,N,0.030,K,D*3C
$GNVTG,,T,,M,0.031,N,0.057,K,D*38
$GNRMC,004332.20,A,6019.17332,N,02449.84902,E,0.007,,070126,,,R,V*00
$GNVTG,,T,,M,0.007,N,0.013,K,D*3D
$GNRMC,004332.70,A,6019.17332,N,02449.84902,E,0.008,,070126,,,R,V*0A
$GNRMC,004333.00,A,6019.17332,N,02449.84902,E,0.006,,070126,,,R,V*02
$GNVTG,,T,,M,0.018,N,0.033,K,D*31
$GNVTG,,T,,M,0.014,N,0.027,K,D*38
$GNRMC,004333.60,A,6019.17332,N,02449.84902,E,0.023,,070126,,,R,V*03
$GNRMC,004333.80,A,6019.17332,N,02449.84902,E,0.008,,070126,,,R,V*04
$GNRMC,004334.00,A,6019.17332,N,02449.84902,E,0.023,,070126,,,R,V*02
$GNRMC,004334.40,A,6019.17332,N,02449.84902,E,0.018,,070126,,,R,V*0E
$GNRMC,004334.70,A,6019.17332,N,02449.84902,E,0.009,,070126,,,R,V*0D
$GNRMC,004334.90,A,6019.17332,N,02449.84902,E,0.021,,070126,,,R,V*09
$GNVTG,,T,,M,0.042,N,0.078,K,D*31
$GNVTG,,T,,M,0.010,N,0.018,K,D*30
$GNRMC,004335.50,A,6019.17333,N,02449.84902,E,0.013,,070126,,,R,V*04
$GNVTG,,T,,M,0.013,N,0.024,K,D*3C
$GNVTG,,T,,M,0.004,N,0.007,K,D*3B
$GNRMC,004336.00,A,6019.17333,N,02449.84902,E,0.015,,070126,,,R,V*04
$GNVTG,,T,,M,0.015,N,0.028,K,D*36
$GNRMC,004336.40,A,6019.17333,N,02449.84902,E,0.016,,070126,,,R,V*03
$GNRMC,004336.60,A,6019.17333,N,02449.84902,E,0.006,,070126,,,R,V*00
$GNRMC,004337.00,A,6019.17333,N,02449.84902,E,0.020,,070126,,,R,V*03
$GNRMC,004337.40,A,6019.17333,N,02449.84902,E,0.027,,070126,,,R,V*00
$GNVTG,,T,,M,0.027,N,0.050,K,D*38
$GNRMC,004337.80,A,6019.17333,N,02449.84902,E,0.013,,070126,,,R,V*0B
$GNVTG,,T,,M,0.013,N,0.024,K,D*3C
$GNRMC,004338.10,A,6019.17333,N,02449.84902,E,0.030,,070126,,,R,V*0C
$GNVTG,,T,,M,0.030,N,0.055,K,D*3B
$GNRMC,004338.50,A,6019.17333,N,02449.84902,E,0.032,,070126,,,R,V*0A
$GNVTG,,T,,M,0.035,N,0.064,K,D*3C
$GNRMC,004339.00,A,6019.17333,N,02449.84902,E,0.007,,070126,,,R,V*08
$GNVTG,,T,,M,0.007,N,0.014,K,D*3A
$GNRMC,004339.20,A,6019.17333,N,02449.84902,E,0.021,,070126,,,R,V*0E
$GNVTG,,T,,M,0.021,N,0.038,K,D*30
$GNRMC,004339.50,A,6019.17333,N,02449.84902,E,0.005,,070126,,,R,V*0F
$GNVTG,,T,,M,0.005,N,0.010,K,D*3C
$GNRMC,004339.80,A,6019.17333,N,02449.84902,E,0.013,,070126,,,R,V*05
$GNRMC,004340.10,A,6019.17333,N,02449.84902,E,0.015,,070126,,,R,V*04
$GNVTG,,T,,M,0.015,N,0.028,K,D*36
$GNVTG,,T,,M,0.037,N,0.069,K,D*33
$GNRMC,004340.60,A,6019.17333,N,02449.84902,E,0.015,,070126,,,R,V*03
$GNRMC,004340.80,A,6019.17333,N,02449.84902,E,0.022,,070126,,,R,V*09
$GNRMC,004340.90,A,6019.17333,N,02449.84902,E,0.007,,070126,,,R,V*0F
$GNVTG,,T,,M,0.012,N,0.023,K,D*3A
$GNVTG,,T,,M,0.019,N,0.035,K,D*36
$GNRMC,004341.40,A,6019.17333,N,02449.84902,E,0.014,,070126,,,R,V*01
$GNVTG,,T,,M,0.021,N,0.039,K,D*31
$GNVTG,,T,,M,0.044,N,0.082,K,D*32
$GNRMC,004341.90,A,6019.17333,N,02449.84902,E,0.022,,070126,,,R,V*09
$GNRMC,004342.10,A,6019.17333,N,02449.84902,E,0.010,,070126,,,R,V*03
$GNRMC,004342.20,A,6019.17333,N,02449.84902,E,0.007,,070126,,,R,V*06
$GNRMC,004342.40,A,6019.17333,N,02449.84902,E,0.011,,070126,,,R,V*07
$GNVTG,,T,,M,0.013,N,0.025,K,D*3D
$GNVTG,,T,,M,0.024,N,0.045,K,D*3F
$GNVTG,,T,,M,0.019,N,0.035,K,D*36
$GNVTG,,T,,M,0.010,N,0.019,K,D*31
$GNVTG,,T,,M,0.024,N,0.044,K,D*3E
$GNRMC,004343.60,A,6019.17333,N,02449.84902,E,0.007,,070126,,,R,V*03
$GNRMC,004343.80,A,6019.17333,N,02449.84902,E,0.008,,070126,,,R,V*02
$GNVTG,,T,,M,0.008,N,0.015,K,D*34
