$GNRMC,004345.00,A,6019.17332,N,02449.84902,E,0.020,,070126,,,R,V*07
$GNRMC,004345.30,A,6019.17332,N,02449.84902,E,0.028,,070126,,,R,V*0C
$GNRMC,004345.50,A,6019.17332,N,02449.84902,E,0.026,,070126,,,R,V*04
$GNRMC,004345.60,A,6019.17332,N,02449.84902,E,0.016,,070126,,,R,V*04
$GNRMC,004345.80,A,6019.17332,N,02449.84902,E,0.009,,070126,,,R,V*04
$GNVTG,,T,,M,0.006,N,0.010,K,D*3F
$GNRMC,004346.30,A,6019.17332,N,02449.84902,E,0.011,,070126,,,R,V*05
$GNVTG,,T,,M,0.009,N,0.017,K,D*37
$GNRMC,004346.80,A,6019.17332,N,02449.84902,E,0.010,,070126,,,R,V*0F
$GNRMC,004347.00,A,6019.17332,N,02449.84902,E,0.019,,070126,,,R,V*0F
$GNVTG,,T,,M,0.019,N,0.035,K,D*36
$GNRMC,004347.20,A,6019.17332,N,02449.84902,E,0.020,,070126,,,R,V*07
$GNVTG,,T,,M,0.012,N,0.022,K,D*3B
$GNVTG,,T,,M,0.023,N,0.042,K,D*3F
$GNTXT,01,01,00,txbuf alloc*61
$GNRMC,004347.70,A,6019.17332,N,02449.84902,E,0.014,,070126,,,R,V*05
$GNVTG,,T,,M,0.014,N,0.026,K,D*39
$GNRMC,004347.90,A,6019.17332,N,02449.84902,E,0.033,,070126,,,R,V*0E
$GNRMC,004348.30,A,6019.17332,N,02449.84902,E,0.018,,070126,,,R,V*02
$GNVTG,,T,,M,0.018,N,0.033,K,D*31
$GNRMC,004348.40,A,6019.17332,N,02449.84902,E,0.010,,070126,,,R,V*0D
$GNRMC,004348.60,A,6019.17332,N,02449.84902,E,0.025,,070126,,,R,V*09
$GNVTG,,T,,M,0.025,N,0.046,K,D*3D
$GNVTG,,T,,M,0.011,N,0.020,K,D*3A
$GNRMC,004348.90,A,6019.17332,N,02449.84902,E,0.016,,070126,,,R,V*06
$GNRMC,004349.20,A,6019.17332,N,02449.84902,E,0.011,,070126,,,R,V*0B
$GNTXT,01,01,00,txbuf alloc*61
$GNVTG,,T,,M,0.013,N,0.024,K,D*3C
$GNRMC,004349.70,A,6019.17332,N,02449.84902,E,0.029,,070126,,,R,V*05
$GNRMC,004349.90,A,6019.17332,N,02449.84902,E,0.021,,070126,,,R,V*03
$GNVTG,,T,,M,0.016,N,0.030,K,D*3C
$GNRMC,004350.20,A,6019.17332,N,02449.84902,E,0.030,,070126,,,R,V*00
$GNRMC,004350.40,A,6019.17332,N,02449.84902,E,0.022,,070126,,,R,V*05
$GNVTG,,T,,M,0.022,N,0.041,K,D*3D
$GNTXT,01,01,00,txbuf alloc*61
$GNRMC,004350.60,A,6019.17332,N,02449.84902,E,0.024,,070126,,,R,V*01
$GNVTG,,T,,M,0.011,N,0.020,K,D*3A
$GNVTG,,T,,M,0.003,N,0.006,K,D*3D
$GNRMC,004351.00,A,6019.17332,N,02449.84902,E,0.014,,070126,,,R,V*05
$GNRMC,004351.20,A,6019.17332,N,02449.84902,E,0.017,,070126,,,R,V*04
$GNRMC,004351.40,A,6019.17332,N,02449.84902,E,0.028,,070126,,,R,V*0E
$GNVTG,,T,,M,0.028,N,0.051,K,D*36
$GNRMC,004351.60,A,6019.17332,N,02449.84903,E,0.021,,070126,,,R,V*04
$GNRMC,004351.80,A,6019.17332,N,02449.84902,E,0.022,,070126,,,R,V*08
$GNRMC,004352.00,A,6019.17332,N,02449.84902,E,0.001,,070126,,,R,V*02
$GNVTG,,T,,M,0.001,N,0.001,K,D*38
$GNRMC,004352.40,A,6019.17332,N,02449.84902,E,0.010,,070126,,,R,V*06
$GNVTG,,T,,M,0.021,N,0.039,K,D*31
$GNRMC,004352.70,A,6019.17332,N,02449.84902,E,0.001,,070126,,,R,V*05
$GNVTG,,T,,M,0.001,N,0.001,K,D*38
$GNRMC,004352.90,A,6019.17332,N,02449.84902,E,0.008,,070126,,,R,V*02
$GNVTG,,T,,M,0.008,N,0.015,K,D*34
$GNRMC,004353.10,A,6019.17332,N,02449.84902,E,0.033,,070126,,,R,V*03
$GNVTG,,T,,M,0.033,N,0.062,K,D*3C
$GNRMC,004353.30,A,6019.17332,N,02449.84902,E,0.019,,070126,,,R,V*09
$GNVTG,,T,,M,0.019,N,0.035,K,D*36
$GNRMC,004353.50,A,6019.17332,N,02449.84902,E,0.007,,070126,,,R,V*00
$GNVTG,,T,,M,0.002,N,0.004,K,D*3E
$GNRMC,004354.20,A,6019.17332,N,02449.84902,E,0.015,,070126,,,R,V*03
$GNRMC,004354.50,A,6019.17332,N,02449.84902,E,0.008,,070126,,,R,V*08
$GNRMC,004354.60,A,6019.17332,N,02449.84902,E,0.018,,070126,,,R,V*0A
$GNRMC,004354.90,A,6019.17332,N,02449.84902,E,0.001,,070126,,,R,V*0D
$GNRMC,004355.10,A,6019.17332,N,02449.84902,E,0.005,,070126,,,R,V*00
$GNVTG,,T,,M,0.015,N,0.028,K,D*36
$GNVTG,,T,,M,0.018,N,0.034,K,D*36
$GNVTG,,T,,M,0.008,N,0.015,K,D*34
$GNRMC,004355.90,A,6019.17332,N,02449.84902,E,0.003,,070126,,,R,V*0E
$GNVTG,,T,,M,0.021,N,0.039,K,D*31
$GNVTG,,T,,M,0.016,N,0.030,K,D*3C
$GNRMC,004356.40,A,6019.17332,N,02449.84902,E,0.015,,070126,,,R,V*07
$GNRMC,004356.50,A,6019.17332,N,02449.84902,E,0.018,,070126,,,R,V*0B
$GNRMC,004356.70,A,6019.17332,N,02449.84902,E,0.018,,070126,,,R,V*09
$GNRMC,004356.80,A,6019.17332,N,02449.84902,E,0.015,,070126,,,R,V*0B
$GNRMC,004356.90,A,6019.17332,N,02449.84902,E,0.016,,070126,,,R,V*09
$GNRMC,004357.00,A,6019.17332,N,02449.84902,E,0.032,,070126,,,R,V*07
$GNRMC,004357.20,A,6019.17332,N,02449.84902,E,0.022,,070126,,,R,V*04
$GNRMC,004357.50,A,6019.17332,N,02449.84902,E,0.029,,070126,,,R,V*08
$GNRMC,004357.80,A,6019.17333,N,02449.84902,E,0.022,,070126,,,R,V*0F
$GNRMC,004357.90,A,6019.17333,N,02449.84902,E,0.009,,070126,,,R,V*07
$GNRMC,004358.10,A,6019.17332,N,02449.84902,E,0.014,,070126,,,R,V*0D
$GNRMC,004358.20,A,6019.17333,N,02449.84902,E,0.006,,070126,,,R,V*0C
$GNVTG,,T,,M,0.016,N,0.029,K,D*34
$GNRMC,004358.50,A,6019.17333,N,02449.84902,E,0.008,,070126,,,R,V*05
$GNVTG,,T,,M,0.008,N,0.015,K,D*34
$GNRMC,004358.70,A,6019.17333,N,02449.84902,E,0.012,,070126,,,R,V*0C
$GNVTG,,T,,M,0.014,N,0.026,K,D*39
$GNRMC,004359.00,A,6019.17333,N,02449.84902,E,0.041,,070126,,,R,V*0C
$GNRMC,004359.10,A,6019.17333,N,02449.84902,E,0.015,,070126,,,R,V*0C
$GNVTG,,T,,M,0.015,N,0.028,K,D*36
$GNRMC,004359.20,A,6019.17333,N,02449.84902,E,0.011,,070126,,,R,V*0B
$GNVTG,,T,,M,0.007,N,0.012,K,D*3C
$GNVTG,,T,,M,0.014,N,0.025,K,D*3A
$GNRMC,004359.80,A,6019.17333,N,02449.84902,E,0.021,,070126,,,R,V*02
$GNVTG,,T,,M,0.021,N,0.038,K,D*30
$GNVTG,,T,,M,0.010,N,0.018,K,D*30
$GNVTG,,T,,M,0.025,N,0.046,K,D*3D
$GNRMC,004400.80,A,6019.17333,N,02449.84902,E,0.015,,070126,,,R,V*0E
$GNVTG,,T,,M,0.015,N,0.027,K,D*39
$GNRMC,004401.00,A,6019.17333,N,02449.84902,E,0.009,,070126,,,R,V*0A
$GNVTG,,T,,M,0.009,N,0.016,K,D*36
$GNVTG,,T,,M,0.015,N,0.027,K,D*39
$GNTXT,01,01,00,txbuf alloc*61
$GNRMC,004401.50,A,6019.17333,N,02449.84902,E,0.015,,070126,,,R,V*02
$GNVTG,,T,,M,0.015,N,0.028,K,D*36
$GNRMC,004401.90,A,6019.17333,N,02449.84902,E,0.016,,070126,,,R,V*0D
$GNRMC,004402.10,A,6019.17333,N,02449.84902,E,0.007,,070126,,,R,V*06
$GNVTG,,T,,M,0.007,N,0.013,K,D*3D
$GNRMC,004402.30,A,6019.17333,N,02449.84902,E,0.004,,070126,,,R,V*07
$GNVTG,,T,,M,0.015,N,0.028,K,D*36
$GNTXT,01,01,00,txbuf alloc*61
$GNRMC,004402.60,A,6019.17333,N,02449.84902,E,0.016,,070126,,,R,V*01
$GNVTG,,T,,M,0.012,N,0.023,K,D*3A
$GNRMC,004402.90,A,6019.17333,N,02449.84902,E,0.018,,070126,,,R,V*00
$GNVTG,,T,,M,0.019,N,0.036,K,D*35
$GNVTG,,T,,M,0.029,N,0.055,K,D*33
$GNRMC,004403.50,A,6019.17333,N,02449.84902,E,0.020,,070126,,,R,V*06
$GNVTG,,T,,M,0.020,N,0.038,K,D*31
$GNRMC,004403.80,A,6019.17333,N,02449.84902,E,0.018,,070126,,,R,V*00
$GNRMC,004404.00,A,6019.17332,N,02449.84902,E,0.012,,070126,,,R,V*04
$GNRMC,004404.10,A,6019.17333,N,02449.84902,E,0.021,,070126,,,R,V*04
$GNRMC,004404.30,A,6019.17333,N,02449.84902,E,0.020,,070126,,,R,V*07
$GNRMC,004404.50,A,6019.17332,N,02449.84902,E,0.010,,070126,,,R,V*03
$GNRMC,004404.80,A,6019.17332,N,02449.84902,E,0.024,,070126,,,R,V*09
$GNVTG,,T,,M,0.005,N,0.008,K,D*35
$GNVTG,,T,,M,0.002,N,0.004,K,D*3E
$GNRMC,004405.70,A,6019.17332,N,02449.84902,E,0.010,,070126,,,R,V*00
$GNRMC,004405.90,A,6019.17332,N,02449.84902,E,0.016,,070126,,,R,V*08
$GNVTG,,T,,M,0.006,N,0.011,K,D*3E
$GNRMC,004406.30,A,6019.17332,N,02449.84902,E,0.018,,070126,,,R,V*0F
$GNRMC,004406.50,A,6019.17333,N,02449.84902,E,0.016,,070126,,,R,V*06
$GNVTG,,T,,M,0.002,N,0.004,K,D*3E
$GNRMC,004406.80,A,6019.17333,N,02449.84902,E,0.029,,070126,,,R,V*07
$GNVTG,,T,,M,0.034,N,0.063,K,D*3A
$GNRMC,004407.20,A,6019.17332,N,02449.84902,E,0.013,,070126,,,R,V*04
$GNVTG,,T,,M,0.027,N,0.050,K,D*38
$GNRMC,004408.10,A,6019.17332,N,02449.84902,E,0.012,,070126,,,R,V*09
$GNVTG,,T,,M,0.021,N,0.039,K,D*31
$GNRMC,004408.70,A,6019.17332,N,02449.84902,E,0.020,,070126,,,R,V*0E
$GNRMC,004409.00,A,6019.17332,N,02449.84902,E,0.024,,070126,,,R,V*0C
$GNVTG,,T,,M,0.024,N,0.044,K,D*3E
$GNRMC,004409.20,A,6019.17332,N,02449.84902,E,0.014,,070126,,,R,V*0D
$GNRMC,004409.60,A,6019.17332,N,02449.84902,E,0.013,,070126,,,R,V*0E
$GNVTG,,T,,M,0.016,N,0.030,K,D*3C
$GNRMC,004410.00,A,6019.17332,N,02449.84902,E,0.019,,070126,,,R,V*0A
$GNVTG,,T,,M,0.019,N,0.034,K,D*37
$GNRMC,004410.20,A,6019.17332,N,02449.84902,E,0.014,,070126,,,R,V*05
$GNVTG,,T,,M,0.014,N,0.026,K,D*39
$GNRMC,004410.50,A,6019.17332,N,02449.84902,E,0.014,,070126,,,R,V*02
$GNRMC,004410.60,A,6019.17332,N,02449.84902,E,0.008,,070126,,,R,V*0C
$GNRMC,004410.70,A,6019.17332,N,02449.84902,E,0.035,,070126,,,R,V*03
$GNVTG,,T,,M,0.017,N,0.032,K,D*3F
$GNRMC,004411.10,A,6019.17332,N,02449.84902,E,0.006,,070126,,,R,V*04
$GNVTG,,T,,M,0.006,N,0.011,K,D*3E
$GNRMC,004411.40,A,6019.17332,N,02449.84902,E,0.024,,070126,,,R,V*01
$GNRMC,004411.60,A,6019.17332,N,02449.84902,E,0.011,,070126,,,R,V*05
$GNRMC,004411.80,A,6019.17332,N,02449.84902,E,0.015,,070126,,,R,V*0F
$GNVTG,,T,,M,0.011,N,0.020,K,D*3A
$GNRMC,004412.20,A,6019.17332,N,02449.84902,E,0.004,,070126,,,R,V*06
$GNRMC,004412.40,A,6019.17332,N,02449.84902,E,0.023,,070126,,,R,V*05
$GNRMC,004412.60,A,6019.17333,N,02449.84901,E,0.028,,070126,,,R,V*0E
$GNRMC,004412.90,A,6019.17333,N,02449.84901,E,0.015,,070126,,,R,V*0F
$GNVTG,,T,,M,0.023,N,0.043,K,D*3E
$GNRMC,004413.20,A,6019.17333,N,02449.84901,E,0.008,,070126,,,R,V*09
$GNRMC,004413.40,A,6019.17333,N,02449.84901,E,0.019,,070126,,,R,V*0F
$GNRMC,004413.50,A,6019.17333,N,02449.84901,E,0.011,,070126,,,R,V*06
$GNRMC,004413.70,A,6019.17333,N,02449.84901,E,0.012,,070126,,,R,V*07
$GNRMC,004414.00,A,6019.17333,N,02449.84901,E,0.023,,070126,,,R,V*05
$GNVTG,,T,,M,0.018,N,0.032,K,D*30
$GNRMC,004414.40,A,6019.17333,N,02449.84901,E,0.007,,070126,,,R,V*07
$GNRMC,004414.70,A,6019.17333,N,02449.84901,E,0.019,,070126,,,R,V*0B
$GNRMC,004414.90,A,6019.17333,N,02449.84901,E,0.020,,070126,,,R,V*0F
$GNVTG,,T,,M,0.008,N,0.015,K,D*34
$GNRMC,004415.20,A,6019.17333,N,02449.84901,E,0.014,,070126,,,R,V*02
$GNRMC,004415.50,A,6019.17333,N,02449.84901,E,0.011,,070126,,,R,V*00
$GNVTG,,T,,M,0.011,N,0.021,K,D*3B
$GNRMC,004415.90,A,6019.17333,N,02449.84901,E,0.013,,070126,,,R,V*0E
$GNVTG,,T,,M,0.013,N,0.023,K,D*3B
$GNRMC,004416.40,A,6019.17333,N,02449.84901,E,0.023,,070126,,,R,V*03
$GNVTG,,T,,M,0.023,N,0.043,K,D*3E
$GNTXT,01,01,00,txbuf alloc*61
$GNRMC,004416.70,A,6019.17333,N,02449.84901,E,0.023,,070126,,,R,V*00
$GNVTG,,T,,M,0.026,N,0.049,K,D*31
$GPGSV,4,1,13,01,33,169,28,03,80,134,49,04,54,209,45,06,31,308,45,1*67
$GNRMC,004417.20,A,6019.17333,N,02449.84901,E,0.002,,070126,,,R,V*07
$GNRMC,004417.50,A,6019.17333,N,02449.84901,E,0.023,,070126,,,R,V*03
$GNRMC,004417.70,A,6019.17333,N,02449.84901,E,0.005,,070126,,,R,V*05
$GNVTG,,T,,M,0.005,N,0.010,K,D*3C
$GNRMC,004417.90,A,6019.17333,N,02449.84901,E,0.009,,070126,,,R,V*07
$GNVTG,,T,,M,0.009,N,0.017,K,D*37
$GNRMC,004418.10,A,6019.17333,N,02449.84901,E,0.003,,070126,,,R,V*0A
$GNVTG,,T,,M,0.003,N,0.006,K,D*3D
$GNRMC,004418.30,A,6019.17333,N,02449.84901,E,0.035,,070126,,,R,V*0D
$GNVTG,,T,,M,0.035,N,0.064,K,D*3C
$GNVTG,,T,,M,0.005,N,0.009,K,D*34
$GNVTG,,T,,M,0.035,N,0.065,K,D*3D
$GNVTG,,T,,M,0.010,N,0.019,K,D*31
$GNRMC,004419.10,A,6019.17333,N,02449.84901,E,0.004,,070126,,,R,V*0C
$GNRMC,004419.30,A,6019.17333,N,02449.84901,E,0.009,,070126,,,R,V*03
$GNRMC,004419.50,A,6019.17333,N,02449.84901,E,0.017,,070126,,,R,V*0A
$GNRMC,004419.70,A,6019.17333,N,02449.84901,E,0.007,,070126,,,R,V*09
$GNRMC,004419.80,A,6019.17333,N,02449.84901,E,0.011,,070126,,,R,V*01
$GNVTG,,T,,M,0.029,N,0.054,K,D*32
$GNRMC,004420.20,A,6019.17333,N,02449.84901,E,0.013,,070126,,,R,V*03
$GNVTG,,T,,M,0.014,N,0.025,K,D*3A
$GNVTG,,T,,M,0.018,N,0.033,K,D*31
$GNRMC,004420.70,A,6019.17333,N,02449.84901,E,0.014,,070126,,,R,V*01
$GNVTG,,T,,M,0.024,N,0.045,K,D*3F
$GNVTG,,T,,M,0.023,N,0.042,K,D*3F
$GNRMC,004421.30,A,6019.17333,N,02449.84901,E,0.024,,070126,,,R,V*07
$GNRMC,004421.40,A,6019.17333,N,02449.84901,E,0.014,,070126,,,R,V*03
$GNRMC,004421.50,A,6019.17333,N,02449.84901,E,0.002,,070126,,,R,V*05
$GNVTG,,T,,M,0.002,N,0.004,K,D*3E
$GNRMC,004421.90,A,6019.17333,N,02449.84901,E,0.014,,070126,,,R,V*0E
$GPGSV,3,1,12,03,80,134,49,04,54,209,45,06,31,308,45,09,22,227,41,1*6F
$GNRMC,004422.20,A,6019.17333,N,02449.84901,E,0.026,,070126,,,R,V*07
$GNVTG,,T,,M,0.009,N,0.016,K,D*36
$GNRMC,004422.70,A,6019.17333,N,02449.84901,E,0.012,,070126,,,R,V*05
$GNVTG,,T,,M,0.012,N,0.022,K,D*3B
$GNRMC,004422.90,A,6019.17333,N,02449.84901,E,0.006,,070126,,,R,V*0E
$GNVTG,,T,,M,0.024,N,0.044,K,D*3E
$GNRMC,004423.30,A,6019.17333,N,02449.84901,E,0.023,,070126,,,R,V*02
$GNVTG,,T,,M,0.023,N,0.042,K,D*3F
$GNVTG,,T,,M,0.020,N,0.037,K,D*3E
$GNRMC,004423.60,A,6019.17333,N,02449.84901,E,0.008,,070126,,,R,V*0E
$GNRMC,004423.90,A,6019.17333,N,02449.84901,E,0.038,,070126,,,R,V*02
$GNRMC,004424.10,A,6019.17333,N,02449.84901,E,0.014,,070126,,,R,V*03
$GNRMC,004424.40,A,6019.17333,N,02449.84901,E,0.017,,070126,,,R,V*05
$GNRMC,004424.70,A,6019.17333,N,02449.84901,E,0.009,,070126,,,R,V*09
$GNRMC,004424.90,A,6019.17333,N,02449.84901,E,0.021,,070126,,,R,V*0D
$GNVTG,,T,,M,0.021,N,0.039,K,D*31
$GNRMC,004425.10,A,6019.17333,N,02449.84901,E,0.008,,070126,,,R,V*0F
$GNVTG,,T,,M,0.034,N,0.064,K,D*3D
$GNRMC,004425.40,A,6019.17333,N,02449.84901,E,0.015,,070126,,,R,V*06
$GNVTG,,T,,M,0.015,N,0.028,K,D*36
$GNRMC,004425.70,A,6019.17333,N,02449.84901,E,0.013,,070126,,,R,V*03
$GNVTG,,T,,M,0.014,N,0.026,K,D*39
$GNRMC,004426.40,A,6019.17333,N,02449.84901,E,0.034,,070126,,,R,V*06
$GNVTG,,T,,M,0.030,N,0.055,K,D*3B
$GNRMC,004426.80,A,6019.17333,N,02449.84901,E,0.011,,070126,,,R,V*0D
$GNVTG,,T,,M,0.011,N,0.020,K,D*3A
$GNRMC,004427.00,A,6019.17333,N,02449.84901,E,0.012,,070126,,,R,V*07
$GNRMC,004427.20,A,6019.17333,N,02449.84901,E,0.005,,070126,,,R,V*03
$GNRMC,004427.40,A,6019.17333,N,02449.84901,E,0.009,,070126,,,R,V*09
$GNVTG,,T,,M,0.009,N,0.017,K,D*37
$GNRMC,004427.70,A,6019.17333,N,02449.84901,E,0.029,,070126,,,R,V*08
$GNRMC,004428.00,A,6019.17333,N,02449.84901,E,0.010,,070126,,,R,V*0A
$GNVTG,,T,,M,0.010,N,0.018,K,D*30
$GNRMC,004428.30,A,6019.17333,N,02449.84901,E,0.040,,070126,,,R,V*0C
$GNVTG,,T,,M,0.040,N,0.073,K,D*38
$GNTXT,01,01,00,txbuf alloc*61
$GNRMC,004428.80,A,6019.17333,N,02449.84901,E,0.027,,070126,,,R,V*06
$GNVTG,,T,,M,0.025,N,0.046,K,D*3D
$GNVTG,,T,,M,0.003,N,0.005,K,D*3E
$GNRMC,004429.10,A,6019.17333,N,02449.84901,E,0.028,,070126,,,R,V*01
$GNVTG,,T,,M,0.009,N,0.017,K,D*37
$GNVTG,,T,,M,0.025,N,0.046,K,D*3D
$GNTXT,01,01,00,txbuf alloc*61
$GNVTG,,T,,M,0.007,N,0.014,K,D*3A
$GNRMC,004430.00,A,6019.17333,N,02449.84901,E,0.031,,070126,,,R,V*00
$GNVTG,,T,,M,0.031,N,0.057,K,D*38
$GNRMC,004430.20,A,6019.17333,N,02449.84901,E,0.004,,070126,,,R,V*04
$GNVTG,,T,,M,0.018,N,0.033,K,D*31
$GNRMC,004430.60,A,6019.17333,N,02449.84901,E,0.007,,070126,,,R,V*03
$GNVTG,,T,,M,0.007,N,0.014,K,D*3A
$GNRMC,004430.80,A,6019.17333,N,02449.84901,E,0.030,,070126,,,R,V*09
$GNRMC,004431.00,A,6019.17333,N,02449.84901,E,0.012,,070126,,,R,V*00
$GNRMC,004431.20,A,6019.17333,N,02449.84901,E,0.012,,070126,,,R,V*02
$GNVTG,,T,,M,0.012,N,0.022,K,D*3B
$GNRMC,004431.50,A,6019.17333,N,02449.84901,E,0.041,,070126,,,R,V*03
$GNVTG,,T,,M,0.041,N,0.076,K,D*3C
$GNVTG,,T,,M,0.037,N,0.069,K,D*33
$GNVTG,,T,,M,0.008,N,0.014,K,D*35
$GNRMC,004432.10,A,6019.17333,N,02449.84901,E,0.008,,070126,,,R,V*09
$GNRMC,004433.70,A,6019.17333,N,02449.84901,E,0.019,,070126,,,R,V*0E
$GNVTG,,T,,M,0.019,N,0.036,K,D*35
$GNRMC,004433.90,A,6019.17333,N,02449.84901,E,0.018,,070126,,,R,V*01
$GNVTG,,T,,M,0.014,N,0.026,K,D*39
$GNRMC,004434.10,A,6019.17333,N,02449.84901,E,0.018,,070126,,,R,V*0E
$GNRMC,004434.20,A,6019.17333,N,02449.84901,E,0.025,,070126,,,R,V*03
$GNVTG,,T,,M,0.025,N,0.046,K,D*3D
$GNRMC,004434.40,A,6019.17333,N,02449.84901,E,0.016,,070126,,,R,V*05
$GNVTG,,T,,M,0.017,N,0.031,K,D*3C
$GNRMC,004434.80,A,6019.17333,N,02449.84901,E,0.010,,070126,,,R,V*0F
$GNVTG,,T,,M,0.013,N,0.023,K,D*3B
$GNVTG,,T,,M,0.005,N,0.009,K,D*34
$GNRMC,004435.30,A,6019.17333,N,02449.84901,E,0.005,,070126,,,R,V*01
$GNVTG,,T,,M,0.005,N,0.010,K,D*3C
$GNRMC,004435.50,A,6019.17333,N,02449.84901,E,0.013,,070126,,,R,V*00
$GNVTG,,T,,M,0.013,N,0.023,K,D*3B
$GNRMC,004435.80,A,6019.17333,N,02449.84901,E,0.009,,070126,,,R,V*06
$GNRMC,004436.00,A,6019.17333,N,02449.84901,E,0.032,,070126,,,R,V*05
$GNVTG,,T,,M,0.032,N,0.059,K,D*35
$GNRMC,004436.30,A,6019.17333,N,02449.84901,E,0.016,,070126,,,R,V*00
$GNVTG,,T,,M,0.006,N,0.011,K,D*3E
$GNVTG,,T,,M,0.008,N,0.015,K,D*34
$GNVTG,,T,,M,0.021,N,0.038,K,D*30
$GNRMC,004436.80,A,6019.17333,N,02449.84901,E,0.020,,070126,,,R,V*0E
$GNVTG,,T,,M,0.020,N,0.038,K,D*31
$GNRMC,004437.10,A,6019.17333,N,02449.84901,E,0.004,,070126,,,R,V*00
$GNRMC,004437.40,A,6019.17333,N,02449.84901,E,0.012,,070126,,,R,V*02
$GNRMC,004437.70,A,6019.17333,N,02449.84901,E,0.022,,070126,,,R,V*02
$GNVTG,,T,,M,0.019,N,0.035,K,D*36
$GNRMC,004438.30,A,6019.17333,N,02449.84901,E,0.006,,070126,,,R,V*0F
$GNRMC,004438.60,A,6019.17333,N,02449.84901,E,0.009,,070126,,,R,V*05
$GNVTG,,T,,M,0.019,N,0.035,K,D*36
$GNRMC,004439.00,A,6019.17333,N,02449.84901,E,0.013,,070126,,,R,V*09
$GNRMC,004439.10,A,6019.17333,N,02449.84901,E,0.008,,070126,,,R,V*02
$GNRMC,004439.30,A,6019.17333,N,02449.84901,E,0.009,,070126,,,R,V*01
$GNRMC,004439.40,A,6019.17333,N,02449.84901,E,0.017,,070126,,,R,V*09
$GNVTG,,T,,M,0.017,N,0.031,K,D*3C
$GNTXT,01,01,00,txbuf alloc*61
$GNRMC,004439.80,A,6019.17333,N,02449.84901,E,0.019,,070126,,,R,V*0B
$GNVTG,,T,,M,0.019,N,0.035,K,D*36
$GNRMC,004440.20,A,6019.17333,N,02449.84901,E,0.013,,070126,,,R,V*05
$GNRMC,004440.50,A,6019.17333,N,02449.84901,E,0.009,,070126,,,R,V*09
$GNRMC,004440.70,A,6019.17333,N,02449.84901,E,0.021,,070126,,,R,V*01
$GNVTG,,T,,M,0.021,N,0.039,K,D*31
$GNRMC,004440.90,A,6019.17333,N,02449.84901,E,0.021,,070126,,,R,V*0F
$GNVTG,,T,,M,0.021,N,0.038,K,D*30
$GNRMC,004441.30,A,6019.17333,N,02449.84901,E,0.006,,070126,,,R,V*01
$GNRMC,004441.60,A,6019.17333,N,02449.84901,E,0.005,,070126,,,R,V*07
$GNRMC,004441.80,A,6019.17333,N,02449.84901,E,0.017,,070126,,,R,V*0A
$GNRMC,004442.00,A,6019.17333,N,02449.84901,E,0.035,,070126,,,R,V*01
$GNRMC,004442.40,A,6019.17333,N,02449.84901,E,0.013,,070126,,,R,V*01
$GNRMC,004442.50,A,6019.17333,N,02449.84901,E,0.013,,070126,,,R,V*00
$GNRMC,004442.70,A,6019.17333,N,02449.84901,E,0.004,,070126,,,R,V*04
$GNRMC,004442.80,A,6019.17333,N,02449.84901,E,0.003,,070126,,,R,V*0C
$GNVTG,,T,,M,0.016,N,0.030,K,D*3C
$GNRMC,004443.20,A,6019.17333,N,02449.84901,E,0.015,,070126,,,R,V*00
$GNVTG,,T,,M,0.015,N,0.028,K,D*36
$GNVTG,,T,,M,0.010,N,0.018,K,D*30
$GNVTG,,T,,M,0.022,N,0.040,K,D*3C
$GNRMC,004443.80,A,6019.17333,N,02449.84901,E,0.034,,070126,,,R,V*09
$GNVTG,,T,,M,0.011,N,0.021,K,D*3B
$GNRMC,004444.20,A,6019.17333,N,02449.84901,E,0.004,,070126,,,R,V*07
$GNVTG,,T,,M,0.023,N,0.042,K,D*3F
$GNVTG,,T,,M,0.001,N,0.003,K,D*3A
$GNVTG,,T,,M,0.017,N,0.031,K,D*3C
$GNVTG,,T,,M,0.030,N,0.055,K,D*3B
$GNVTG,,T,,M,0.019,N,0.035,K,D*36
$GNVTG,,T,,M,0.014,N,0.026,K,D*39
$GNRMC,004445.60,A,6019.17333,N,02449.84901,E,0.012,,070126,,,R,V*05
$GNRMC,004445.70,A,6019.17333,N,02449.84901,E,0.024,,070126,,,R,V*01
$GNVTG,,T,,M,0.037,N,0.068,K,D*32
$GNRMC,004446.20,A,6019.17333,N,02449.84901,E,0.027,,070126,,,R,V*04
$GNVTG,,T,,M,0.027,N,0.050,K,D*38
$GNRMC,004446.40,A,6019.17333,N,02449.84901,E,0.009,,070126,,,R,V*0E
$GNVTG,,T,,M,0.009,N,0.017,K,D*37
$GNVTG,,T,,M,0.014,N,0.025,K,D*3A
$GNRMC,004446.70,A,6019.17333,N,02449.84901,E,0.022,,070126,,,R,V*04
$GNVTG,,T,,M,0.022,N,0.041,K,D*3D
$GNVTG,,T,,M,0.050,N,0.092,K,D*36
$GNRMC,004447.00,A,6019.17333,N,02449.84902,E,0.019,,070126,,,R,V*09
$GNVTG,,T,,M,0.019,N,0.035,K,D*36
$GNRMC,004447.30,A,6019.17333,N,02449.84901,E,0.007,,070126,,,R,V*06
$GNRMC,004447.40,A,6019.17333,N,02449.84901,E,0.015,,070126,,,R,V*02
$GNVTG,,T,,M,0.015,N,0.027,K,D*39
$GNRMC,004447.60,A,6019.17333,N,02449.84901,E,0.029,,070126,,,R,V*0F
$GNRMC,004447.80,A,6019.17333,N,02449.84902,E,0.008,,070126,,,R,V*01
$GNVTG,,T,,M,0.008,N,0.014,K,D*35
$GNRMC,004448.00,A,6019.17333,N,02449.84901,E,0.029,,070126,,,R,V*06
$GNRMC,004448.20,A,6019.17333,N,02449.84902,E,0.006,,070126,,,R,V*0A
$GNRMC,004448.40,A,6019.17333,N,02449.84901,E,0.011,,070126,,,R,V*09
$GNVTG,,T,,M,0.011,N,0.021,K,D*3B
$GNRMC,004448.70,A,6019.17333,N,02449.84902,E,0.006,,070126,,,R,V*0F
$GNRMC,004448.80,A,6019.17333,N,02449.84902,E,0.003,,070126,,,R,V*05
$GNRMC,004449.00,A,6019.17333,N,02449.84901,E,0.016,,070126,,,R,V*0B
$GNRMC,004449.10,A,6019.17333,N,02449.84901,E,0.010,,070126,,,R,V*0C
$GNRMC,004449.30,A,6019.17333,N,02449.84901,E,0.019,,070126,,,R,V*07
$GNVTG,,T,,M,0.019,N,0.034,K,D*37
$GNRMC,004449.50,A,6019.17333,N,02449.84901,E,0.026,,070126,,,R,V*0D
$GNRMC,004449.70,A,6019.17333,N,02449.84901,E,0.004,,070126,,,R,V*0F
$GNRMC,004449.80,A,6019.17333,N,02449.84901,E,0.009,,070126,,,R,V*0D
$GNRMC,004449.90,A,6019.17333,N,02449.84901,E,0.035,,070126,,,R,V*03
$GNVTG,,T,,M,0.017,N,0.031,K,D*3C
$GNRMC,004450.20,A,6019.17333,N,02449.84901,E,0.046,,070126,,,R,V*04
$GNVTG,,T,,M,0.046,N,0.085,K,D*37
$GNVTG,,T,,M,0.022,N,0.041,K,D*3D
$GNRMC,004450.80,A,6019.17333,N,02449.84901,E,0.015,,070126,,,R,V*08
$GNRMC,004451.00,A,6019.17333,N,02449.84901,E,0.018,,070126,,,R,V*0C
$GNRMC,004451.50,A,6019.17333,N,02449.84901,E,0.014,,070126,,,R,V*05
$GNVTG,,T,,M,0.014,N,0.027,K,D*38
$GNRMC,004451.70,A,6019.17333,N,02449.84901,E,0.039,,070126,,,R,V*08
$GNRMC,004451.90,A,6019.17333,N,02449.84901,E,0.014,,070126,,,R,V*09
$GNVTG,,T,,M,0.014,N,0.026,K,D*39
$GNRMC,004452.10,A,6019.17333,N,02449.84901,E,0.013,,070126,,,R,V*05
$GNVTG,,T,,M,0.013,N,0.023,K,D*3B
$GNVTG,,T,,M,0.006,N,0.012,K,D*3D
$GNRMC,004452.40,A,6019.17333,N,02449.84901,E,0.044,,070126,,,R,V*02
$GNVTG,,T,,M,0.044,N,0.081,K,D*31
$GNTXT,01,01,00,txbuf alloc*61
$GNRMC,004452.80,A,6019.17333,N,02449.84901,E,0.006,,070126,,,R,V*08
$GNRMC,004453.10,A,6019.17333,N,02449.84901,E,0.010,,070126,,,R,V*07
$GNRMC,004453.30,A,6019.17333,N,02449.84901,E,0.042,,070126,,,R,V*02
$GNRMC,004453.40,A,6019.17333,N,02449.84901,E,0.017,,070126,,,R,V*05
$GNRMC,004453.50,A,6019.17333,N,02449.84901,E,0.029,,070126,,,R,V*09
$GNRMC,004453.70,A,6019.17333,N,02449.84901,E,0.013,,070126,,,R,V*02
$GNRMC,004453.90,A,6019.17333,N,02449.84901,E,0.034,,070126,,,R,V*09
$GNVTG,,T,,M,0.042,N,0.077,K,D*3E
$GNRMC,004454.30,A,6019.17333,N,02449.84901,E,0.012,,070126,,,R,V*00
$GNRMC,004454.50,A,6019.17333,N,02449.84901,E,0.024,,070126,,,R,V*03
$GNRMC,004454.60,A,6019.17333,N,02449.84901,E,0.011,,070126,,,R,V*06
$GNVTG,,T,,M,0.035,N,0.066,K,D*3E
$GNVTG,,T,,M,0.034,N,0.062,K,D*3B
$GNRMC,004455.20,A,6019.17333,N,02449.84901,E,0.018,,070126,,,R,V*0A
$GNRMC,004455.40,A,6019.17333,N,02449.84901,E,0.019,,070126,,,R,V*0D
$GNTXT,01,01,00,txbuf alloc*61
$GNRMC,004455.60,A,6019.17333,N,02449.84901,E,0.010,,070126,,,R,V*06
$GNVTG,,T,,M,0.010,N,0.019,K,D*31
$GNVTG,,T,,M,0.018,N,0.034,K,D*36
$GNRMC,004456.40,A,6019.17333,N,02449.84901,E,0.008,,070126,,,R,V*0E
$GNRMC,004456.70,A,6019.17333,N,02449.84901,E,0.021,,070126,,,R,V*06
$GNVTG,,T,,M,0.021,N,0.040,K,D*3F
$GNRMC,004456.90,A,6019.17333,N,02449.84901,E,0.004,,070126,,,R,V*0F
$GNRMC,004457.10,A,6019.17333,N,02449.84901,E,0.019,,070126,,,R,V*0A
$GNVTG,,T,,M,0.019,N,0.036,K,D*35
$GNRMC,004457.50,A,6019.17333,N,02449.84901,E,0.016,,070126,,,R,V*01
$GNVTG,,T,,M,0.016,N,0.030,K,D*3C
$GPGSV,1,1,03,01,32,169,,02,04,163,,26,00,100,,0*5F
$GNRMC,004458.00,A,6019.17333,N,02449.84901,E,0.020,,070126,,,R,V*0E
$GPGSV,3,1,12,03,78,132,49,04,55,209,45,06,32,308,45,09,23,228,41,1*62
$GNRMC,004458.40,A,6019.17333,N,02449.84901,E,0.008,,070126,,,R,V*00
$GNRMC,004458.50,A,6019.17333,N,02449.84901,E,0.006,,070126,,,R,V*0F
$GNRMC,004458.90,A,6019.17333,N,02449.84901,E,0.013,,070126,,,R,V*07
$GNRMC,004459.00,A,6019.17333,N,02449.84901,E,0.012,,070126,,,R,V*0E
$GNRMC,004459.20,A,6019.17333,N,02449.84901,E,0.017,,070126,,,R,V*09
$GNRMC,004459.30,A,6019.17333,N,02449.84901,E,0.005,,070126,,,R,V*0B
$GNRMC,004459.50,A,6019.17333,N,02449.84901,E,0.026,,070126,,,R,V*0C
$GNVTG,,T,,M,0.011,N,0.021,K,D*3B
$GNRMC,004459.80,A,6019.17333,N,02449.84901,E,0.003,,070126,,,R,V*06
$GNRMC,004459.90,A,6019.17333,N,02449.84901,E,0.008,,070126,,,R,V*0C
$GNRMC,004500.20,A,6019.17333,N,02449.84901,E,0.020,,070126,,,R,V*00
$GNRMC,004500.40,A,6019.17333,N,02449.84902,E,0.025,,070126,,,R,V*00
$GNRMC,004500.60,A,6019.17333,N,02449.84902,E,0.012,,070126,,,R,V*06
$GNRMC,004500.70,A,6019.17333,N,02449.84902,E,0.017,,070126,,,R,V*02
$GNRMC,004500.80,A,6019.17333,N,02449.84902,E,0.012,,070126,,,R,V*08
$GNRMC,004501.00,A,6019.17333,N,02449.84901,E,0.041,,070126,,,R,V*04
$GNRMC,004501.10,A,6019.17333,N,02449.84902,E,0.041,,070126,,,R,V*06
$GNVTG,,T,,M,0.041,N,0.076,K,D*3C
$GNRMC,004501.30,A,6019.17333,N,02449.84902,E,0.023,,070126,,,R,V*00
$GNVTG,,T,,M,0.004,N,0.008,K,D*34
$GNRMC,004501.60,A,6019.17333,N,02449.84902,E,0.005,,070126,,,R,V*01
$GNVTG,,T,,M,0.016,N,0.029,K,D*34
$GNVTG,,T,,M,0.005,N,0.009,K,D*34
$GNRMC,004502.30,A,6019.17333,N,02449.84902,E,0.033,,070126,,,R,V*02
$GNRMC,004502.50,A,6019.17333,N,02449.84902,E,0.008,,070126,,,R,V*0C
$GNRMC,004502.60,A,6019.17333,N,02449.84902,E,0.014,,070126,,,R,V*02
$GNRMC,004502.80,A,6019.17333,N,02449.84902,E,0.004,,070126,,,R,V*0D
$GNVTG,,T,,M,0.028,N,0.052,K,D*35
$GNRMC,004503.10,A,6019.17333,N,02449.84902,E,0.010,,070126,,,R,V*00
$GNRMC,004503.30,A,6019.17333,N,02449.84902,E,0.017,,070126,,,R,V*05
$GNRMC,004503.50,A,6019.17333,N,02449.84902,E,0.014,,070126,,,R,V*00
$GNRMC,004503.70,A,6019.17333,N,02449.84902,E,0.020,,070126,,,R,V*05
$GNVTG,,T,,M,0.014,N,0.027,K,D*38
$GNRMC,004504.00,A,6019.17333,N,02449.84902,E,0.006,,070126,,,R,V*01
$GNRMC,004504.10,A,6019.17333,N,02449.84901,E,0.013,,070126,,,R,V*07
$GNVTG,,T,,M,0.013,N,0.024,K,D*3C
$GNRMC,004504.40,A,6019.17333,N,02449.84900,E,0.016,,070126,,,R,V*06
$GNRMC,004504.60,A,6019.17333,N,02449.84900,E,0.034,,070126,,,R,V*04
$GNVTG,,T,,M,0.034,N,0.063,K,D*3A
$GNRMC,004504.80,A,6019.17333,N,02449.84900,E,0.019,,070126,,,R,V*05
$GNRMC,004505.00,A,6019.17333,N,02449.84900,E,0.032,,070126,,,R,V*05
$GNRMC,004505.10,A,6019.17333,N,02449.84901,E,0.011,,070126,,,R,V*04
$GNRMC,004505.30,A,6019.17333,N,02449.84901,E,0.024,,070126,,,R,V*00
$GNRMC,004505.60,A,6019.17333,N,02449.84901,E,0.024,,070126,,,R,V*05
$GNVTG,,T,,M,0.024,N,0.044,K,D*3E
$GNRMC,004505.80,A,6019.17333,N,02449.84901,E,0.009,,070126,,,R,V*04
$GNRMC,004506.00,A,6019.17333,N,02449.84901,E,0.016,,070126,,,R,V*01
$GNVTG,,T,,M,0.016,N,0.030,K,D*3C
$GNRMC,004506.20,A,6019.17333,N,02449.84901,E,0.024,,070126,,,R,V*02
$GNVTG,,T,,M,0.024,N,0.045,K,D*3F
$GNRMC,004506.40,A,6019.17333,N,02449.84901,E,0.014,,070126,,,R,V*07
$GNTXT,01,01,00,txbuf alloc*61
$GNVTG,,T,,M,0.033,N,0.061,K,D*3F
$GNRMC,004507.00,A,6019.17333,N,02449.84901,E,0.022,,070126,,,R,V*07
$GNVTG,,T,,M,0.004,N,0.008,K,D*34
$GNRMC,004507.50,A,6019.17333,N,02449.84901,E,0.011,,070126,,,R,V*02
$GNVTG,,T,,M,0.011,N,0.021,K,D*3B
$GNRMC,004507.60,A,6019.17333,N,02449.84901,E,0.016,,070126,,,R,V*06
$GNRMC,004507.70,A,6019.17333,N,02449.84901,E,0.006,,070126,,,R,V*06
$GNRMC,004507.90,A,6019.17333,N,02449.84901,E,0.014,,070126,,,R,V*0B
$GNRMC,004508.20,A,6019.17333,N,02449.84901,E,0.001,,070126,,,R,V*0B
$GNRMC,004508.40,A,6019.17333,N,02449.84901,E,0.012,,070126,,,R,V*0F
$GNRMC,004508.50,A,6019.17333,N,02449.84901,E,0.019,,070126,,,R,V*05
$GNRMC,004508.60,A,6019.17333,N,02449.84901,E,0.001,,070126,,,R,V*0F
$GNVTG,,T,,M,0.021,N,0.039,K,D*31
$GNVTG,,T,,M,0.014,N,0.025,K,D*3A
$GNRMC,004509.10,A,6019.17333,N,02449.84901,E,0.019,,070126,,,R,V*00
$GNVTG,,T,,M,0.003,N,0.006,K,D*3D
$GNRMC,004509.90,A,6019.17333,N,02449.84901,E,0.014,,070126,,,R,V*05
$GNVTG,,T,,M,0.006,N,0.011,K,D*3E
$GNVTG,,T,,M,0.021,N,0.039,K,D*31
$GNRMC,004510.30,A,6019.17333,N,02449.84901,E,0.041,,070126,,,R,V*07
$GNRMC,004510.40,A,6019.17333,N,02449.84901,E,0.008,,070126,,,R,V*0D
$GNVTG,,T,,M,0.012,N,0.022,K,D*3B
$GNRMC,004510.80,A,6019.17333,N,02449.84901,E,0.026,,070126,,,R,V*0D
$GNVTG,,T,,M,0.023,N,0.043,K,D*3E
$GNVTG,,T,,M,0.008,N,0.015,K,D*34
$GNVTG,,T,,M,0.032,N,0.059,K,D*35
$GNRMC,004511.70,A,6019.17333,N,02449.84901,E,0.013,,070126,,,R,V*05
$GNRMC,004511.90,A,6019.17333,N,02449.84901,E,0.019,,070126,,,R,V*01
$GNVTG,,T,,M,0.019,N,0.035,K,D*36
$GNVTG,,T,,M,0.008,N,0.015,K,D*34
$GNVTG,,T,,M,0.016,N,0.030,K,D*3C
$GNVTG,,T,,M,0.027,N,0.050,K,D*38
$GNRMC,004513.40,A,6019.17333,N,02449.84901,E,0.007,,070126,,,R,V*01
$GNVTG,,T,,M,0.007,N,0.013,K,D*3D
$GNRMC,004513.80,A,6019.17333,N,02449.84901,E,0.016,,070126,,,R,V*0D
$GNVTG,,T,,M,0.016,N,0.030,K,D*3C
$GNRMC,004514.20,A,6019.17333,N,02449.84901,E,0.019,,070126,,,R,V*0F
$GNVTG,,T,,M,0.019,N,0.036,K,D*35
$GNRMC,004514.40,A,6019.17333,N,02449.84901,E,0.010,,070126,,,R,V*00
$GNRMC,004514.50,A,6019.17333,N,02449.84901,E,0.009,,070126,,,R,V*09
$GNVTG,,T,,M,0.009,N,0.017,K,D*37
$GNRMC,004514.70,A,6019.17333,N,02449.84901,E,0.008,,070126,,,R,V*0A
$GNVTG,,T,,M,0.008,N,0.015,K,D*34
$GNRMC,004514.90,A,6019.17333,N,02449.84901,E,0.019,,070126,,,R,V*04
$GNRMC,004515.20,A,6019.17333,N,02449.84901,E,0.010,,070126,,,R,V*07
$GNVTG,,T,,M,0.010,N,0.018,K,D*30
$GNVTG,,T,,M,0.009,N,0.016,K,D*36
$GNVTG,,T,,M,0.012,N,0.022,K,D*3B
$GNRMC,004515.90,A,6019.17333,N,02449.84901,E,0.023,,070126,,,R,V*0C
$GNRMC,004516.10,A,6019.17333,N,02449.84901,E,0.011,,070126,,,R,V*06
$GNRMC,004516.50,A,6019.17333,N,02449.84901,E,0.038,,070126,,,R,V*09
$GNVTG,,T,,M,0.038,N,0.070,K,D*34
$GNRMC,004516.80,A,6019.17333,N,02449.84901,E,0.003,,070126,,,R,V*0C
$GNRMC,004517.20,A,6019.17333,N,02449.84901,E,0.025,,070126,,,R,V*03
$GNRMC,004517.40,A,6019.17333,N,02449.84901,E,0.038,,070126,,,R,V*09
$GNVTG,,T,,M,0.029,N,0.054,K,D*32
$GNRMC,004517.80,A,6019.17333,N,02449.84901,E,0.019,,070126,,,R,V*06
$GNVTG,,T,,M,0.006,N,0.011,K,D*3E
$GNVTG,,T,,M,0.017,N,0.032,K,D*3F
$GNRMC,004518.40,A,6019.17333,N,02449.84901,E,0.010,,070126,,,R,V*0C
$GNVTG,,T,,M,0.011,N,0.021,K,D*3B
$GNRMC,004518.80,A,6019.17333,N,02449.84901,E,0.013,,070126,,,R,V*03
$GNRMC,004519.10,A,6019.17333,N,02449.84901,E,0.015,,070126,,,R,V*0D
$GNVTG,,T,,M,0.016,N,0.029,K,D*34
$GNRMC,004519.50,A,6019.17333,N,02449.84901,E,0.012,,070126,,,R,V*0E
$GNVTG,,T,,M,0.012,N,0.022,K,D*3B
$GNRMC,004519.90,A,6019.17333,N,02449.84901,E,0.025,,070126,,,R,V*06
$GNVTG,,T,,M,0.012,N,0.023,K,D*3A
$GNRMC,004520.60,A,6019.17333,N,02449.84901,E,0.018,,070126,,,R,V*0D
$GNRMC,004520.80,A,6019.17333,N,02449.84901,E,0.007,,070126,,,R,V*0D
$GNVTG,,T,,M,0.015,N,0.028,K,D*36
$GNRMC,004521.50,A,6019.17333,N,02449.84901,E,0.012,,070126,,,R,V*05
$GNVTG,,T,,M,0.027,N,0.050,K,D*38
$GNVTG,,T,,M,0.034,N,0.062,K,D*3B
$GNRMC,004522.30,A,6019.17333,N,02449.84901,E,0.025,,070126,,,R,V*04
$GNRMC,004522.50,A,6019.17333,N,02449.84901,E,0.002,,070126,,,R,V*07
$GNRMC,004522.70,A,6019.17333,N,02449.84901,E,0.008,,070126,,,R,V*0F
$GNVTG,,T,,M,0.017,N,0.031,K,D*3C
$GNVTG,,T,,M,0.014,N,0.025,K,D*3A
$GNRMC,004523.20,A,6019.17333,N,02449.84901,E,0.039,,070126,,,R,V*09
$GNRMC,004523.40,A,6019.17333,N,02449.84901,E,0.023,,070126,,,R,V*04
$GNVTG,,T,,M,0.023,N,0.043,K,D*3E
$GNRMC,004523.50,A,6019.17333,N,02449.84901,E,0.004,,070126,,,R,V*00
$GNRMC,004523.70,A,6019.17333,N,02449.84901,E,0.022,,070126,,,R,V*06
$GNRMC,004523.80,A,6019.17333,N,02449.84901,E,0.010,,070126,,,R,V*08
$GNRMC,004523.90,A,6019.17333,N,02449.84901,E,0.010,,070126,,,R,V*09
$GNVTG,,T,,M,0.015,N,0.028,K,D*36
$GNRMC,004524.50,A,6019.17333,N,02449.84901,E,0.007,,070126,,,R,V*04
$GNVTG,,T,,M,0.005,N,0.010,K,D*3C
$GNRMC,004525.00,A,6019.17333,N,02449.84901,E,0.012,,070126,,,R,V*04
$GNVTG,,T,,M,0.022,N,0.041,K,D*3D
$GNRMC,004525.50,A,6019.17333,N,02449.84901,E,0.006,,070126,,,R,V*04
$GNRMC,004525.80,A,6019.17333,N,02449.84901,E,0.010,,070126,,,R,V*0E
$GNRMC,004526.00,A,6019.17333,N,02449.84901,E,0.005,,070126,,,R,V*01
$GNVTG,,T,,M,0.005,N,0.008,K,D*35
$GNVTG,,T,,M,0.010,N,0.018,K,D*30
$GNRMC,004526.40,A,6019.17333,N,02449.84901,E,0.016,,070126,,,R,V*07
$GNVTG,,T,,M,0.016,N,0.029,K,D*34
$GNRMC,004526.60,A,6019.17333,N,02449.84901,E,0.026,,070126,,,R,V*06
$GNVTG,,T,,M,0.011,N,0.020,K,D*3A
$GNRMC,004527.00,A,6019.17333,N,02449.84900,E,0.025,,070126,,,R,V*03
$GNVTG,,T,,M,0.023,N,0.043,K,D*3E
$GNVTG,,T,,M,0.020,N,0.037,K,D*3E
$GNRMC,004527.90,A,6019.17333,N,02449.84901,E,0.022,,070126,,,R,V*0C
$GNVTG,,T,,M,0.022,N,0.041,K,D*3D
$GNRMC,004528.10,A,6019.17333,N,02449.84901,E,0.017,,070126,,,R,V*0D
$GNVTG,,T,,M,0.005,N,0.010,K,D*3C
$GNRMC,004529.20,A,6019.17333,N,02449.84901,E,0.028,,070126,,,R,V*03
$GNRMC,004529.40,A,6019.17333,N,02449.84901,E,0.021,,070126,,,R,V*0C
$GNVTG,,T,,M,0.021,N,0.039,K,D*31
$GNRMC,004529.60,A,6019.17333,N,02449.84901,E,0.034,,070126,,,R,V*0A
$GNRMC,004530.00,A,6019.17333,N,02449.84901,E,0.017,,070126,,,R,V*05
$GNVTG,,T,,M,0.017,N,0.032,K,D*3F
$GNRMC,004530.60,A,6019.17333,N,02449.84901,E,0.033,,070126,,,R,V*05
$GNRMC,004530.70,A,6019.17333,N,02449.84901,E,0.040,,070126,,,R,V*00
$GNVTG,,T,,M,0.040,N,0.074,K,D*3F
$GNRMC,004530.90,A,6019.17333,N,02449.84901,E,0.012,,070126,,,R,V*09
$GNVTG,,T,,M,0.048,N,0.089,K,D*35
$GNRMC,004531.20,A,6019.17333,N,02449.84901,E,0.020,,070126,,,R,V*02
$GNRMC,004531.50,A,6019.17333,N,02449.84901,E,0.008,,070126,,,R,V*0F
$GNVTG,,T,,M,0.008,N,0.016,K,D*37
$GNRMC,004531.60,A,6019.17333,N,02449.84901,E,0.013,,070126,,,R,V*06
$GNRMC,004531.80,A,6019.17333,N,02449.84901,E,0.014,,070126,,,R,V*0F
$GNVTG,,T,,M,0.006,N,0.011,K,D*3E
$GNVTG,,T,,M,0.016,N,0.030,K,D*3C
$GNTXT,01,01,00,txbuf alloc*61
