$GNRMC,005159.30,A,6019.17334,N,02449.84900,E,0.007,,070126,,,R,V*0B
$GNRMC,005159.50,A,6019.17334,N,02449.84900,E,0.011,,070126,,,R,V*0A
$GNRMC,005200.00,A,6019.17334,N,02449.84900,E,0.012,,070126,,,R,V*03
$GNVTG,,T,,M,0.006,N,0.011,K,D*3E
$GNVTG,,T,,M,0.022,N,0.041,K,D*3D
$GNRMC,005200.40,A,6019.17334,N,02449.84900,E,0.006,,070126,,,R,V*02
$GNVTG,,T,,M,0.006,N,0.011,K,D*3E
$GNRMC,005200.80,A,6019.17334,N,02449.84900,E,0.012,,070126,,,R,V*0B
$GNVTG,,T,,M,0.012,N,0.023,K,D*3A
$GNRMC,005201.10,A,6019.17334,N,02449.84900,E,0.025,,070126,,,R,V*07
$GNRMC,005201.50,A,6019.17334,N,02449.84900,E,0.012,,070126,,,R,V*07
$GNVTG,,T,,M,0.012,N,0.022,K,D*3B
$GNVTG,,T,,M,0.034,N,0.062,K,D*3B
$GNRMC,005201.90,A,6019.17334,N,02449.84900,E,0.012,,070126,,,R,V*0B
$GNRMC,005202.10,A,6019.17334,N,02449.84900,E,0.010,,070126,,,R,V*02
$GNRMC,005202.30,A,6019.17334,N,02449.84900,E,0.023,,070126,,,R,V*00
$GNVTG,,T,,M,0.023,N,0.042,K,D*3F
$GNRMC,005202.50,A,6019.17334,N,02449.84900,E,0.005,,070126,,,R,V*02
$GNVTG,,T,,M,0.005,N,0.010,K,D*3C
$GNVTG,,T,,M,0.020,N,0.037,K,D*3E
$GNVTG,,T,,M,0.004,N,0.008,K,D*34
$GNVTG,,T,,M,0.020,N,0.037,K,D*3E
$GNRMC,005203.20,A,6019.17333,N,02449.84900,E,0.019,,070126,,,R,V*0E
$GNRMC,005203.40,A,6019.17333,N,02449.84900,E,0.003,,070126,,,R,V*03
$GNRMC,005203.50,A,6019.17333,N,02449.84900,E,0.007,,070126,,,R,V*06
$GNVTG,,T,,M,0.007,N,0.012,K,D*3C
$GNRMC,005203.70,A,6019.17333,N,02449.84900,E,0.007,,070126,,,R,V*04
$GNVTG,,T,,M,0.011,N,0.021,K,D*3B
$GNVTG,,T,,M,0.022,N,0.041,K,D*3D
$GNRMC,005204.20,A,6019.17333,N,02449.84900,E,0.018,,070126,,,R,V*08
$GNVTG,,T,,M,0.018,N,0.033,K,D*31
$GNRMC,005204.40,A,6019.17333,N,02449.84900,E,0.021,,070126,,,R,V*04
$GNVTG,,T,,M,0.021,N,0.039,K,D*31
$GNRMC,005204.60,A,6019.17333,N,02449.84900,E,0.007,,070126,,,R,V*02
$GNVTG,,T,,M,0.007,N,0.013,K,D*3D
$GNRMC,005204.80,A,6019.17333,N,02449.84900,E,0.016,,070126,,,R,V*0C
$GNVTG,,T,,M,0.020,N,0.037,K,D*3E
$GNRMC,005205.10,A,6019.17333,N,02449.84900,E,0.017,,070126,,,R,V*05
$GNVTG,,T,,M,0.033,N,0.061,K,D*3F
$GNRMC,005205.40,A,6019.17333,N,02449.84900,E,0.022,,070126,,,R,V*06
$GNVTG,,T,,M,0.022,N,0.040,K,D*3C
$GNVTG,,T,,M,0.014,N,0.025,K,D*3A
$GNRMC,005205.70,A,6019.17333,N,02449.84900,E,0.016,,070126,,,R,V*02
$GNVTG,,T,,M,0.020,N,0.037,K,D*3E
$GNRMC,005206.10,A,6019.17333,N,02449.84900,E,0.017,,070126,,,R,V*06
$GNRMC,005206.40,A,6019.17333,N,02449.84900,E,0.009,,070126,,,R,V*0C
$GNVTG,,T,,M,0.024,N,0.045,K,D*3F
$GNRMC,005206.80,A,6019.17333,N,02449.84900,E,0.008,,070126,,,R,V*01
$GNVTG,,T,,M,0.007,N,0.012,K,D*3C
$GNVTG,,T,,M,0.018,N,0.034,K,D*36
$GNVTG,,T,,M,0.012,N,0.022,K,D*3B
$GNRMC,005207.40,A,6019.17333,N,02449.84900,E,0.012,,070126,,,R,V*07
$GNVTG,,T,,M,0.012,N,0.022,K,D*3B
$GNVTG,,T,,M,0.003,N,0.006,K,D*3D
$GNRMC,005208.00,A,6019.17333,N,02449.84900,E,0.003,,070126,,,R,V*0C
$GNVTG,,T,,M,0.003,N,0.005,K,D*3E
$GNRMC,005208.20,A,6019.17333,N,02449.84900,E,0.029,,070126,,,R,V*06
$GNVTG,,T,,M,0.029,N,0.054,K,D*32
$GNRMC,005208.40,A,6019.17333,N,02449.84900,E,0.026,,070126,,,R,V*0F
$GNRMC,005208.50,A,6019.17333,N,02449.84900,E,0.014,,070126,,,R,V*0F
$GNRMC,005208.70,A,6019.17333,N,02449.84900,E,0.032,,070126,,,R,V*09
$GNVTG,,T,,M,0.032,N,0.059,K,D*35
$GNRMC,005208.90,A,6019.17333,N,02449.84900,E,0.010,,070126,,,R,V*07
$GNRMC,005209.80,A,6019.17333,N,02449.84900,E,0.013,,070126,,,R,V*04
$GNVTG,,T,,M,0.013,N,0.024,K,D*3C
$GNRMC,005210.10,A,6019.17333,N,02449.84900,E,0.023,,070126,,,R,V*06
$GNVTG,,T,,M,0.023,N,0.043,K,D*3E
$GNRMC,005210.30,A,6019.17333,N,02449.84900,E,0.022,,070126,,,R,V*05
$GNVTG,,T,,M,0.022,N,0.041,K,D*3D
$GNRMC,005210.50,A,6019.17333,N,02449.84900,E,0.037,,070126,,,R,V*07
$GNRMC,005210.60,A,6019.17333,N,02449.84900,E,0.005,,070126,,,R,V*05
$GNVTG,,T,,M,0.011,N,0.021,K,D*3B
$GNVTG,,T,,M,0.045,N,0.084,K,D*35
$GNRMC,005211.10,A,6019.17333,N,02449.84900,E,0.022,,070126,,,R,V*06
$GNRMC,005211.20,A,6019.17333,N,02449.84900,E,0.006,,070126,,,R,V*03
$GNRMC,005211.50,A,6019.17333,N,02449.84900,E,0.020,,070126,,,R,V*00
$GNRMC,005211.70,A,6019.17333,N,02449.84900,E,0.016,,070126,,,R,V*07
$GNRMC,005211.90,A,6019.17333,N,02449.84900,E,0.009,,070126,,,R,V*07
$GNRMC,005212.10,A,6019.17333,N,02449.84900,E,0.017,,070126,,,R,V*03
$GNRMC,005212.20,A,6019.17333,N,02449.84900,E,0.007,,070126,,,R,V*01
$GNVTG,,T,,M,0.018,N,0.033,K,D*31
$GNRMC,005212.60,A,6019.17333,N,02449.84900,E,0.053,,070126,,,R,V*04
$GNRMC,005212.80,A,6019.17333,N,02449.84900,E,0.009,,070126,,,R,V*05
$GNRMC,005213.00,A,6019.17333,N,02449.84900,E,0.028,,070126,,,R,V*0F
$GNVTG,,T,,M,0.008,N,0.015,K,D*34
$GNVTG,,T,,M,0.013,N,0.025,K,D*3D
$GNRMC,005213.40,A,6019.17333,N,02449.84900,E,0.015,,070126,,,R,V*05
$GNVTG,,T,,M,0.015,N,0.027,K,D*39
$GNRMC,005214.00,A,6019.17333,N,02449.84900,E,0.034,,070126,,,R,V*05
$GNRMC,005214.20,A,6019.17333,N,02449.84900,E,0.020,,070126,,,R,V*02
$GNRMC,005214.40,A,6019.17333,N,02449.84900,E,0.007,,070126,,,R,V*01
$GNVTG,,T,,M,0.007,N,0.012,K,D*3C
$GNRMC,005214.60,A,6019.17333,N,02449.84900,E,0.016,,070126,,,R,V*03
$GNRMC,005214.80,A,6019.17333,N,02449.84900,E,0.022,,070126,,,R,V*0A
$GNVTG,,T,,M,0.044,N,0.082,K,D*32
$GNRMC,005215.40,A,6019.17333,N,02449.84900,E,0.027,,070126,,,R,V*02
$GNVTG,,T,,M,0.027,N,0.049,K,D*30
$GNRMC,005215.70,A,6019.17333,N,02449.84900,E,0.016,,070126,,,R,V*03
$GNVTG,,T,,M,0.016,N,0.029,K,D*34
$GNRMC,005215.90,A,6019.17333,N,02449.84900,E,0.011,,070126,,,R,V*0A
$GNVTG,,T,,M,0.011,N,0.021,K,D*3B
$GNRMC,005216.10,A,6019.17333,N,02449.84900,E,0.037,,070126,,,R,V*05
$GNVTG,,T,,M,0.037,N,0.069,K,D*33
$GNRMC,005216.40,A,6019.17333,N,02449.84900,E,0.015,,070126,,,R,V*00
$GNTXT,01,01,00,txbuf alloc*61
$GNRMC,005216.60,A,6019.17333,N,02449.84900,E,0.011,,070126,,,R,V*06
$GNVTG,,T,,M,0.011,N,0.019,K,D*30
$GNRMC,005216.80,A,6019.17333,N,02449.84900,E,0.014,,070126,,,R,V*0D
$GNRMC,005217.10,A,6019.17333,N,02449.84900,E,0.022,,070126,,,R,V*00
$GNVTG,,T,,M,0.022,N,0.040,K,D*3C
$GNRMC,005217.60,A,6019.17333,N,02449.84900,E,0.016,,070126,,,R,V*00
$GNVTG,,T,,M,0.016,N,0.030,K,D*3C
$GNRMC,005217.80,A,6019.17333,N,02449.84900,E,0.028,,070126,,,R,V*03
$GNRMC,005217.90,A,6019.17333,N,02449.84900,E,0.009,,070126,,,R,V*01
$GNVTG,,T,,M,0.014,N,0.026,K,D*39
$GNRMC,005218.40,A,6019.17333,N,02449.84900,E,0.009,,070126,,,R,V*03
$GNVTG,,T,,M,0.009,N,0.016,K,D*36
$GNRMC,005218.80,A,6019.17333,N,02449.84900,E,0.021,,070126,,,R,V*05
$GNVTG,,T,,M,0.036,N,0.067,K,D*3C
$GNRMC,005219.20,A,6019.17333,N,02449.84900,E,0.008,,070126,,,R,V*05
$GNRMC,005219.40,A,6019.17333,N,02449.84900,E,0.013,,070126,,,R,V*09
$GNVTG,,T,,M,0.013,N,0.024,K,D*3C
$GNRMC,005219.60,A,6019.17333,N,02449.84900,E,0.014,,070126,,,R,V*0C
$GNVTG,,T,,M,0.014,N,0.026,K,D*39
$GNRMC,005219.80,A,6019.17333,N,02449.84900,E,0.024,,070126,,,R,V*01
$GNVTG,,T,,M,0.024,N,0.044,K,D*3E
$GNVTG,,T,,M,0.042,N,0.078,K,D*31
$GNVTG,,T,,M,0.072,N,0.134,K,D*3B
$GNRMC,005220.30,A,6019.17333,N,02449.84900,E,0.075,,070126,,,R,V*04
$GNVTG,,T,,M,0.075,N,0.139,K,D*31
$GNRMC,005220.60,A,6019.17333,N,02449.84900,E,0.032,,070126,,,R,V*02
$GNRMC,005221.00,A,6019.17333,N,02449.84900,E,0.039,,070126,,,R,V*0E
$GNVTG,,T,,M,0.039,N,0.071,K,D*34
$GNRMC,005221.20,A,6019.17333,N,02449.84900,E,0.016,,070126,,,R,V*01
$GNRMC,005221.40,A,6019.17333,N,02449.84900,E,0.026,,070126,,,R,V*04
$GNRMC,005221.60,A,6019.17333,N,02449.84900,E,0.016,,070126,,,R,V*05
$GNRMC,005221.80,A,6019.17333,N,02449.84900,E,0.007,,070126,,,R,V*0B
$GNVTG,,T,,M,0.007,N,0.013,K,D*3D
$GNRMC,005222.20,A,6019.17333,N,02449.84900,E,0.020,,070126,,,R,V*07
$GNRMC,005222.50,A,6019.17333,N,02449.84900,E,0.002,,070126,,,R,V*00
$GNRMC,005222.80,A,6019.17333,N,02449.84900,E,0.011,,070126,,,R,V*0F
$GNRMC,005222.90,A,6019.17333,N,02449.84900,E,0.018,,070126,,,R,V*07
$GNRMC,005223.10,A,6019.17333,N,02449.84900,E,0.010,,070126,,,R,V*06
$GNRMC,005223.40,A,6019.17333,N,02449.84900,E,0.013,,070126,,,R,V*00
$GNRMC,005223.60,A,6019.17333,N,02449.84900,E,0.018,,070126,,,R,V*09
$GNRMC,005223.90,A,6019.17333,N,02449.84900,E,0.020,,070126,,,R,V*0D
$GNVTG,,T,,M,0.020,N,0.037,K,D*3E
$GNRMC,005224.10,A,6019.17333,N,02449.84900,E,0.010,,070126,,,R,V*01
$GNVTG,,T,,M,0.010,N,0.018,K,D*30
$GNRMC,005224.30,A,6019.17333,N,02449.84900,E,0.005,,070126,,,R,V*07
$GNRMC,005224.50,A,6019.17333,N,02449.84900,E,0.013,,070126,,,R,V*06
$GNRMC,005225.00,A,6019.17333,N,02449.84900,E,0.006,,070126,,,R,V*06
$GNVTG,,T,,M,0.006,N,0.011,K,D*3E
$GNVTG,,T,,M,0.008,N,0.016,K,D*37
$GNRMC,005225.50,A,6019.17333,N,02449.84900,E,0.015,,070126,,,R,V*01
$GNVTG,,T,,M,0.022,N,0.040,K,D*3C
$GNRMC,005226.00,A,6019.17333,N,02449.84900,E,0.014,,070126,,,R,V*06
$GNVTG,,T,,M,0.014,N,0.026,K,D*39
$GNRMC,005226.10,A,6019.17333,N,02449.84901,E,0.021,,070126,,,R,V*00
$GNVTG,,T,,M,0.044,N,0.082,K,D*32
$GNRMC,005226.50,A,6019.17333,N,02449.84901,E,0.018,,070126,,,R,V*0E
$GNVTG,,T,,M,0.018,N,0.033,K,D*31
$GNVTG,,T,,M,0.018,N,0.034,K,D*36
$GNRMC,005227.10,A,6019.17333,N,02449.84901,E,0.013,,070126,,,R,V*00
$GNVTG,,T,,M,0.013,N,0.025,K,D*3D
$GNRMC,005227.40,A,6019.17333,N,02449.84901,E,0.010,,070126,,,R,V*06
$GNRMC,005227.50,A,6019.17333,N,02449.84901,E,0.003,,070126,,,R,V*05
$GNVTG,,T,,M,0.020,N,0.037,K,D*3E
$GNRMC,005227.80,A,6019.17333,N,02449.84901,E,0.014,,070126,,,R,V*0E
$GNVTG,,T,,M,0.023,N,0.043,K,D*3E
$GNRMC,005228.10,A,6019.17333,N,02449.84901,E,0.006,,070126,,,R,V*0B
$GNRMC,005228.30,A,6019.17333,N,02449.84901,E,0.020,,070126,,,R,V*0D
$GNRMC,005228.50,A,6019.17333,N,02449.84901,E,0.024,,070126,,,R,V*0F
$GNVTG,,T,,M,0.024,N,0.044,K,D*3E
$GNVTG,,T,,M,0.005,N,0.010,K,D*3C
$GNRMC,005228.80,A,6019.17333,N,02449.84901,E,0.017,,070126,,,R,V*02
$GNVTG,,T,,M,0.020,N,0.038,K,D*31
$GNVTG,,T,,M,0.017,N,0.032,K,D*3F
$GNRMC,005229.30,A,6019.17333,N,02449.84901,E,0.019,,070126,,,R,V*06
$GNTXT,01,01,00,txbuf alloc*61
$GNRMC,005229.70,A,6019.17333,N,02449.84901,E,0.010,,070126,,,R,V*0B
$GNVTG,,T,,M,0.013,N,0.024,K,D*3C
$GNVTG,,T,,M,0.052,N,0.096,K,D*30
$GNVTG,,T,,M,0.021,N,0.039,K,D*31
$GNRMC,005230.30,A,6019.17333,N,02449.84901,E,0.012,,070126,,,R,V*05
$GNGGA,005230.40,6019.17333,N,02449.84901,E,4,12,0.57,95.2,M,17.8,M,0.4,4095*50
$GNVTG,,T,,M,0.016,N,0.030,K,D*3C
$GNVTG,,T,,M,0.038,N,0.071,K,D*35
$GNRMC,005230.90,A,6019.17333,N,02449.84901,E,0.019,,070126,,,R,V*04
$GNVTG,,T,,M,0.019,N,0.034,K,D*37
$GNRMC,005231.20,A,6019.17333,N,02449.84901,E,0.027,,070126,,,R,V*03
$GNRMC,005231.40,A,6019.17333,N,02449.84901,E,0.043,,070126,,,R,V*07
$GNVTG,,T,,M,0.043,N,0.080,K,D*37
$GNRMC,005231.60,A,6019.17333,N,02449.84901,E,0.009,,070126,,,R,V*0B
$GNRMC,005231.80,A,6019.17333,N,02449.84901,E,0.020,,070126,,,R,V*0E
$GNRMC,005231.90,A,6019.17333,N,02449.84901,E,0.042,,070126,,,R,V*0B
$GNVTG,,T,,M,0.015,N,0.027,K,D*39
$GNVTG,,T,,M,0.017,N,0.032,K,D*3F
$GNRMC,005232.20,A,6019.17333,N,02449.84901,E,0.014,,070126,,,R,V*00
$GNRMC,005232.40,A,6019.17333,N,02449.84901,E,0.030,,070126,,,R,V*00
$GNRMC,005232.60,A,6019.17333,N,02449.84901,E,0.011,,070126,,,R,V*01
$GNRMC,005232.80,A,6019.17333,N,02449.84901,E,0.013,,070126,,,R,V*0D
$GNVTG,,T,,M,0.013,N,0.024,K,D*3C
$GNRMC,005233.00,A,6019.17333,N,02449.84901,E,0.043,,070126,,,R,V*01
$GNVTG,,T,,M,0.043,N,0.080,K,D*37
$GNRMC,005233.20,A,6019.17333,N,02449.84901,E,0.011,,070126,,,R,V*04
$GNVTG,,T,,M,0.011,N,0.020,K,D*3A
$GNRMC,005233.40,A,6019.17333,N,02449.84901,E,0.022,,070126,,,R,V*02
$GNRMC,005233.70,A,6019.17333,N,02449.84901,E,0.007,,070126,,,R,V*06
$GNVTG,,T,,M,0.018,N,0.033,K,D*31
$GNRMC,005234.10,A,6019.17333,N,02449.84901,E,0.009,,070126,,,R,V*09
$GNVTG,,T,,M,0.009,N,0.016,K,D*36
$GNRMC,005234.30,A,6019.17333,N,02449.84901,E,0.004,,070126,,,R,V*06
$GNVTG,,T,,M,0.004,N,0.008,K,D*34
$GNRMC,005234.50,A,6019.17333,N,02449.84901,E,0.006,,070126,,,R,V*02
$GNVTG,,T,,M,0.006,N,0.012,K,D*3D
$GNRMC,005234.70,A,6019.17333,N,02449.84901,E,0.058,,070126,,,R,V*0B
$GNRMC,005234.80,A,6019.17333,N,02449.84901,E,0.052,,070126,,,R,V*0E
$GNVTG,,T,,M,0.052,N,0.097,K,D*31
$GNRMC,005235.10,A,6019.17333,N,02449.84901,E,0.010,,070126,,,R,V*00
$GNVTG,,T,,M,0.007,N,0.014,K,D*3A
$GNVTG,,T,,M,0.025,N,0.047,K,D*3C
$GNVTG,,T,,M,0.016,N,0.029,K,D*34
$GNRMC,005236.00,A,6019.17333,N,02449.84901,E,0.004,,070126,,,R,V*07
$GNRMC,005236.20,A,6019.17333,N,02449.84901,E,0.015,,070126,,,R,V*05
$GNVTG,,T,,M,0.007,N,0.014,K,D*3A
$GNRMC,005236.50,A,6019.17333,N,02449.84901,E,0.005,,070126,,,R,V*03
$GNRMC,005236.60,A,6019.17333,N,02449.84901,E,0.020,,070126,,,R,V*07
$GNRMC,005236.70,A,6019.17333,N,02449.84901,E,0.044,,070126,,,R,V*04
$GNVTG,,T,,M,0.026,N,0.047,K,D*3F
$GAGSV,2,1,07,03,47,069,48,05,00,052,37,07,20,220,44,08,67,183,45,7*75
$GNVTG,,T,,M,0.005,N,0.010,K,D*3C
$GNRMC,005237.40,A,6019.17333,N,02449.84901,E,0.018,,070126,,,R,V*0F
$GNRMC,005237.70,A,6019.17333,N,02449.84901,E,0.020,,070126,,,R,V*07
$GNRMC,005237.90,A,6019.17333,N,02449.84901,E,0.038,,070126,,,R,V*00
$GNRMC,005238.10,A,6019.17333,N,02449.84901,E,0.004,,070126,,,R,V*08
$GNVTG,,T,,M,0.017,N,0.032,K,D*3F
$GNRMC,005238.40,A,6019.17333,N,02449.84901,E,0.019,,070126,,,R,V*01
$GNRMC,005238.60,A,6019.17333,N,02449.84901,E,0.019,,070126,,,R,V*03
$GNVTG,,T,,M,0.006,N,0.011,K,D*3E
$GNVTG,,T,,M,0.012,N,0.022,K,D*3B
$GNRMC,005239.00,A,6019.17333,N,02449.84901,E,0.016,,070126,,,R,V*0B
$GNRMC,005239.20,A,6019.17333,N,02449.84901,E,0.032,,070126,,,R,V*0F
$GNVTG,,T,,M,0.020,N,0.036,K,D*3F
$GNRMC,005239.60,A,6019.17333,N,02449.84901,E,0.022,,070126,,,R,V*0A
$GNRMC,005239.80,A,6019.17333,N,02449.84901,E,0.030,,070126,,,R,V*07
$GNRMC,005240.00,A,6019.17333,N,02449.84901,E,0.016,,070126,,,R,V*05
$GNVTG,,T,,M,0.016,N,0.030,K,D*3C
$GNRMC,005240.40,A,6019.17333,N,02449.84901,E,0.023,,070126,,,R,V*07
$GNVTG,,T,,M,0.005,N,0.009,K,D*34
$GNRMC,005241.10,A,6019.17333,N,02449.84901,E,0.006,,070126,,,R,V*04
$GNVTG,,T,,M,0.034,N,0.063,K,D*3A
$GNRMC,005241.50,A,6019.17333,N,02449.84900,E,0.012,,070126,,,R,V*04
$GNVTG,,T,,M,0.012,N,0.023,K,D*3A
$GNRMC,005241.70,A,6019.17333,N,02449.84901,E,0.011,,070126,,,R,V*04
$GNRMC,005241.90,A,6019.17333,N,02449.84901,E,0.018,,070126,,,R,V*03
$GNRMC,005242.30,A,6019.17333,N,02449.84901,E,0.007,,070126,,,R,V*04
$GNVTG,,T,,M,0.007,N,0.014,K,D*3A
$GNRMC,005242.50,A,6019.17333,N,02449.84901,E,0.021,,070126,,,R,V*06
$GNRMC,005242.90,A,6019.17333,N,02449.84901,E,0.008,,070126,,,R,V*01
$GNRMC,005243.10,A,6019.17333,N,02449.84901,E,0.024,,070126,,,R,V*06
$GNRMC,005243.50,A,6019.17333,N,02449.84901,E,0.032,,070126,,,R,V*05
$GNVTG,,T,,M,0.007,N,0.013,K,D*3D
$GNVTG,,T,,M,0.026,N,0.048,K,D*30
$GNRMC,005244.00,A,6019.17333,N,02449.84901,E,0.012,,070126,,,R,V*05
$GNVTG,,T,,M,0.023,N,0.043,K,D*3E
$GNVTG,,T,,M,0.009,N,0.017,K,D*37
$GNRMC,005244.40,A,6019.17333,N,02449.84901,E,0.029,,070126,,,R,V*09
$GNVTG,,T,,M,0.029,N,0.053,K,D*35
$GNRMC,005244.80,A,6019.17333,N,02449.84901,E,0.009,,070126,,,R,V*07
$GNVTG,,T,,M,0.013,N,0.025,K,D*3D
$GNRMC,005245.20,A,6019.17332,N,02449.84901,E,0.004,,070126,,,R,V*00
$GNVTG,,T,,M,0.017,N,0.032,K,D*3F
$GNRMC,005245.50,A,6019.17332,N,02449.84901,E,0.013,,070126,,,R,V*01
$GNRMC,005245.70,A,6019.17332,N,02449.84901,E,0.021,,070126,,,R,V*02
$GNRMC,005246.00,A,6019.17332,N,02449.84901,E,0.016,,070126,,,R,V*02
$GNVTG,,T,,M,0.016,N,0.029,K,D*34
$GNRMC,005246.30,A,6019.17332,N,02449.84901,E,0.003,,070126,,,R,V*05
$GNRMC,005246.70,A,6019.17332,N,02449.84901,E,0.006,,070126,,,R,V*04
$GNRMC,005246.90,A,6019.17332,N,02449.84901,E,0.014,,070126,,,R,V*09
$GNVTG,,T,,M,0.014,N,0.025,K,D*3A
$GNRMC,005247.20,A,6019.17332,N,02449.84901,E,0.015,,070126,,,R,V*02
$GNVTG,,T,,M,0.015,N,0.028,K,D*36
$GNRMC,005247.40,A,6019.17332,N,02449.84901,E,0.059,,070126,,,R,V*0C
$GNVTG,,T,,M,0.059,N,0.110,K,D*34
$GNVTG,,T,,M,0.016,N,0.029,K,D*34
$GNRMC,005247.70,A,6019.17332,N,02449.84901,E,0.024,,070126,,,R,V*05
$GNVTG,,T,,M,0.009,N,0.017,K,D*37
$GNRMC,005248.00,A,6019.17332,N,02449.84901,E,0.027,,070126,,,R,V*0E
$GNRMC,005248.10,A,6019.17332,N,02449.84901,E,0.009,,070126,,,R,V*03
$GNRMC,005248.40,A,6019.17332,N,02449.84901,E,0.026,,070126,,,R,V*0B
$GNRMC,005248.60,A,6019.17332,N,02449.84901,E,0.037,,070126,,,R,V*09
$GNVTG,,T,,M,0.037,N,0.069,K,D*33
$GNRMC,005248.80,A,6019.17332,N,02449.84901,E,0.016,,070126,,,R,V*04
$GNVTG,,T,,M,0.017,N,0.031,K,D*3C
$GLGSV,3,3,11,73,06,348,32,74,28,029,49,75,24,087,33,81,55,234,41,1*79
$GNRMC,005249.20,A,6019.17332,N,02449.84901,E,0.019,,070126,,,R,V*00
$GNRMC,005249.50,A,6019.17332,N,02449.84901,E,0.011,,070126,,,R,V*0F
$GNRMC,005249.70,A,6019.17332,N,02449.84901,E,0.035,,070126,,,R,V*0B
$GNRMC,005250.00,A,6019.17332,N,02449.84901,E,0.027,,070126,,,R,V*07
$GNRMC,005250.30,A,6019.17332,N,02449.84901,E,0.024,,070126,,,R,V*07
$GNVTG,,T,,M,0.024,N,0.045,K,D*3F
$GNRMC,005250.50,A,6019.17332,N,02449.84901,E,0.010,,070126,,,R,V*06
$GNVTG,,T,,M,0.010,N,0.018,K,D*30
$GNVTG,,T,,M,0.024,N,0.044,K,D*3E
$GNRMC,005250.80,A,6019.17332,N,02449.84901,E,0.059,,070126,,,R,V*06
$GBGSV,3,1,09,02,09,116,,05,19,141,,06,42,078,,09,42,099,,0*78
$GNRMC,005251.20,A,6019.17332,N,02449.84901,E,0.022,,070126,,,R,V*01
$GNRMC,005251.40,A,6019.17332,N,02449.84901,E,0.015,,070126,,,R,V*03
$GNVTG,,T,,M,0.015,N,0.028,K,D*36
$GNRMC,005251.60,A,6019.17332,N,02449.84901,E,0.015,,070126,,,R,V*01
$GNVTG,,T,,M,0.015,N,0.028,K,D*36
$GNRMC,005251.80,A,6019.17332,N,02449.84901,E,0.022,,070126,,,R,V*0B
$GNRMC,005251.90,A,6019.17332,N,02449.84901,E,0.009,,070126,,,R,V*03
$GNVTG,,T,,M,0.009,N,0.017,K,D*37
$GNRMC,005252.10,A,6019.17332,N,02449.84901,E,0.009,,070126,,,R,V*08
$GNRMC,005252.30,A,6019.17332,N,02449.84901,E,0.024,,070126,,,R,V*05
$GNRMC,005252.50,A,6019.17332,N,02449.84901,E,0.015,,070126,,,R,V*01
$GNRMC,005252.70,A,6019.17332,N,02449.84901,E,0.010,,070126,,,R,V*06
$GNVTG,,T,,M,0.010,N,0.019,K,D*31
$GNRMC,005252.90,A,6019.17332,N,02449.84901,E,0.012,,070126,,,R,V*0A
$GNRMC,005253.00,A,6019.17332,N,02449.84901,E,0.009,,070126,,,R,V*08
$GNRMC,005253.10,A,6019.17332,N,02449.84901,E,0.016,,070126,,,R,V*07
$GNVTG,,T,,M,0.008,N,0.015,K,D*34
$GNVTG,,T,,M,0.012,N,0.023,K,D*3A
$GNRMC,005253.40,A,6019.17332,N,02449.84901,E,0.035,,070126,,,R,V*03
$GNTXT,01,01,00,txbuf alloc*61
$GNRMC,005253.60,A,6019.17332,N,02449.84901,E,0.013,,070126,,,R,V*05
$GNRMC,005253.80,A,6019.17332,N,02449.84901,E,0.016,,070126,,,R,V*0E
$GNVTG,,T,,M,0.016,N,0.029,K,D*34
$GNRMC,005254.00,A,6019.17332,N,02449.84901,E,0.013,,070126,,,R,V*04
$GNRMC,005254.20,A,6019.17332,N,02449.84901,E,0.017,,070126,,,R,V*02
$GNRMC,005254.50,A,6019.17333,N,02449.84901,E,0.018,,070126,,,R,V*0B
$GNVTG,,T,,M,0.018,N,0.033,K,D*31
$GNRMC,005254.80,A,6019.17333,N,02449.84901,E,0.013,,070126,,,R,V*0D
$GNVTG,,T,,M,0.013,N,0.023,K,D*3B
$GNRMC,005255.00,A,6019.17333,N,02449.84901,E,0.008,,070126,,,R,V*0E
$GNRMC,005255.40,A,6019.17332,N,02449.84901,E,0.020,,070126,,,R,V*01
$GNRMC,005255.50,A,6019.17333,N,02449.84901,E,0.002,,070126,,,R,V*01
$GNVTG,,T,,M,0.002,N,0.004,K,D*3E
$GNRMC,005255.70,A,6019.17332,N,02449.84901,E,0.019,,070126,,,R,V*08
$GNVTG,,T,,M,0.019,N,0.036,K,D*35
$GNRMC,005255.90,A,6019.17332,N,02449.84901,E,0.007,,070126,,,R,V*09
$GNVTG,,T,,M,0.011,N,0.021,K,D*3B
$GNVTG,,T,,M,0.025,N,0.046,K,D*3D
$GNRMC,005256.30,A,6019.17332,N,02449.84901,E,0.012,,070126,,,R,V*04
$GNRMC,005256.50,A,6019.17332,N,02449.84901,E,0.020,,070126,,,R,V*03
$GNVTG,,T,,M,0.020,N,0.036,K,D*3F
$GNRMC,005256.90,A,6019.17332,N,02449.84901,E,0.009,,070126,,,R,V*04
$GNVTG,,T,,M,0.009,N,0.018,K,D*38
$GNRMC,005257.30,A,6019.17332,N,02449.84901,E,0.001,,070126,,,R,V*07
$GNVTG,,T,,M,0.001,N,0.002,K,D*3B
$GNRMC,005257.50,A,6019.17332,N,02449.84901,E,0.004,,070126,,,R,V*04
$GNRMC,005257.70,A,6019.17332,N,02449.84901,E,0.034,,070126,,,R,V*05
$GNVTG,,T,,M,0.034,N,0.062,K,D*3B
$GNVTG,,T,,M,0.008,N,0.015,K,D*34
$GNVTG,,T,,M,0.022,N,0.040,K,D*3C
$GNRMC,005258.20,A,6019.17332,N,02449.84901,E,0.007,,070126,,,R,V*0F
$GNVTG,,T,,M,0.007,N,0.013,K,D*3D
$GNRMC,005258.60,A,6019.17332,N,02449.84901,E,0.039,,070126,,,R,V*06
$GNRMC,005258.80,A,6019.17332,N,02449.84901,E,0.020,,070126,,,R,V*00
$GNVTG,,T,,M,0.009,N,0.016,K,D*36
$GNRMC,005259.30,A,6019.17332,N,02449.84901,E,0.044,,070126,,,R,V*08
$GNVTG,,T,,M,0.016,N,0.029,K,D*34
$GNRMC,005259.70,A,6019.17332,N,02449.84901,E,0.015,,070126,,,R,V*08
$GNRMC,005259.80,A,6019.17332,N,02449.84901,E,0.006,,070126,,,R,V*05
$GNRMC,005259.90,A,6019.17332,N,02449.84901,E,0.026,,070126,,,R,V*06
$GNVTG,,T,,M,0.017,N,0.032,K,D*3F
$GNRMC,005300.10,A,6019.17332,N,02449.84901,E,0.016,,070126,,,R,V*00
$GNRMC,005300.30,A,6019.17332,N,02449.84901,E,0.016,,070126,,,R,V*02
$GNRMC,005300.50,A,6019.17332,N,02449.84901,E,0.012,,070126,,,R,V*00
$GNVTG,,T,,M,0.012,N,0.022,K,D*3B
$GNRMC,005300.80,A,6019.17332,N,02449.84902,E,0.008,,070126,,,R,V*05
$GNVTG,,T,,M,0.008,N,0.014,K,D*35
$GNRMC,005301.00,A,6019.17332,N,02449.84902,E,0.038,,070126,,,R,V*0F
$GNRMC,005301.10,A,6019.17332,N,02449.84902,E,0.012,,070126,,,R,V*06
$GNRMC,005301.30,A,6019.17332,N,02449.84902,E,0.006,,070126,,,R,V*01
$GNRMC,005301.50,A,6019.17333,N,02449.84901,E,0.008,,070126,,,R,V*0B
$GNRMC,005301.80,A,6019.17333,N,02449.84902,E,0.014,,070126,,,R,V*08
$GNVTG,,T,,M,0.014,N,0.026,K,D*39
$GNVTG,,T,,M,0.020,N,0.038,K,D*31
$GNRMC,005302.10,A,6019.17332,N,02449.84902,E,0.008,,070126,,,R,V*0E
$GNRMC,005302.30,A,6019.17333,N,02449.84901,E,0.001,,070126,,,R,V*07
$GNVTG,,T,,M,0.001,N,0.002,K,D*3B
$GNRMC,005302.50,A,6019.17332,N,02449.84902,E,0.019,,070126,,,R,V*0A
$GNVTG,,T,,M,0.019,N,0.035,K,D*36
$GNRMC,005302.90,A,6019.17333,N,02449.84902,E,0.007,,070126,,,R,V*08
$GNRMC,005303.10,A,6019.17333,N,02449.84902,E,0.020,,070126,,,R,V*04
$GNVTG,,T,,M,0.020,N,0.036,K,D*3F
$GNRMC,005303.30,A,6019.17333,N,02449.84902,E,0.014,,070126,,,R,V*01
$GNRMC,005303.50,A,6019.17333,N,02449.84902,E,0.007,,070126,,,R,V*05
$GNRMC,005304.00,A,6019.17333,N,02449.84902,E,0.015,,070126,,,R,V*04
$GNVTG,,T,,M,0.015,N,0.027,K,D*39
$GNRMC,005304.20,A,6019.17333,N,02449.84902,E,0.021,,070126,,,R,V*01
$GNRMC,005304.60,A,6019.17333,N,02449.84902,E,0.018,,070126,,,R,V*0F
$GNRMC,005304.80,A,6019.17333,N,02449.84902,E,0.025,,070126,,,R,V*0F
$GNRMC,005304.90,A,6019.17333,N,02449.84902,E,0.023,,070126,,,R,V*08
$GNVTG,,T,,M,0.023,N,0.042,K,D*3F
$GNRMC,005305.10,A,6019.17333,N,02449.84902,E,0.001,,070126,,,R,V*01
$GNVTG,,T,,M,0.001,N,0.003,K,D*3A
$GNRMC,005305.30,A,6019.17333,N,02449.84902,E,0.018,,070126,,,R,V*0B
$GNRMC,005305.50,A,6019.17333,N,02449.84902,E,0.044,,070126,,,R,V*04
$GNVTG,,T,,M,0.044,N,0.081,K,D*31
$GNRMC,005305.70,A,6019.17333,N,02449.84902,E,0.004,,070126,,,R,V*02
$GNVTG,,T,,M,0.004,N,0.007,K,D*3B
$GNRMC,005305.90,A,6019.17333,N,02449.84901,E,0.025,,070126,,,R,V*0C
$GNRMC,005306.10,A,6019.17333,N,02449.84901,E,0.007,,070126,,,R,V*07
$GNRMC,005306.30,A,6019.17333,N,02449.84902,E,0.008,,070126,,,R,V*09
$GNVTG,,T,,M,0.008,N,0.015,K,D*34
$GNRMC,005306.40,A,6019.17333,N,02449.84902,E,0.012,,070126,,,R,V*05
$GNRMC,005306.80,A,6019.17333,N,02449.84902,E,0.013,,070126,,,R,V*08
$GNVTG,,T,,M,0.013,N,0.024,K,D*3C
$GNVTG,,T,,M,0.022,N,0.041,K,D*3D
$GNRMC,005307.70,A,6019.17333,N,02449.84902,E,0.022,,070126,,,R,V*04
$GNRMC,005308.00,A,6019.17333,N,02449.84902,E,0.002,,070126,,,R,V*0E
$GNVTG,,T,,M,0.012,N,0.023,K,D*3A
$GNVTG,,T,,M,0.021,N,0.038,K,D*30
$GNVTG,,T,,M,0.020,N,0.038,K,D*31
$GNVTG,,T,,M,0.022,N,0.041,K,D*3D
$GNRMC,005309.30,A,6019.17333,N,02449.84902,E,0.019,,070126,,,R,V*06
$GNVTG,,T,,M,0.019,N,0.035,K,D*36
$GNVTG,,T,,M,0.022,N,0.040,K,D*3C
$GNRMC,005309.50,A,6019.17333,N,02449.84902,E,0.020,,070126,,,R,V*0A
$GNRMC,005309.70,A,6019.17333,N,02449.84902,E,0.016,,070126,,,R,V*0D
$GNRMC,005310.10,A,6019.17333,N,02449.84902,E,0.009,,070126,,,R,V*0D
$GNVTG,,T,,M,0.025,N,0.047,K,D*3C
$GNVTG,,T,,M,0.016,N,0.029,K,D*34
$GNVTG,,T,,M,0.031,N,0.058,K,D*37
$GNVTG,,T,,M,0.014,N,0.026,K,D*39
$GNRMC,005310.90,A,6019.17333,N,02449.84902,E,0.018,,070126,,,R,V*05
$GNVTG,,T,,M,0.018,N,0.033,K,D*31
$GNVTG,,T,,M,0.022,N,0.041,K,D*3D
$GNVTG,,T,,M,0.001,N,0.002,K,D*3B
$GNRMC,005311.60,A,6019.17333,N,02449.84902,E,0.022,,070126,,,R,V*02
$GNRMC,005311.80,A,6019.17333,N,02449.84902,E,0.011,,070126,,,R,V*0C
$GNVTG,,T,,M,0.011,N,0.020,K,D*3A
$GNRMC,005312.00,A,6019.17333,N,02449.84902,E,0.023,,070126,,,R,V*06
$GNVTG,,T,,M,0.023,N,0.042,K,D*3F
$GNRMC,005312.20,A,6019.17333,N,02449.84902,E,0.018,,070126,,,R,V*0C
$GNRMC,005312.40,A,6019.17333,N,02449.84902,E,0.035,,070126,,,R,V*05
$GNVTG,,T,,M,0.025,N,0.046,K,D*3D
$GNRMC,005313.00,A,6019.17333,N,02449.84902,E,0.034,,070126,,,R,V*01
$GNVTG,,T,,M,0.034,N,0.063,K,D*3A
$GNRMC,005313.60,A,6019.17332,N,02449.84901,E,0.013,,070126,,,R,V*00
$GNVTG,,T,,M,0.013,N,0.023,K,D*3B
$GNRMC,005314.00,A,6019.17332,N,02449.84901,E,0.030,,070126,,,R,V*00
$GNVTG,,T,,M,0.030,N,0.055,K,D*3B
$GNRMC,005314.50,A,6019.17332,N,02449.84901,E,0.025,,070126,,,R,V*01
$GNRMC,005314.80,A,6019.17332,N,02449.84901,E,0.038,,070126,,,R,V*00
$GNRMC,005315.20,A,6019.17332,N,02449.84901,E,0.014,,070126,,,R,V*05
$GNVTG,,T,,M,0.014,N,0.026,K,D*39
$GNRMC,005315.40,A,6019.17332,N,02449.84901,E,0.013,,070126,,,R,V*04
$GNVTG,,T,,M,0.013,N,0.024,K,D*3C
$GNVTG,,T,,M,0.002,N,0.004,K,D*3E
$GNRMC,005315.70,A,6019.17332,N,02449.84901,E,0.024,,070126,,,R,V*03
$GNRMC,005316.20,A,6019.17332,N,02449.84901,E,0.008,,070126,,,R,V*0B
$GNVTG,,T,,M,0.010,N,0.018,K,D*30
$GNRMC,005316.50,A,6019.17332,N,02449.84901,E,0.016,,070126,,,R,V*03
$GNVTG,,T,,M,0.016,N,0.030,K,D*3C
$GNRMC,005316.70,A,6019.17332,N,02449.84901,E,0.031,,070126,,,R,V*04
$GNRMC,005316.90,A,6019.17332,N,02449.84901,E,0.028,,070126,,,R,V*02
$GNVTG,,T,,M,0.028,N,0.053,K,D*34
$GNRMC,005317.10,A,6019.17332,N,02449.84901,E,0.009,,070126,,,R,V*08
$GNVTG,,T,,M,0.029,N,0.054,K,D*32
$GNVTG,,T,,M,0.027,N,0.049,K,D*30
$GNRMC,005317.50,A,6019.17332,N,02449.84901,E,0.013,,070126,,,R,V*07
$GNVTG,,T,,M,0.013,N,0.024,K,D*3C
$GNRMC,005317.80,A,6019.17332,N,02449.84901,E,0.015,,070126,,,R,V*0C
$GNRMC,005318.00,A,6019.17332,N,02449.84901,E,0.010,,070126,,,R,V*0E
$GNVTG,,T,,M,0.012,N,0.022,K,D*3B
$GNVTG,,T,,M,0.033,N,0.061,K,D*3F
$GNRMC,005318.40,A,6019.17332,N,02449.84901,E,0.008,,070126,,,R,V*03
$GNVTG,,T,,M,0.013,N,0.024,K,D*3C
$GNRMC,005318.80,A,6019.17332,N,02449.84901,E,0.028,,070126,,,R,V*0D
$GNVTG,,T,,M,0.004,N,0.007,K,D*3B
$GNRMC,005319.10,A,6019.17333,N,02449.84901,E,0.049,,070126,,,R,V*03
$GNVTG,,T,,M,0.011,N,0.021,K,D*3B
$GNRMC,005319.50,A,6019.17332,N,02449.84901,E,0.019,,070126,,,R,V*03
$GNVTG,,T,,M,0.031,N,0.056,K,D*39
$GNRMC,005319.80,A,6019.17332,N,02449.84901,E,0.026,,070126,,,R,V*02
$GNRMC,005320.20,A,6019.17332,N,02449.84901,E,0.011,,070126,,,R,V*06
$GNVTG,,T,,M,0.011,N,0.021,K,D*3B
$GNVTG,,T,,M,0.026,N,0.047,K,D*3F
$GNTXT,01,01,00,txbuf alloc*61
$GNRMC,005320.60,A,6019.17332,N,02449.84901,E,0.037,,070126,,,R,V*06
$GNRMC,005320.70,A,6019.17332,N,02449.84901,E,0.025,,070126,,,R,V*04
$GNVTG,,T,,M,0.025,N,0.046,K,D*3D
$GNRMC,005320.90,A,6019.17333,N,02449.84901,E,0.009,,070126,,,R,V*05
$GNRMC,005321.10,A,6019.17332,N,02449.84901,E,0.005,,070126,,,R,V*01
$GNRMC,005321.30,A,6019.17333,N,02449.84901,E,0.010,,070126,,,R,V*06
$GNVTG,,T,,M,0.010,N,0.019,K,D*31
$GNVTG,,T,,M,0.008,N,0.016,K,D*37
$GNTXT,01,01,00,txbuf alloc*61
$GNRMC,005321.60,A,6019.17333,N,02449.84901,E,0.018,,070126,,,R,V*0B
$GNVTG,,T,,M,0.018,N,0.033,K,D*31
$GNRMC,005322.00,A,6019.17332,N,02449.84901,E,0.003,,070126,,,R,V*05
$GNVTG,,T,,M,0.005,N,0.009,K,D*34
$GNTXT,01,01,00,txbuf alloc*61
$GNRMC,005322.60,A,6019.17332,N,02449.84901,E,0.025,,070126,,,R,V*07
$GNVTG,,T,,M,0.025,N,0.046,K,D*3D
$GNRMC,005322.90,A,6019.17332,N,02449.84901,E,0.005,,070126,,,R,V*0A
$GNRMC,005323.00,A,6019.17332,N,02449.84901,E,0.007,,070126,,,R,V*00
$GNVTG,,T,,M,0.007,N,0.014,K,D*3A
$GNRMC,005323.30,A,6019.17332,N,02449.84901,E,0.028,,070126,,,R,V*0E
$GNRMC,005323.40,A,6019.17332,N,02449.84901,E,0.004,,070126,,,R,V*07
$GNVTG,,T,,M,0.009,N,0.017,K,D*37
